[2023-03-27T19:36:02.625+0000] {processor.py:153} INFO - Started process (PID=1353) to work on /opt/airflow/dags/my_second_dag.py
[2023-03-27T19:36:02.627+0000] {processor.py:743} INFO - Processing file /opt/airflow/dags/my_second_dag.py for tasks to queue
[2023-03-27T19:36:02.630+0000] {logging_mixin.py:137} INFO - [2023-03-27T19:36:02.629+0000] {dagbag.py:532} INFO - Filling up the DagBag from /opt/airflow/dags/my_second_dag.py
[2023-03-27T19:36:02.807+0000] {processor.py:753} INFO - DAG(s) dict_keys(['my_second']) retrieved from /opt/airflow/dags/my_second_dag.py
[2023-03-27T19:36:03.019+0000] {logging_mixin.py:137} INFO - [2023-03-27T19:36:03.018+0000] {manager.py:504} INFO - Created Permission View: can read on DAG:my_second
[2023-03-27T19:36:03.042+0000] {logging_mixin.py:137} INFO - [2023-03-27T19:36:03.042+0000] {manager.py:504} INFO - Created Permission View: can delete on DAG:my_second
[2023-03-27T19:36:03.055+0000] {logging_mixin.py:137} INFO - [2023-03-27T19:36:03.055+0000] {manager.py:504} INFO - Created Permission View: can edit on DAG:my_second
[2023-03-27T19:36:03.056+0000] {logging_mixin.py:137} INFO - [2023-03-27T19:36:03.056+0000] {dag.py:2693} INFO - Sync 1 DAGs
[2023-03-27T19:36:03.074+0000] {logging_mixin.py:137} INFO - [2023-03-27T19:36:03.074+0000] {dag.py:2714} INFO - Creating ORM DAG for my_second
[2023-03-27T19:36:03.091+0000] {logging_mixin.py:137} INFO - [2023-03-27T19:36:03.090+0000] {dag.py:3444} INFO - Setting next_dagrun for my_second to None, run_after=None
[2023-03-27T19:36:03.117+0000] {processor.py:175} INFO - Processing /opt/airflow/dags/my_second_dag.py took 0.500 seconds
[2023-03-27T19:36:26.978+0000] {processor.py:153} INFO - Started process (PID=1320) to work on /opt/airflow/dags/my_second_dag.py
[2023-03-27T19:36:26.981+0000] {processor.py:743} INFO - Processing file /opt/airflow/dags/my_second_dag.py for tasks to queue
[2023-03-27T19:36:26.987+0000] {logging_mixin.py:137} INFO - [2023-03-27T19:36:26.987+0000] {dagbag.py:532} INFO - Filling up the DagBag from /opt/airflow/dags/my_second_dag.py
[2023-03-27T19:36:27.281+0000] {processor.py:753} INFO - DAG(s) dict_keys(['my_second']) retrieved from /opt/airflow/dags/my_second_dag.py
[2023-03-27T19:36:27.759+0000] {logging_mixin.py:137} INFO - [2023-03-27T19:36:27.758+0000] {manager.py:504} INFO - Created Permission View: can delete on DAG:my_second
[2023-03-27T19:36:27.777+0000] {logging_mixin.py:137} INFO - [2023-03-27T19:36:27.777+0000] {manager.py:504} INFO - Created Permission View: can edit on DAG:my_second
[2023-03-27T19:36:27.791+0000] {logging_mixin.py:137} INFO - [2023-03-27T19:36:27.790+0000] {manager.py:504} INFO - Created Permission View: can read on DAG:my_second
[2023-03-27T19:36:27.791+0000] {logging_mixin.py:137} INFO - [2023-03-27T19:36:27.791+0000] {dag.py:2693} INFO - Sync 1 DAGs
[2023-03-27T19:36:27.816+0000] {logging_mixin.py:137} INFO - [2023-03-27T19:36:27.815+0000] {dag.py:2714} INFO - Creating ORM DAG for my_second
[2023-03-27T19:36:27.830+0000] {logging_mixin.py:137} INFO - [2023-03-27T19:36:27.830+0000] {dag.py:3444} INFO - Setting next_dagrun for my_second to None, run_after=None
[2023-03-27T19:36:27.865+0000] {processor.py:175} INFO - Processing /opt/airflow/dags/my_second_dag.py took 0.906 seconds
[2023-03-27T19:36:33.341+0000] {processor.py:153} INFO - Started process (PID=1375) to work on /opt/airflow/dags/my_second_dag.py
[2023-03-27T19:36:33.342+0000] {processor.py:743} INFO - Processing file /opt/airflow/dags/my_second_dag.py for tasks to queue
[2023-03-27T19:36:33.344+0000] {logging_mixin.py:137} INFO - [2023-03-27T19:36:33.343+0000] {dagbag.py:532} INFO - Filling up the DagBag from /opt/airflow/dags/my_second_dag.py
[2023-03-27T19:36:33.386+0000] {processor.py:753} INFO - DAG(s) dict_keys(['my_second']) retrieved from /opt/airflow/dags/my_second_dag.py
[2023-03-27T19:36:33.430+0000] {logging_mixin.py:137} INFO - [2023-03-27T19:36:33.430+0000] {dag.py:2693} INFO - Sync 1 DAGs
[2023-03-27T19:36:33.482+0000] {logging_mixin.py:137} INFO - [2023-03-27T19:36:33.482+0000] {dag.py:3444} INFO - Setting next_dagrun for my_second to None, run_after=None
[2023-03-27T19:36:33.515+0000] {processor.py:175} INFO - Processing /opt/airflow/dags/my_second_dag.py took 0.180 seconds
[2023-03-27T19:36:58.624+0000] {processor.py:153} INFO - Started process (PID=1337) to work on /opt/airflow/dags/my_second_dag.py
[2023-03-27T19:36:58.629+0000] {processor.py:743} INFO - Processing file /opt/airflow/dags/my_second_dag.py for tasks to queue
[2023-03-27T19:36:58.634+0000] {logging_mixin.py:137} INFO - [2023-03-27T19:36:58.634+0000] {dagbag.py:532} INFO - Filling up the DagBag from /opt/airflow/dags/my_second_dag.py
[2023-03-27T19:36:58.895+0000] {processor.py:753} INFO - DAG(s) dict_keys(['my_second']) retrieved from /opt/airflow/dags/my_second_dag.py
[2023-03-27T19:36:58.993+0000] {logging_mixin.py:137} INFO - [2023-03-27T19:36:58.992+0000] {dag.py:2693} INFO - Sync 1 DAGs
[2023-03-27T19:36:59.150+0000] {logging_mixin.py:137} INFO - [2023-03-27T19:36:59.150+0000] {dag.py:3444} INFO - Setting next_dagrun for my_second to None, run_after=None
[2023-03-27T19:36:59.226+0000] {processor.py:175} INFO - Processing /opt/airflow/dags/my_second_dag.py took 0.616 seconds
[2023-03-27T19:37:03.577+0000] {processor.py:153} INFO - Started process (PID=1387) to work on /opt/airflow/dags/my_second_dag.py
[2023-03-27T19:37:03.581+0000] {processor.py:743} INFO - Processing file /opt/airflow/dags/my_second_dag.py for tasks to queue
[2023-03-27T19:37:03.586+0000] {logging_mixin.py:137} INFO - [2023-03-27T19:37:03.585+0000] {dagbag.py:532} INFO - Filling up the DagBag from /opt/airflow/dags/my_second_dag.py
[2023-03-27T19:37:03.677+0000] {processor.py:753} INFO - DAG(s) dict_keys(['my_second']) retrieved from /opt/airflow/dags/my_second_dag.py
[2023-03-27T19:37:03.776+0000] {logging_mixin.py:137} INFO - [2023-03-27T19:37:03.775+0000] {dag.py:2693} INFO - Sync 1 DAGs
[2023-03-27T19:37:03.875+0000] {logging_mixin.py:137} INFO - [2023-03-27T19:37:03.874+0000] {dag.py:3444} INFO - Setting next_dagrun for my_second to None, run_after=None
[2023-03-27T19:37:03.960+0000] {processor.py:175} INFO - Processing /opt/airflow/dags/my_second_dag.py took 0.394 seconds
[2023-03-27T19:37:29.807+0000] {processor.py:153} INFO - Started process (PID=1354) to work on /opt/airflow/dags/my_second_dag.py
[2023-03-27T19:37:29.812+0000] {processor.py:743} INFO - Processing file /opt/airflow/dags/my_second_dag.py for tasks to queue
[2023-03-27T19:37:29.814+0000] {logging_mixin.py:137} INFO - [2023-03-27T19:37:29.814+0000] {dagbag.py:532} INFO - Filling up the DagBag from /opt/airflow/dags/my_second_dag.py
[2023-03-27T19:37:29.876+0000] {processor.py:753} INFO - DAG(s) dict_keys(['my_second']) retrieved from /opt/airflow/dags/my_second_dag.py
[2023-03-27T19:37:29.931+0000] {logging_mixin.py:137} INFO - [2023-03-27T19:37:29.930+0000] {dag.py:2693} INFO - Sync 1 DAGs
[2023-03-27T19:37:30.035+0000] {logging_mixin.py:137} INFO - [2023-03-27T19:37:30.035+0000] {dag.py:3444} INFO - Setting next_dagrun for my_second to None, run_after=None
[2023-03-27T19:37:30.128+0000] {processor.py:175} INFO - Processing /opt/airflow/dags/my_second_dag.py took 0.329 seconds
[2023-03-27T19:37:34.272+0000] {processor.py:153} INFO - Started process (PID=1405) to work on /opt/airflow/dags/my_second_dag.py
[2023-03-27T19:37:34.274+0000] {processor.py:743} INFO - Processing file /opt/airflow/dags/my_second_dag.py for tasks to queue
[2023-03-27T19:37:34.276+0000] {logging_mixin.py:137} INFO - [2023-03-27T19:37:34.275+0000] {dagbag.py:532} INFO - Filling up the DagBag from /opt/airflow/dags/my_second_dag.py
[2023-03-27T19:37:34.326+0000] {processor.py:753} INFO - DAG(s) dict_keys(['my_second']) retrieved from /opt/airflow/dags/my_second_dag.py
[2023-03-27T19:37:34.366+0000] {logging_mixin.py:137} INFO - [2023-03-27T19:37:34.366+0000] {dag.py:2693} INFO - Sync 1 DAGs
[2023-03-27T19:37:34.411+0000] {logging_mixin.py:137} INFO - [2023-03-27T19:37:34.411+0000] {dag.py:3444} INFO - Setting next_dagrun for my_second to None, run_after=None
[2023-03-27T19:37:34.464+0000] {processor.py:175} INFO - Processing /opt/airflow/dags/my_second_dag.py took 0.198 seconds
[2023-03-27T19:38:00.614+0000] {processor.py:153} INFO - Started process (PID=1371) to work on /opt/airflow/dags/my_second_dag.py
[2023-03-27T19:38:00.617+0000] {processor.py:743} INFO - Processing file /opt/airflow/dags/my_second_dag.py for tasks to queue
[2023-03-27T19:38:00.621+0000] {logging_mixin.py:137} INFO - [2023-03-27T19:38:00.620+0000] {dagbag.py:532} INFO - Filling up the DagBag from /opt/airflow/dags/my_second_dag.py
[2023-03-27T19:38:00.672+0000] {processor.py:753} INFO - DAG(s) dict_keys(['my_second']) retrieved from /opt/airflow/dags/my_second_dag.py
[2023-03-27T19:38:00.724+0000] {logging_mixin.py:137} INFO - [2023-03-27T19:38:00.724+0000] {dag.py:2693} INFO - Sync 1 DAGs
[2023-03-27T19:38:00.807+0000] {logging_mixin.py:137} INFO - [2023-03-27T19:38:00.806+0000] {dag.py:3444} INFO - Setting next_dagrun for my_second to None, run_after=None
[2023-03-27T19:38:00.918+0000] {processor.py:175} INFO - Processing /opt/airflow/dags/my_second_dag.py took 0.314 seconds
[2023-03-27T19:38:04.688+0000] {processor.py:153} INFO - Started process (PID=1422) to work on /opt/airflow/dags/my_second_dag.py
[2023-03-27T19:38:04.689+0000] {processor.py:743} INFO - Processing file /opt/airflow/dags/my_second_dag.py for tasks to queue
[2023-03-27T19:38:04.691+0000] {logging_mixin.py:137} INFO - [2023-03-27T19:38:04.690+0000] {dagbag.py:532} INFO - Filling up the DagBag from /opt/airflow/dags/my_second_dag.py
[2023-03-27T19:38:04.742+0000] {processor.py:753} INFO - DAG(s) dict_keys(['my_second']) retrieved from /opt/airflow/dags/my_second_dag.py
[2023-03-27T19:38:04.782+0000] {logging_mixin.py:137} INFO - [2023-03-27T19:38:04.781+0000] {dag.py:2693} INFO - Sync 1 DAGs
[2023-03-27T19:38:04.824+0000] {logging_mixin.py:137} INFO - [2023-03-27T19:38:04.824+0000] {dag.py:3444} INFO - Setting next_dagrun for my_second to None, run_after=None
[2023-03-27T19:38:04.857+0000] {processor.py:175} INFO - Processing /opt/airflow/dags/my_second_dag.py took 0.173 seconds
[2023-03-27T19:38:31.252+0000] {processor.py:153} INFO - Started process (PID=1388) to work on /opt/airflow/dags/my_second_dag.py
[2023-03-27T19:38:31.254+0000] {processor.py:743} INFO - Processing file /opt/airflow/dags/my_second_dag.py for tasks to queue
[2023-03-27T19:38:31.257+0000] {logging_mixin.py:137} INFO - [2023-03-27T19:38:31.257+0000] {dagbag.py:532} INFO - Filling up the DagBag from /opt/airflow/dags/my_second_dag.py
[2023-03-27T19:38:31.309+0000] {processor.py:753} INFO - DAG(s) dict_keys(['my_second']) retrieved from /opt/airflow/dags/my_second_dag.py
[2023-03-27T19:38:31.383+0000] {logging_mixin.py:137} INFO - [2023-03-27T19:38:31.383+0000] {dag.py:2693} INFO - Sync 1 DAGs
[2023-03-27T19:38:31.466+0000] {logging_mixin.py:137} INFO - [2023-03-27T19:38:31.466+0000] {dag.py:3444} INFO - Setting next_dagrun for my_second to None, run_after=None
[2023-03-27T19:38:31.564+0000] {processor.py:175} INFO - Processing /opt/airflow/dags/my_second_dag.py took 0.321 seconds
[2023-03-27T19:38:35.104+0000] {processor.py:153} INFO - Started process (PID=1439) to work on /opt/airflow/dags/my_second_dag.py
[2023-03-27T19:38:35.107+0000] {processor.py:743} INFO - Processing file /opt/airflow/dags/my_second_dag.py for tasks to queue
[2023-03-27T19:38:35.110+0000] {logging_mixin.py:137} INFO - [2023-03-27T19:38:35.109+0000] {dagbag.py:532} INFO - Filling up the DagBag from /opt/airflow/dags/my_second_dag.py
[2023-03-27T19:38:35.146+0000] {processor.py:753} INFO - DAG(s) dict_keys(['my_second']) retrieved from /opt/airflow/dags/my_second_dag.py
[2023-03-27T19:38:35.190+0000] {logging_mixin.py:137} INFO - [2023-03-27T19:38:35.190+0000] {dag.py:2693} INFO - Sync 1 DAGs
[2023-03-27T19:38:35.246+0000] {logging_mixin.py:137} INFO - [2023-03-27T19:38:35.245+0000] {dag.py:3444} INFO - Setting next_dagrun for my_second to None, run_after=None
[2023-03-27T19:38:35.289+0000] {processor.py:175} INFO - Processing /opt/airflow/dags/my_second_dag.py took 0.193 seconds
[2023-03-27T19:39:01.897+0000] {processor.py:153} INFO - Started process (PID=1404) to work on /opt/airflow/dags/my_second_dag.py
[2023-03-27T19:39:01.901+0000] {processor.py:743} INFO - Processing file /opt/airflow/dags/my_second_dag.py for tasks to queue
[2023-03-27T19:39:01.904+0000] {logging_mixin.py:137} INFO - [2023-03-27T19:39:01.904+0000] {dagbag.py:532} INFO - Filling up the DagBag from /opt/airflow/dags/my_second_dag.py
[2023-03-27T19:39:02.562+0000] {processor.py:753} INFO - DAG(s) dict_keys(['my_second']) retrieved from /opt/airflow/dags/my_second_dag.py
[2023-03-27T19:39:02.837+0000] {logging_mixin.py:137} INFO - [2023-03-27T19:39:02.836+0000] {dag.py:2693} INFO - Sync 1 DAGs
[2023-03-27T19:39:02.999+0000] {logging_mixin.py:137} INFO - [2023-03-27T19:39:02.999+0000] {dag.py:3444} INFO - Setting next_dagrun for my_second to None, run_after=None
[2023-03-27T19:39:03.040+0000] {processor.py:175} INFO - Processing /opt/airflow/dags/my_second_dag.py took 1.152 seconds
[2023-03-27T19:39:05.389+0000] {processor.py:153} INFO - Started process (PID=1456) to work on /opt/airflow/dags/my_second_dag.py
[2023-03-27T19:39:05.392+0000] {processor.py:743} INFO - Processing file /opt/airflow/dags/my_second_dag.py for tasks to queue
[2023-03-27T19:39:05.397+0000] {logging_mixin.py:137} INFO - [2023-03-27T19:39:05.396+0000] {dagbag.py:532} INFO - Filling up the DagBag from /opt/airflow/dags/my_second_dag.py
[2023-03-27T19:39:05.451+0000] {processor.py:753} INFO - DAG(s) dict_keys(['my_second']) retrieved from /opt/airflow/dags/my_second_dag.py
[2023-03-27T19:39:05.497+0000] {logging_mixin.py:137} INFO - [2023-03-27T19:39:05.496+0000] {dag.py:2693} INFO - Sync 1 DAGs
[2023-03-27T19:39:05.539+0000] {logging_mixin.py:137} INFO - [2023-03-27T19:39:05.538+0000] {dag.py:3444} INFO - Setting next_dagrun for my_second to None, run_after=None
[2023-03-27T19:39:05.584+0000] {processor.py:175} INFO - Processing /opt/airflow/dags/my_second_dag.py took 0.216 seconds
[2023-03-27T19:39:33.491+0000] {processor.py:153} INFO - Started process (PID=1421) to work on /opt/airflow/dags/my_second_dag.py
[2023-03-27T19:39:33.501+0000] {processor.py:743} INFO - Processing file /opt/airflow/dags/my_second_dag.py for tasks to queue
[2023-03-27T19:39:33.506+0000] {logging_mixin.py:137} INFO - [2023-03-27T19:39:33.506+0000] {dagbag.py:532} INFO - Filling up the DagBag from /opt/airflow/dags/my_second_dag.py
[2023-03-27T19:39:33.629+0000] {processor.py:753} INFO - DAG(s) dict_keys(['my_second']) retrieved from /opt/airflow/dags/my_second_dag.py
[2023-03-27T19:39:33.682+0000] {logging_mixin.py:137} INFO - [2023-03-27T19:39:33.681+0000] {dag.py:2693} INFO - Sync 1 DAGs
[2023-03-27T19:39:33.724+0000] {logging_mixin.py:137} INFO - [2023-03-27T19:39:33.723+0000] {dag.py:3444} INFO - Setting next_dagrun for my_second to None, run_after=None
[2023-03-27T19:39:33.763+0000] {processor.py:175} INFO - Processing /opt/airflow/dags/my_second_dag.py took 0.287 seconds
[2023-03-27T19:39:35.867+0000] {processor.py:153} INFO - Started process (PID=1472) to work on /opt/airflow/dags/my_second_dag.py
[2023-03-27T19:39:35.870+0000] {processor.py:743} INFO - Processing file /opt/airflow/dags/my_second_dag.py for tasks to queue
[2023-03-27T19:39:35.880+0000] {logging_mixin.py:137} INFO - [2023-03-27T19:39:35.872+0000] {dagbag.py:532} INFO - Filling up the DagBag from /opt/airflow/dags/my_second_dag.py
[2023-03-27T19:39:35.943+0000] {processor.py:753} INFO - DAG(s) dict_keys(['my_second']) retrieved from /opt/airflow/dags/my_second_dag.py
[2023-03-27T19:39:36.019+0000] {logging_mixin.py:137} INFO - [2023-03-27T19:39:36.018+0000] {dag.py:2693} INFO - Sync 1 DAGs
[2023-03-27T19:39:36.092+0000] {logging_mixin.py:137} INFO - [2023-03-27T19:39:36.092+0000] {dag.py:3444} INFO - Setting next_dagrun for my_second to None, run_after=None
[2023-03-27T19:39:36.130+0000] {processor.py:175} INFO - Processing /opt/airflow/dags/my_second_dag.py took 0.286 seconds
[2023-03-27T19:40:04.087+0000] {processor.py:153} INFO - Started process (PID=1438) to work on /opt/airflow/dags/my_second_dag.py
[2023-03-27T19:40:04.089+0000] {processor.py:743} INFO - Processing file /opt/airflow/dags/my_second_dag.py for tasks to queue
[2023-03-27T19:40:04.094+0000] {logging_mixin.py:137} INFO - [2023-03-27T19:40:04.093+0000] {dagbag.py:532} INFO - Filling up the DagBag from /opt/airflow/dags/my_second_dag.py
[2023-03-27T19:40:04.150+0000] {processor.py:753} INFO - DAG(s) dict_keys(['my_second']) retrieved from /opt/airflow/dags/my_second_dag.py
[2023-03-27T19:40:04.280+0000] {logging_mixin.py:137} INFO - [2023-03-27T19:40:04.280+0000] {dag.py:2693} INFO - Sync 1 DAGs
[2023-03-27T19:40:04.432+0000] {logging_mixin.py:137} INFO - [2023-03-27T19:40:04.432+0000] {dag.py:3444} INFO - Setting next_dagrun for my_second to None, run_after=None
[2023-03-27T19:40:04.514+0000] {processor.py:175} INFO - Processing /opt/airflow/dags/my_second_dag.py took 0.433 seconds
[2023-03-27T19:40:06.374+0000] {processor.py:153} INFO - Started process (PID=1489) to work on /opt/airflow/dags/my_second_dag.py
[2023-03-27T19:40:06.377+0000] {processor.py:743} INFO - Processing file /opt/airflow/dags/my_second_dag.py for tasks to queue
[2023-03-27T19:40:06.383+0000] {logging_mixin.py:137} INFO - [2023-03-27T19:40:06.381+0000] {dagbag.py:532} INFO - Filling up the DagBag from /opt/airflow/dags/my_second_dag.py
[2023-03-27T19:40:06.433+0000] {processor.py:753} INFO - DAG(s) dict_keys(['my_second']) retrieved from /opt/airflow/dags/my_second_dag.py
[2023-03-27T19:40:06.494+0000] {logging_mixin.py:137} INFO - [2023-03-27T19:40:06.494+0000] {dag.py:2693} INFO - Sync 1 DAGs
[2023-03-27T19:40:06.565+0000] {logging_mixin.py:137} INFO - [2023-03-27T19:40:06.565+0000] {dag.py:3444} INFO - Setting next_dagrun for my_second to None, run_after=None
[2023-03-27T19:40:06.638+0000] {processor.py:175} INFO - Processing /opt/airflow/dags/my_second_dag.py took 0.271 seconds
[2023-03-27T19:40:34.853+0000] {processor.py:153} INFO - Started process (PID=1455) to work on /opt/airflow/dags/my_second_dag.py
[2023-03-27T19:40:34.857+0000] {processor.py:743} INFO - Processing file /opt/airflow/dags/my_second_dag.py for tasks to queue
[2023-03-27T19:40:34.867+0000] {logging_mixin.py:137} INFO - [2023-03-27T19:40:34.867+0000] {dagbag.py:532} INFO - Filling up the DagBag from /opt/airflow/dags/my_second_dag.py
[2023-03-27T19:40:34.976+0000] {processor.py:753} INFO - DAG(s) dict_keys(['my_second']) retrieved from /opt/airflow/dags/my_second_dag.py
[2023-03-27T19:40:35.049+0000] {logging_mixin.py:137} INFO - [2023-03-27T19:40:35.049+0000] {dag.py:2693} INFO - Sync 1 DAGs
[2023-03-27T19:40:35.102+0000] {logging_mixin.py:137} INFO - [2023-03-27T19:40:35.102+0000] {dag.py:3444} INFO - Setting next_dagrun for my_second to None, run_after=None
[2023-03-27T19:40:35.151+0000] {processor.py:175} INFO - Processing /opt/airflow/dags/my_second_dag.py took 0.308 seconds
[2023-03-27T19:40:36.916+0000] {processor.py:153} INFO - Started process (PID=1506) to work on /opt/airflow/dags/my_second_dag.py
[2023-03-27T19:40:36.919+0000] {processor.py:743} INFO - Processing file /opt/airflow/dags/my_second_dag.py for tasks to queue
[2023-03-27T19:40:36.920+0000] {logging_mixin.py:137} INFO - [2023-03-27T19:40:36.920+0000] {dagbag.py:532} INFO - Filling up the DagBag from /opt/airflow/dags/my_second_dag.py
[2023-03-27T19:40:36.968+0000] {processor.py:753} INFO - DAG(s) dict_keys(['my_second']) retrieved from /opt/airflow/dags/my_second_dag.py
[2023-03-27T19:40:37.015+0000] {logging_mixin.py:137} INFO - [2023-03-27T19:40:37.015+0000] {dag.py:2693} INFO - Sync 1 DAGs
[2023-03-27T19:40:37.070+0000] {logging_mixin.py:137} INFO - [2023-03-27T19:40:37.070+0000] {dag.py:3444} INFO - Setting next_dagrun for my_second to None, run_after=None
[2023-03-27T19:40:37.121+0000] {processor.py:175} INFO - Processing /opt/airflow/dags/my_second_dag.py took 0.213 seconds
[2023-03-27T19:41:05.546+0000] {processor.py:153} INFO - Started process (PID=1472) to work on /opt/airflow/dags/my_second_dag.py
[2023-03-27T19:41:05.550+0000] {processor.py:743} INFO - Processing file /opt/airflow/dags/my_second_dag.py for tasks to queue
[2023-03-27T19:41:05.554+0000] {logging_mixin.py:137} INFO - [2023-03-27T19:41:05.554+0000] {dagbag.py:532} INFO - Filling up the DagBag from /opt/airflow/dags/my_second_dag.py
[2023-03-27T19:41:05.660+0000] {processor.py:753} INFO - DAG(s) dict_keys(['my_second']) retrieved from /opt/airflow/dags/my_second_dag.py
[2023-03-27T19:41:05.731+0000] {logging_mixin.py:137} INFO - [2023-03-27T19:41:05.731+0000] {dag.py:2693} INFO - Sync 1 DAGs
[2023-03-27T19:41:05.781+0000] {logging_mixin.py:137} INFO - [2023-03-27T19:41:05.780+0000] {dag.py:3444} INFO - Setting next_dagrun for my_second to None, run_after=None
[2023-03-27T19:41:05.816+0000] {processor.py:175} INFO - Processing /opt/airflow/dags/my_second_dag.py took 0.281 seconds
[2023-03-27T19:41:07.431+0000] {processor.py:153} INFO - Started process (PID=1524) to work on /opt/airflow/dags/my_second_dag.py
[2023-03-27T19:41:07.432+0000] {processor.py:743} INFO - Processing file /opt/airflow/dags/my_second_dag.py for tasks to queue
[2023-03-27T19:41:07.436+0000] {logging_mixin.py:137} INFO - [2023-03-27T19:41:07.435+0000] {dagbag.py:532} INFO - Filling up the DagBag from /opt/airflow/dags/my_second_dag.py
[2023-03-27T19:41:07.474+0000] {processor.py:753} INFO - DAG(s) dict_keys(['my_second']) retrieved from /opt/airflow/dags/my_second_dag.py
[2023-03-27T19:41:07.521+0000] {logging_mixin.py:137} INFO - [2023-03-27T19:41:07.520+0000] {dag.py:2693} INFO - Sync 1 DAGs
[2023-03-27T19:41:07.613+0000] {logging_mixin.py:137} INFO - [2023-03-27T19:41:07.613+0000] {dag.py:3444} INFO - Setting next_dagrun for my_second to None, run_after=None
[2023-03-27T19:41:07.674+0000] {processor.py:175} INFO - Processing /opt/airflow/dags/my_second_dag.py took 0.253 seconds
[2023-03-27T19:41:36.111+0000] {processor.py:153} INFO - Started process (PID=1489) to work on /opt/airflow/dags/my_second_dag.py
[2023-03-27T19:41:36.112+0000] {processor.py:743} INFO - Processing file /opt/airflow/dags/my_second_dag.py for tasks to queue
[2023-03-27T19:41:36.115+0000] {logging_mixin.py:137} INFO - [2023-03-27T19:41:36.114+0000] {dagbag.py:532} INFO - Filling up the DagBag from /opt/airflow/dags/my_second_dag.py
[2023-03-27T19:41:36.164+0000] {processor.py:753} INFO - DAG(s) dict_keys(['my_second']) retrieved from /opt/airflow/dags/my_second_dag.py
[2023-03-27T19:41:36.227+0000] {logging_mixin.py:137} INFO - [2023-03-27T19:41:36.226+0000] {dag.py:2693} INFO - Sync 1 DAGs
[2023-03-27T19:41:36.273+0000] {logging_mixin.py:137} INFO - [2023-03-27T19:41:36.273+0000] {dag.py:3444} INFO - Setting next_dagrun for my_second to None, run_after=None
[2023-03-27T19:41:36.314+0000] {processor.py:175} INFO - Processing /opt/airflow/dags/my_second_dag.py took 0.209 seconds
[2023-03-27T19:41:37.911+0000] {processor.py:153} INFO - Started process (PID=1540) to work on /opt/airflow/dags/my_second_dag.py
[2023-03-27T19:41:37.913+0000] {processor.py:743} INFO - Processing file /opt/airflow/dags/my_second_dag.py for tasks to queue
[2023-03-27T19:41:37.915+0000] {logging_mixin.py:137} INFO - [2023-03-27T19:41:37.914+0000] {dagbag.py:532} INFO - Filling up the DagBag from /opt/airflow/dags/my_second_dag.py
[2023-03-27T19:41:37.963+0000] {processor.py:753} INFO - DAG(s) dict_keys(['my_second']) retrieved from /opt/airflow/dags/my_second_dag.py
[2023-03-27T19:41:38.017+0000] {logging_mixin.py:137} INFO - [2023-03-27T19:41:38.017+0000] {dag.py:2693} INFO - Sync 1 DAGs
[2023-03-27T19:41:38.074+0000] {logging_mixin.py:137} INFO - [2023-03-27T19:41:38.074+0000] {dag.py:3444} INFO - Setting next_dagrun for my_second to None, run_after=None
[2023-03-27T19:41:38.107+0000] {processor.py:175} INFO - Processing /opt/airflow/dags/my_second_dag.py took 0.205 seconds
[2023-03-27T19:42:06.702+0000] {processor.py:153} INFO - Started process (PID=1506) to work on /opt/airflow/dags/my_second_dag.py
[2023-03-27T19:42:06.709+0000] {processor.py:743} INFO - Processing file /opt/airflow/dags/my_second_dag.py for tasks to queue
[2023-03-27T19:42:06.714+0000] {logging_mixin.py:137} INFO - [2023-03-27T19:42:06.713+0000] {dagbag.py:532} INFO - Filling up the DagBag from /opt/airflow/dags/my_second_dag.py
[2023-03-27T19:42:06.790+0000] {processor.py:753} INFO - DAG(s) dict_keys(['my_second']) retrieved from /opt/airflow/dags/my_second_dag.py
[2023-03-27T19:42:06.839+0000] {logging_mixin.py:137} INFO - [2023-03-27T19:42:06.839+0000] {dag.py:2693} INFO - Sync 1 DAGs
[2023-03-27T19:42:06.880+0000] {logging_mixin.py:137} INFO - [2023-03-27T19:42:06.880+0000] {dag.py:3444} INFO - Setting next_dagrun for my_second to None, run_after=None
[2023-03-27T19:42:06.918+0000] {processor.py:175} INFO - Processing /opt/airflow/dags/my_second_dag.py took 0.236 seconds
[2023-03-27T19:42:08.387+0000] {processor.py:153} INFO - Started process (PID=1558) to work on /opt/airflow/dags/my_second_dag.py
[2023-03-27T19:42:08.389+0000] {processor.py:743} INFO - Processing file /opt/airflow/dags/my_second_dag.py for tasks to queue
[2023-03-27T19:42:08.392+0000] {logging_mixin.py:137} INFO - [2023-03-27T19:42:08.391+0000] {dagbag.py:532} INFO - Filling up the DagBag from /opt/airflow/dags/my_second_dag.py
[2023-03-27T19:42:08.443+0000] {processor.py:753} INFO - DAG(s) dict_keys(['my_second']) retrieved from /opt/airflow/dags/my_second_dag.py
[2023-03-27T19:42:08.485+0000] {logging_mixin.py:137} INFO - [2023-03-27T19:42:08.485+0000] {dag.py:2693} INFO - Sync 1 DAGs
[2023-03-27T19:42:08.519+0000] {logging_mixin.py:137} INFO - [2023-03-27T19:42:08.518+0000] {dag.py:3444} INFO - Setting next_dagrun for my_second to None, run_after=None
[2023-03-27T19:42:08.553+0000] {processor.py:175} INFO - Processing /opt/airflow/dags/my_second_dag.py took 0.174 seconds
[2023-03-27T19:42:37.294+0000] {processor.py:153} INFO - Started process (PID=1523) to work on /opt/airflow/dags/my_second_dag.py
[2023-03-27T19:42:37.302+0000] {processor.py:743} INFO - Processing file /opt/airflow/dags/my_second_dag.py for tasks to queue
[2023-03-27T19:42:37.309+0000] {logging_mixin.py:137} INFO - [2023-03-27T19:42:37.309+0000] {dagbag.py:532} INFO - Filling up the DagBag from /opt/airflow/dags/my_second_dag.py
[2023-03-27T19:42:37.420+0000] {processor.py:753} INFO - DAG(s) dict_keys(['my_second']) retrieved from /opt/airflow/dags/my_second_dag.py
[2023-03-27T19:42:37.586+0000] {logging_mixin.py:137} INFO - [2023-03-27T19:42:37.586+0000] {dag.py:2693} INFO - Sync 1 DAGs
[2023-03-27T19:42:37.640+0000] {logging_mixin.py:137} INFO - [2023-03-27T19:42:37.640+0000] {dag.py:3444} INFO - Setting next_dagrun for my_second to None, run_after=None
[2023-03-27T19:42:37.676+0000] {processor.py:175} INFO - Processing /opt/airflow/dags/my_second_dag.py took 0.388 seconds
[2023-03-27T19:42:38.835+0000] {processor.py:153} INFO - Started process (PID=1575) to work on /opt/airflow/dags/my_second_dag.py
[2023-03-27T19:42:38.836+0000] {processor.py:743} INFO - Processing file /opt/airflow/dags/my_second_dag.py for tasks to queue
[2023-03-27T19:42:38.838+0000] {logging_mixin.py:137} INFO - [2023-03-27T19:42:38.837+0000] {dagbag.py:532} INFO - Filling up the DagBag from /opt/airflow/dags/my_second_dag.py
[2023-03-27T19:42:38.891+0000] {processor.py:753} INFO - DAG(s) dict_keys(['my_second']) retrieved from /opt/airflow/dags/my_second_dag.py
[2023-03-27T19:42:38.940+0000] {logging_mixin.py:137} INFO - [2023-03-27T19:42:38.939+0000] {dag.py:2693} INFO - Sync 1 DAGs
[2023-03-27T19:42:38.986+0000] {logging_mixin.py:137} INFO - [2023-03-27T19:42:38.985+0000] {dag.py:3444} INFO - Setting next_dagrun for my_second to None, run_after=None
[2023-03-27T19:42:39.017+0000] {processor.py:175} INFO - Processing /opt/airflow/dags/my_second_dag.py took 0.192 seconds
[2023-03-27T19:43:07.786+0000] {processor.py:153} INFO - Started process (PID=1540) to work on /opt/airflow/dags/my_second_dag.py
[2023-03-27T19:43:07.789+0000] {processor.py:743} INFO - Processing file /opt/airflow/dags/my_second_dag.py for tasks to queue
[2023-03-27T19:43:07.792+0000] {logging_mixin.py:137} INFO - [2023-03-27T19:43:07.791+0000] {dagbag.py:532} INFO - Filling up the DagBag from /opt/airflow/dags/my_second_dag.py
[2023-03-27T19:43:07.847+0000] {processor.py:753} INFO - DAG(s) dict_keys(['my_second']) retrieved from /opt/airflow/dags/my_second_dag.py
[2023-03-27T19:43:07.930+0000] {logging_mixin.py:137} INFO - [2023-03-27T19:43:07.929+0000] {dag.py:2693} INFO - Sync 1 DAGs
[2023-03-27T19:43:08.009+0000] {logging_mixin.py:137} INFO - [2023-03-27T19:43:08.008+0000] {dag.py:3444} INFO - Setting next_dagrun for my_second to None, run_after=None
[2023-03-27T19:43:08.094+0000] {processor.py:175} INFO - Processing /opt/airflow/dags/my_second_dag.py took 0.313 seconds
[2023-03-27T19:43:09.262+0000] {processor.py:153} INFO - Started process (PID=1592) to work on /opt/airflow/dags/my_second_dag.py
[2023-03-27T19:43:09.263+0000] {processor.py:743} INFO - Processing file /opt/airflow/dags/my_second_dag.py for tasks to queue
[2023-03-27T19:43:09.265+0000] {logging_mixin.py:137} INFO - [2023-03-27T19:43:09.264+0000] {dagbag.py:532} INFO - Filling up the DagBag from /opt/airflow/dags/my_second_dag.py
[2023-03-27T19:43:09.308+0000] {processor.py:753} INFO - DAG(s) dict_keys(['my_second']) retrieved from /opt/airflow/dags/my_second_dag.py
[2023-03-27T19:43:09.360+0000] {logging_mixin.py:137} INFO - [2023-03-27T19:43:09.360+0000] {dag.py:2693} INFO - Sync 1 DAGs
[2023-03-27T19:43:09.414+0000] {logging_mixin.py:137} INFO - [2023-03-27T19:43:09.414+0000] {dag.py:3444} INFO - Setting next_dagrun for my_second to None, run_after=None
[2023-03-27T19:43:09.453+0000] {processor.py:175} INFO - Processing /opt/airflow/dags/my_second_dag.py took 0.198 seconds
[2023-03-27T19:43:38.424+0000] {processor.py:153} INFO - Started process (PID=1557) to work on /opt/airflow/dags/my_second_dag.py
[2023-03-27T19:43:38.426+0000] {processor.py:743} INFO - Processing file /opt/airflow/dags/my_second_dag.py for tasks to queue
[2023-03-27T19:43:38.430+0000] {logging_mixin.py:137} INFO - [2023-03-27T19:43:38.429+0000] {dagbag.py:532} INFO - Filling up the DagBag from /opt/airflow/dags/my_second_dag.py
[2023-03-27T19:43:38.525+0000] {processor.py:753} INFO - DAG(s) dict_keys(['my_second']) retrieved from /opt/airflow/dags/my_second_dag.py
[2023-03-27T19:43:38.591+0000] {logging_mixin.py:137} INFO - [2023-03-27T19:43:38.591+0000] {dag.py:2693} INFO - Sync 1 DAGs
[2023-03-27T19:43:38.633+0000] {logging_mixin.py:137} INFO - [2023-03-27T19:43:38.632+0000] {dag.py:3444} INFO - Setting next_dagrun for my_second to None, run_after=None
[2023-03-27T19:43:38.686+0000] {processor.py:175} INFO - Processing /opt/airflow/dags/my_second_dag.py took 0.271 seconds
[2023-03-27T19:43:39.647+0000] {processor.py:153} INFO - Started process (PID=1609) to work on /opt/airflow/dags/my_second_dag.py
[2023-03-27T19:43:39.649+0000] {processor.py:743} INFO - Processing file /opt/airflow/dags/my_second_dag.py for tasks to queue
[2023-03-27T19:43:39.651+0000] {logging_mixin.py:137} INFO - [2023-03-27T19:43:39.651+0000] {dagbag.py:532} INFO - Filling up the DagBag from /opt/airflow/dags/my_second_dag.py
[2023-03-27T19:43:39.705+0000] {processor.py:753} INFO - DAG(s) dict_keys(['my_second']) retrieved from /opt/airflow/dags/my_second_dag.py
[2023-03-27T19:43:39.756+0000] {logging_mixin.py:137} INFO - [2023-03-27T19:43:39.756+0000] {dag.py:2693} INFO - Sync 1 DAGs
[2023-03-27T19:43:39.805+0000] {logging_mixin.py:137} INFO - [2023-03-27T19:43:39.804+0000] {dag.py:3444} INFO - Setting next_dagrun for my_second to None, run_after=None
[2023-03-27T19:43:39.847+0000] {processor.py:175} INFO - Processing /opt/airflow/dags/my_second_dag.py took 0.206 seconds
[2023-03-27T19:44:08.999+0000] {processor.py:153} INFO - Started process (PID=1574) to work on /opt/airflow/dags/my_second_dag.py
[2023-03-27T19:44:09.008+0000] {processor.py:743} INFO - Processing file /opt/airflow/dags/my_second_dag.py for tasks to queue
[2023-03-27T19:44:09.011+0000] {logging_mixin.py:137} INFO - [2023-03-27T19:44:09.011+0000] {dagbag.py:532} INFO - Filling up the DagBag from /opt/airflow/dags/my_second_dag.py
[2023-03-27T19:44:09.066+0000] {processor.py:753} INFO - DAG(s) dict_keys(['my_second']) retrieved from /opt/airflow/dags/my_second_dag.py
[2023-03-27T19:44:09.113+0000] {logging_mixin.py:137} INFO - [2023-03-27T19:44:09.112+0000] {dag.py:2693} INFO - Sync 1 DAGs
[2023-03-27T19:44:09.153+0000] {logging_mixin.py:137} INFO - [2023-03-27T19:44:09.152+0000] {dag.py:3444} INFO - Setting next_dagrun for my_second to None, run_after=None
[2023-03-27T19:44:09.192+0000] {processor.py:175} INFO - Processing /opt/airflow/dags/my_second_dag.py took 0.202 seconds
[2023-03-27T19:44:10.080+0000] {processor.py:153} INFO - Started process (PID=1626) to work on /opt/airflow/dags/my_second_dag.py
[2023-03-27T19:44:10.081+0000] {processor.py:743} INFO - Processing file /opt/airflow/dags/my_second_dag.py for tasks to queue
[2023-03-27T19:44:10.083+0000] {logging_mixin.py:137} INFO - [2023-03-27T19:44:10.082+0000] {dagbag.py:532} INFO - Filling up the DagBag from /opt/airflow/dags/my_second_dag.py
[2023-03-27T19:44:10.134+0000] {processor.py:753} INFO - DAG(s) dict_keys(['my_second']) retrieved from /opt/airflow/dags/my_second_dag.py
[2023-03-27T19:44:10.169+0000] {logging_mixin.py:137} INFO - [2023-03-27T19:44:10.169+0000] {dag.py:2693} INFO - Sync 1 DAGs
[2023-03-27T19:44:10.210+0000] {logging_mixin.py:137} INFO - [2023-03-27T19:44:10.210+0000] {dag.py:3444} INFO - Setting next_dagrun for my_second to None, run_after=None
[2023-03-27T19:44:10.247+0000] {processor.py:175} INFO - Processing /opt/airflow/dags/my_second_dag.py took 0.174 seconds
[2023-03-27T19:44:39.911+0000] {processor.py:153} INFO - Started process (PID=1591) to work on /opt/airflow/dags/my_second_dag.py
[2023-03-27T19:44:39.952+0000] {processor.py:743} INFO - Processing file /opt/airflow/dags/my_second_dag.py for tasks to queue
[2023-03-27T19:44:39.955+0000] {logging_mixin.py:137} INFO - [2023-03-27T19:44:39.954+0000] {dagbag.py:532} INFO - Filling up the DagBag from /opt/airflow/dags/my_second_dag.py
[2023-03-27T19:44:40.201+0000] {processor.py:753} INFO - DAG(s) dict_keys(['my_second']) retrieved from /opt/airflow/dags/my_second_dag.py
[2023-03-27T19:44:40.475+0000] {logging_mixin.py:137} INFO - [2023-03-27T19:44:40.474+0000] {dag.py:2693} INFO - Sync 1 DAGs
[2023-03-27T19:44:40.535+0000] {processor.py:153} INFO - Started process (PID=1643) to work on /opt/airflow/dags/my_second_dag.py
[2023-03-27T19:44:40.545+0000] {processor.py:743} INFO - Processing file /opt/airflow/dags/my_second_dag.py for tasks to queue
[2023-03-27T19:44:40.546+0000] {logging_mixin.py:137} INFO - [2023-03-27T19:44:40.546+0000] {dagbag.py:532} INFO - Filling up the DagBag from /opt/airflow/dags/my_second_dag.py
[2023-03-27T19:44:40.644+0000] {processor.py:753} INFO - DAG(s) dict_keys(['my_second']) retrieved from /opt/airflow/dags/my_second_dag.py
[2023-03-27T19:44:40.765+0000] {logging_mixin.py:137} INFO - [2023-03-27T19:44:40.765+0000] {dag.py:3444} INFO - Setting next_dagrun for my_second to None, run_after=None
[2023-03-27T19:44:40.791+0000] {logging_mixin.py:137} INFO - [2023-03-27T19:44:40.791+0000] {dag.py:2693} INFO - Sync 1 DAGs
[2023-03-27T19:44:40.926+0000] {logging_mixin.py:137} INFO - [2023-03-27T19:44:40.925+0000] {dag.py:3444} INFO - Setting next_dagrun for my_second to None, run_after=None
[2023-03-27T19:44:41.043+0000] {processor.py:175} INFO - Processing /opt/airflow/dags/my_second_dag.py took 0.515 seconds
[2023-03-27T19:44:41.121+0000] {processor.py:175} INFO - Processing /opt/airflow/dags/my_second_dag.py took 1.253 seconds
[2023-03-27T19:45:11.442+0000] {processor.py:153} INFO - Started process (PID=1660) to work on /opt/airflow/dags/my_second_dag.py
[2023-03-27T19:45:11.443+0000] {processor.py:743} INFO - Processing file /opt/airflow/dags/my_second_dag.py for tasks to queue
[2023-03-27T19:45:11.452+0000] {logging_mixin.py:137} INFO - [2023-03-27T19:45:11.452+0000] {dagbag.py:532} INFO - Filling up the DagBag from /opt/airflow/dags/my_second_dag.py
[2023-03-27T19:45:11.482+0000] {processor.py:153} INFO - Started process (PID=1608) to work on /opt/airflow/dags/my_second_dag.py
[2023-03-27T19:45:11.507+0000] {processor.py:743} INFO - Processing file /opt/airflow/dags/my_second_dag.py for tasks to queue
[2023-03-27T19:45:11.517+0000] {logging_mixin.py:137} INFO - [2023-03-27T19:45:11.514+0000] {dagbag.py:532} INFO - Filling up the DagBag from /opt/airflow/dags/my_second_dag.py
[2023-03-27T19:45:11.522+0000] {processor.py:753} INFO - DAG(s) dict_keys(['my_second']) retrieved from /opt/airflow/dags/my_second_dag.py
[2023-03-27T19:45:11.668+0000] {logging_mixin.py:137} INFO - [2023-03-27T19:45:11.668+0000] {dag.py:2693} INFO - Sync 1 DAGs
[2023-03-27T19:45:11.755+0000] {logging_mixin.py:137} INFO - [2023-03-27T19:45:11.754+0000] {dag.py:3444} INFO - Setting next_dagrun for my_second to None, run_after=None
[2023-03-27T19:45:11.827+0000] {processor.py:175} INFO - Processing /opt/airflow/dags/my_second_dag.py took 0.395 seconds
[2023-03-27T19:45:11.912+0000] {processor.py:753} INFO - DAG(s) dict_keys(['my_second']) retrieved from /opt/airflow/dags/my_second_dag.py
[2023-03-27T19:45:12.064+0000] {logging_mixin.py:137} INFO - [2023-03-27T19:45:12.063+0000] {dag.py:2693} INFO - Sync 1 DAGs
[2023-03-27T19:45:12.161+0000] {logging_mixin.py:137} INFO - [2023-03-27T19:45:12.160+0000] {dag.py:3444} INFO - Setting next_dagrun for my_second to None, run_after=None
[2023-03-27T19:45:12.391+0000] {processor.py:175} INFO - Processing /opt/airflow/dags/my_second_dag.py took 0.956 seconds
[2023-03-27T19:45:42.220+0000] {processor.py:153} INFO - Started process (PID=1677) to work on /opt/airflow/dags/my_second_dag.py
[2023-03-27T19:45:42.223+0000] {processor.py:743} INFO - Processing file /opt/airflow/dags/my_second_dag.py for tasks to queue
[2023-03-27T19:45:42.224+0000] {logging_mixin.py:137} INFO - [2023-03-27T19:45:42.224+0000] {dagbag.py:532} INFO - Filling up the DagBag from /opt/airflow/dags/my_second_dag.py
[2023-03-27T19:45:42.284+0000] {processor.py:753} INFO - DAG(s) dict_keys(['my_second']) retrieved from /opt/airflow/dags/my_second_dag.py
[2023-03-27T19:45:42.345+0000] {logging_mixin.py:137} INFO - [2023-03-27T19:45:42.345+0000] {dag.py:2693} INFO - Sync 1 DAGs
[2023-03-27T19:45:42.411+0000] {logging_mixin.py:137} INFO - [2023-03-27T19:45:42.411+0000] {dag.py:3444} INFO - Setting next_dagrun for my_second to None, run_after=None
[2023-03-27T19:45:42.467+0000] {processor.py:175} INFO - Processing /opt/airflow/dags/my_second_dag.py took 0.263 seconds
[2023-03-27T19:45:43.124+0000] {processor.py:153} INFO - Started process (PID=1625) to work on /opt/airflow/dags/my_second_dag.py
[2023-03-27T19:45:43.127+0000] {processor.py:743} INFO - Processing file /opt/airflow/dags/my_second_dag.py for tasks to queue
[2023-03-27T19:45:43.139+0000] {logging_mixin.py:137} INFO - [2023-03-27T19:45:43.138+0000] {dagbag.py:532} INFO - Filling up the DagBag from /opt/airflow/dags/my_second_dag.py
[2023-03-27T19:45:43.282+0000] {processor.py:753} INFO - DAG(s) dict_keys(['my_second']) retrieved from /opt/airflow/dags/my_second_dag.py
[2023-03-27T19:45:43.438+0000] {logging_mixin.py:137} INFO - [2023-03-27T19:45:43.437+0000] {dag.py:2693} INFO - Sync 1 DAGs
[2023-03-27T19:45:43.534+0000] {logging_mixin.py:137} INFO - [2023-03-27T19:45:43.533+0000] {dag.py:3444} INFO - Setting next_dagrun for my_second to None, run_after=None
[2023-03-27T19:45:43.673+0000] {processor.py:175} INFO - Processing /opt/airflow/dags/my_second_dag.py took 0.558 seconds
[2023-03-27T19:46:12.584+0000] {processor.py:153} INFO - Started process (PID=1694) to work on /opt/airflow/dags/my_second_dag.py
[2023-03-27T19:46:12.586+0000] {processor.py:743} INFO - Processing file /opt/airflow/dags/my_second_dag.py for tasks to queue
[2023-03-27T19:46:12.591+0000] {logging_mixin.py:137} INFO - [2023-03-27T19:46:12.591+0000] {dagbag.py:532} INFO - Filling up the DagBag from /opt/airflow/dags/my_second_dag.py
[2023-03-27T19:46:12.845+0000] {processor.py:753} INFO - DAG(s) dict_keys(['my_second']) retrieved from /opt/airflow/dags/my_second_dag.py
[2023-03-27T19:46:12.924+0000] {logging_mixin.py:137} INFO - [2023-03-27T19:46:12.923+0000] {dag.py:2693} INFO - Sync 1 DAGs
[2023-03-27T19:46:13.003+0000] {logging_mixin.py:137} INFO - [2023-03-27T19:46:13.003+0000] {dag.py:3444} INFO - Setting next_dagrun for my_second to None, run_after=None
[2023-03-27T19:46:13.058+0000] {processor.py:175} INFO - Processing /opt/airflow/dags/my_second_dag.py took 0.481 seconds
[2023-03-27T19:46:13.799+0000] {processor.py:153} INFO - Started process (PID=1642) to work on /opt/airflow/dags/my_second_dag.py
[2023-03-27T19:46:13.808+0000] {processor.py:743} INFO - Processing file /opt/airflow/dags/my_second_dag.py for tasks to queue
[2023-03-27T19:46:13.816+0000] {logging_mixin.py:137} INFO - [2023-03-27T19:46:13.815+0000] {dagbag.py:532} INFO - Filling up the DagBag from /opt/airflow/dags/my_second_dag.py
[2023-03-27T19:46:14.743+0000] {processor.py:753} INFO - DAG(s) dict_keys(['my_second']) retrieved from /opt/airflow/dags/my_second_dag.py
[2023-03-27T19:46:15.057+0000] {logging_mixin.py:137} INFO - [2023-03-27T19:46:15.055+0000] {dag.py:2693} INFO - Sync 1 DAGs
[2023-03-27T19:46:15.384+0000] {logging_mixin.py:137} INFO - [2023-03-27T19:46:15.383+0000] {dag.py:3444} INFO - Setting next_dagrun for my_second to None, run_after=None
[2023-03-27T19:46:15.569+0000] {processor.py:175} INFO - Processing /opt/airflow/dags/my_second_dag.py took 1.788 seconds
[2023-03-27T19:46:43.464+0000] {processor.py:153} INFO - Started process (PID=1711) to work on /opt/airflow/dags/my_second_dag.py
[2023-03-27T19:46:43.469+0000] {processor.py:743} INFO - Processing file /opt/airflow/dags/my_second_dag.py for tasks to queue
[2023-03-27T19:46:43.478+0000] {logging_mixin.py:137} INFO - [2023-03-27T19:46:43.476+0000] {dagbag.py:532} INFO - Filling up the DagBag from /opt/airflow/dags/my_second_dag.py
[2023-03-27T19:46:43.557+0000] {processor.py:753} INFO - DAG(s) dict_keys(['my_second']) retrieved from /opt/airflow/dags/my_second_dag.py
[2023-03-27T19:46:43.616+0000] {logging_mixin.py:137} INFO - [2023-03-27T19:46:43.616+0000] {dag.py:2693} INFO - Sync 1 DAGs
[2023-03-27T19:46:43.695+0000] {logging_mixin.py:137} INFO - [2023-03-27T19:46:43.695+0000] {dag.py:3444} INFO - Setting next_dagrun for my_second to None, run_after=None
[2023-03-27T19:46:43.783+0000] {processor.py:175} INFO - Processing /opt/airflow/dags/my_second_dag.py took 0.341 seconds
[2023-03-27T19:46:46.367+0000] {processor.py:153} INFO - Started process (PID=1667) to work on /opt/airflow/dags/my_second_dag.py
[2023-03-27T19:46:46.376+0000] {processor.py:743} INFO - Processing file /opt/airflow/dags/my_second_dag.py for tasks to queue
[2023-03-27T19:46:46.384+0000] {logging_mixin.py:137} INFO - [2023-03-27T19:46:46.384+0000] {dagbag.py:532} INFO - Filling up the DagBag from /opt/airflow/dags/my_second_dag.py
[2023-03-27T19:46:46.476+0000] {processor.py:753} INFO - DAG(s) dict_keys(['my_second']) retrieved from /opt/airflow/dags/my_second_dag.py
[2023-03-27T19:46:46.537+0000] {logging_mixin.py:137} INFO - [2023-03-27T19:46:46.537+0000] {dag.py:2693} INFO - Sync 1 DAGs
[2023-03-27T19:46:46.584+0000] {logging_mixin.py:137} INFO - [2023-03-27T19:46:46.583+0000] {dag.py:3444} INFO - Setting next_dagrun for my_second to None, run_after=None
[2023-03-27T19:46:46.630+0000] {processor.py:175} INFO - Processing /opt/airflow/dags/my_second_dag.py took 0.307 seconds
[2023-03-27T19:47:14.111+0000] {processor.py:153} INFO - Started process (PID=1727) to work on /opt/airflow/dags/my_second_dag.py
[2023-03-27T19:47:14.113+0000] {processor.py:743} INFO - Processing file /opt/airflow/dags/my_second_dag.py for tasks to queue
[2023-03-27T19:47:14.116+0000] {logging_mixin.py:137} INFO - [2023-03-27T19:47:14.115+0000] {dagbag.py:532} INFO - Filling up the DagBag from /opt/airflow/dags/my_second_dag.py
[2023-03-27T19:47:14.197+0000] {processor.py:753} INFO - DAG(s) dict_keys(['my_second']) retrieved from /opt/airflow/dags/my_second_dag.py
[2023-03-27T19:47:14.259+0000] {logging_mixin.py:137} INFO - [2023-03-27T19:47:14.258+0000] {dag.py:2693} INFO - Sync 1 DAGs
[2023-03-27T19:47:14.325+0000] {logging_mixin.py:137} INFO - [2023-03-27T19:47:14.324+0000] {dag.py:3444} INFO - Setting next_dagrun for my_second to None, run_after=None
[2023-03-27T19:47:14.371+0000] {processor.py:175} INFO - Processing /opt/airflow/dags/my_second_dag.py took 0.268 seconds
[2023-03-27T19:47:17.240+0000] {processor.py:153} INFO - Started process (PID=1684) to work on /opt/airflow/dags/my_second_dag.py
[2023-03-27T19:47:17.242+0000] {processor.py:743} INFO - Processing file /opt/airflow/dags/my_second_dag.py for tasks to queue
[2023-03-27T19:47:17.246+0000] {logging_mixin.py:137} INFO - [2023-03-27T19:47:17.245+0000] {dagbag.py:532} INFO - Filling up the DagBag from /opt/airflow/dags/my_second_dag.py
[2023-03-27T19:47:17.314+0000] {processor.py:753} INFO - DAG(s) dict_keys(['my_second']) retrieved from /opt/airflow/dags/my_second_dag.py
[2023-03-27T19:47:17.375+0000] {logging_mixin.py:137} INFO - [2023-03-27T19:47:17.375+0000] {dag.py:2693} INFO - Sync 1 DAGs
[2023-03-27T19:47:17.414+0000] {logging_mixin.py:137} INFO - [2023-03-27T19:47:17.414+0000] {dag.py:3444} INFO - Setting next_dagrun for my_second to None, run_after=None
[2023-03-27T19:47:17.459+0000] {processor.py:175} INFO - Processing /opt/airflow/dags/my_second_dag.py took 0.231 seconds
[2023-03-27T19:47:44.685+0000] {processor.py:153} INFO - Started process (PID=1744) to work on /opt/airflow/dags/my_second_dag.py
[2023-03-27T19:47:44.692+0000] {processor.py:743} INFO - Processing file /opt/airflow/dags/my_second_dag.py for tasks to queue
[2023-03-27T19:47:44.695+0000] {logging_mixin.py:137} INFO - [2023-03-27T19:47:44.694+0000] {dagbag.py:532} INFO - Filling up the DagBag from /opt/airflow/dags/my_second_dag.py
[2023-03-27T19:47:44.758+0000] {processor.py:753} INFO - DAG(s) dict_keys(['my_second']) retrieved from /opt/airflow/dags/my_second_dag.py
[2023-03-27T19:47:44.809+0000] {logging_mixin.py:137} INFO - [2023-03-27T19:47:44.809+0000] {dag.py:2693} INFO - Sync 1 DAGs
[2023-03-27T19:47:44.864+0000] {logging_mixin.py:137} INFO - [2023-03-27T19:47:44.864+0000] {dag.py:3444} INFO - Setting next_dagrun for my_second to None, run_after=None
[2023-03-27T19:47:44.909+0000] {processor.py:175} INFO - Processing /opt/airflow/dags/my_second_dag.py took 0.235 seconds
[2023-03-27T19:47:47.721+0000] {processor.py:153} INFO - Started process (PID=1700) to work on /opt/airflow/dags/my_second_dag.py
[2023-03-27T19:47:47.729+0000] {processor.py:743} INFO - Processing file /opt/airflow/dags/my_second_dag.py for tasks to queue
[2023-03-27T19:47:47.734+0000] {logging_mixin.py:137} INFO - [2023-03-27T19:47:47.734+0000] {dagbag.py:532} INFO - Filling up the DagBag from /opt/airflow/dags/my_second_dag.py
[2023-03-27T19:47:47.799+0000] {processor.py:753} INFO - DAG(s) dict_keys(['my_second']) retrieved from /opt/airflow/dags/my_second_dag.py
[2023-03-27T19:47:47.886+0000] {logging_mixin.py:137} INFO - [2023-03-27T19:47:47.885+0000] {dag.py:2693} INFO - Sync 1 DAGs
[2023-03-27T19:47:47.928+0000] {logging_mixin.py:137} INFO - [2023-03-27T19:47:47.928+0000] {dag.py:3444} INFO - Setting next_dagrun for my_second to None, run_after=None
[2023-03-27T19:47:48.016+0000] {processor.py:175} INFO - Processing /opt/airflow/dags/my_second_dag.py took 0.303 seconds
