[2023-03-28T18:19:44.330+0000] {processor.py:153} INFO - Started process (PID=193) to work on /opt/airflow/dags/my_first_dag.py
[2023-03-28T18:19:44.340+0000] {processor.py:743} INFO - Processing file /opt/airflow/dags/my_first_dag.py for tasks to queue
[2023-03-28T18:19:44.352+0000] {logging_mixin.py:137} INFO - [2023-03-28T18:19:44.352+0000] {dagbag.py:532} INFO - Filling up the DagBag from /opt/airflow/dags/my_first_dag.py
[2023-03-28T18:19:44.621+0000] {processor.py:753} INFO - DAG(s) dict_keys(['my_first1']) retrieved from /opt/airflow/dags/my_first_dag.py
[2023-03-28T18:19:45.353+0000] {logging_mixin.py:137} INFO - [2023-03-28T18:19:45.353+0000] {dag.py:2693} INFO - Sync 1 DAGs
[2023-03-28T18:19:45.418+0000] {logging_mixin.py:137} INFO - [2023-03-28T18:19:45.416+0000] {dag.py:3444} INFO - Setting next_dagrun for my_first1 to 2023-03-27T09:00:00+00:00, run_after=2023-03-28T09:00:00+00:00
[2023-03-28T18:19:45.482+0000] {processor.py:175} INFO - Processing /opt/airflow/dags/my_first_dag.py took 1.194 seconds
[2023-03-28T18:20:15.817+0000] {processor.py:153} INFO - Started process (PID=227) to work on /opt/airflow/dags/my_first_dag.py
[2023-03-28T18:20:15.819+0000] {processor.py:743} INFO - Processing file /opt/airflow/dags/my_first_dag.py for tasks to queue
[2023-03-28T18:20:15.822+0000] {logging_mixin.py:137} INFO - [2023-03-28T18:20:15.822+0000] {dagbag.py:532} INFO - Filling up the DagBag from /opt/airflow/dags/my_first_dag.py
[2023-03-28T18:20:15.889+0000] {processor.py:753} INFO - DAG(s) dict_keys(['my_first1']) retrieved from /opt/airflow/dags/my_first_dag.py
[2023-03-28T18:20:15.955+0000] {logging_mixin.py:137} INFO - [2023-03-28T18:20:15.955+0000] {dag.py:2693} INFO - Sync 1 DAGs
[2023-03-28T18:20:16.017+0000] {logging_mixin.py:137} INFO - [2023-03-28T18:20:16.017+0000] {dag.py:3444} INFO - Setting next_dagrun for my_first1 to 2023-03-27T09:00:00+00:00, run_after=2023-03-28T09:00:00+00:00
[2023-03-28T18:20:16.069+0000] {processor.py:175} INFO - Processing /opt/airflow/dags/my_first_dag.py took 0.260 seconds
[2023-03-28T18:20:46.952+0000] {processor.py:153} INFO - Started process (PID=262) to work on /opt/airflow/dags/my_first_dag.py
[2023-03-28T18:20:46.958+0000] {processor.py:743} INFO - Processing file /opt/airflow/dags/my_first_dag.py for tasks to queue
[2023-03-28T18:20:46.969+0000] {logging_mixin.py:137} INFO - [2023-03-28T18:20:46.968+0000] {dagbag.py:532} INFO - Filling up the DagBag from /opt/airflow/dags/my_first_dag.py
[2023-03-28T18:20:47.038+0000] {processor.py:753} INFO - DAG(s) dict_keys(['my_first1']) retrieved from /opt/airflow/dags/my_first_dag.py
[2023-03-28T18:20:47.115+0000] {logging_mixin.py:137} INFO - [2023-03-28T18:20:47.114+0000] {dag.py:2693} INFO - Sync 1 DAGs
[2023-03-28T18:20:47.201+0000] {logging_mixin.py:137} INFO - [2023-03-28T18:20:47.200+0000] {dag.py:3444} INFO - Setting next_dagrun for my_first1 to 2023-03-27T09:00:00+00:00, run_after=2023-03-28T09:00:00+00:00
[2023-03-28T18:20:47.264+0000] {processor.py:175} INFO - Processing /opt/airflow/dags/my_first_dag.py took 0.322 seconds
[2023-03-28T18:21:24.702+0000] {processor.py:153} INFO - Started process (PID=297) to work on /opt/airflow/dags/my_first_dag.py
[2023-03-28T18:21:24.708+0000] {processor.py:743} INFO - Processing file /opt/airflow/dags/my_first_dag.py for tasks to queue
[2023-03-28T18:21:24.727+0000] {logging_mixin.py:137} INFO - [2023-03-28T18:21:24.727+0000] {dagbag.py:532} INFO - Filling up the DagBag from /opt/airflow/dags/my_first_dag.py
[2023-03-28T18:21:24.903+0000] {processor.py:753} INFO - DAG(s) dict_keys(['my_first1']) retrieved from /opt/airflow/dags/my_first_dag.py
[2023-03-28T18:21:26.274+0000] {logging_mixin.py:137} INFO - [2023-03-28T18:21:26.274+0000] {dag.py:2693} INFO - Sync 1 DAGs
[2023-03-28T18:21:27.771+0000] {logging_mixin.py:137} INFO - [2023-03-28T18:21:27.757+0000] {dag.py:3444} INFO - Setting next_dagrun for my_first1 to 2023-03-27T09:00:00+00:00, run_after=2023-03-28T09:00:00+00:00
[2023-03-28T18:21:28.139+0000] {processor.py:175} INFO - Processing /opt/airflow/dags/my_first_dag.py took 3.463 seconds
[2023-03-28T18:22:02.010+0000] {processor.py:153} INFO - Started process (PID=332) to work on /opt/airflow/dags/my_first_dag.py
[2023-03-28T18:22:02.017+0000] {processor.py:743} INFO - Processing file /opt/airflow/dags/my_first_dag.py for tasks to queue
[2023-03-28T18:22:02.022+0000] {logging_mixin.py:137} INFO - [2023-03-28T18:22:02.022+0000] {dagbag.py:532} INFO - Filling up the DagBag from /opt/airflow/dags/my_first_dag.py
[2023-03-28T18:22:02.191+0000] {processor.py:753} INFO - DAG(s) dict_keys(['my_first1']) retrieved from /opt/airflow/dags/my_first_dag.py
[2023-03-28T18:22:02.590+0000] {logging_mixin.py:137} INFO - [2023-03-28T18:22:02.567+0000] {dag.py:2693} INFO - Sync 1 DAGs
[2023-03-28T18:22:03.093+0000] {logging_mixin.py:137} INFO - [2023-03-28T18:22:03.092+0000] {dag.py:3444} INFO - Setting next_dagrun for my_first1 to 2023-03-27T09:00:00+00:00, run_after=2023-03-28T09:00:00+00:00
[2023-03-28T18:22:03.257+0000] {processor.py:175} INFO - Processing /opt/airflow/dags/my_first_dag.py took 1.275 seconds
[2023-03-28T18:22:33.993+0000] {processor.py:153} INFO - Started process (PID=361) to work on /opt/airflow/dags/my_first_dag.py
[2023-03-28T18:22:34.001+0000] {processor.py:743} INFO - Processing file /opt/airflow/dags/my_first_dag.py for tasks to queue
[2023-03-28T18:22:34.005+0000] {logging_mixin.py:137} INFO - [2023-03-28T18:22:34.005+0000] {dagbag.py:532} INFO - Filling up the DagBag from /opt/airflow/dags/my_first_dag.py
[2023-03-28T18:22:34.190+0000] {processor.py:753} INFO - DAG(s) dict_keys(['my_first1']) retrieved from /opt/airflow/dags/my_first_dag.py
[2023-03-28T18:22:34.581+0000] {logging_mixin.py:137} INFO - [2023-03-28T18:22:34.581+0000] {dag.py:2693} INFO - Sync 1 DAGs
[2023-03-28T18:22:34.802+0000] {logging_mixin.py:137} INFO - [2023-03-28T18:22:34.802+0000] {dag.py:3444} INFO - Setting next_dagrun for my_first1 to 2023-03-27T09:00:00+00:00, run_after=2023-03-28T09:00:00+00:00
[2023-03-28T18:22:35.075+0000] {processor.py:175} INFO - Processing /opt/airflow/dags/my_first_dag.py took 1.207 seconds
[2023-03-28T18:23:05.761+0000] {processor.py:153} INFO - Started process (PID=395) to work on /opt/airflow/dags/my_first_dag.py
[2023-03-28T18:23:05.790+0000] {processor.py:743} INFO - Processing file /opt/airflow/dags/my_first_dag.py for tasks to queue
[2023-03-28T18:23:05.802+0000] {logging_mixin.py:137} INFO - [2023-03-28T18:23:05.801+0000] {dagbag.py:532} INFO - Filling up the DagBag from /opt/airflow/dags/my_first_dag.py
[2023-03-28T18:23:06.236+0000] {processor.py:753} INFO - DAG(s) dict_keys(['my_first1']) retrieved from /opt/airflow/dags/my_first_dag.py
[2023-03-28T18:23:06.660+0000] {logging_mixin.py:137} INFO - [2023-03-28T18:23:06.660+0000] {dag.py:2693} INFO - Sync 1 DAGs
[2023-03-28T18:23:07.591+0000] {logging_mixin.py:137} INFO - [2023-03-28T18:23:07.591+0000] {dag.py:3444} INFO - Setting next_dagrun for my_first1 to 2023-03-27T09:00:00+00:00, run_after=2023-03-28T09:00:00+00:00
[2023-03-28T18:23:08.129+0000] {processor.py:175} INFO - Processing /opt/airflow/dags/my_first_dag.py took 2.444 seconds
[2023-03-28T18:23:38.620+0000] {processor.py:153} INFO - Started process (PID=426) to work on /opt/airflow/dags/my_first_dag.py
[2023-03-28T18:23:38.743+0000] {processor.py:743} INFO - Processing file /opt/airflow/dags/my_first_dag.py for tasks to queue
[2023-03-28T18:23:38.756+0000] {logging_mixin.py:137} INFO - [2023-03-28T18:23:38.755+0000] {dagbag.py:532} INFO - Filling up the DagBag from /opt/airflow/dags/my_first_dag.py
[2023-03-28T18:23:38.919+0000] {processor.py:753} INFO - DAG(s) dict_keys(['my_first1']) retrieved from /opt/airflow/dags/my_first_dag.py
[2023-03-28T18:23:39.187+0000] {logging_mixin.py:137} INFO - [2023-03-28T18:23:39.187+0000] {dag.py:2693} INFO - Sync 1 DAGs
[2023-03-28T18:23:39.295+0000] {logging_mixin.py:137} INFO - [2023-03-28T18:23:39.294+0000] {dag.py:3444} INFO - Setting next_dagrun for my_first1 to 2023-03-27T09:00:00+00:00, run_after=2023-03-28T09:00:00+00:00
[2023-03-28T18:23:39.375+0000] {processor.py:175} INFO - Processing /opt/airflow/dags/my_first_dag.py took 0.760 seconds
[2023-03-28T18:24:09.852+0000] {processor.py:153} INFO - Started process (PID=461) to work on /opt/airflow/dags/my_first_dag.py
[2023-03-28T18:24:09.854+0000] {processor.py:743} INFO - Processing file /opt/airflow/dags/my_first_dag.py for tasks to queue
[2023-03-28T18:24:09.858+0000] {logging_mixin.py:137} INFO - [2023-03-28T18:24:09.857+0000] {dagbag.py:532} INFO - Filling up the DagBag from /opt/airflow/dags/my_first_dag.py
[2023-03-28T18:24:09.967+0000] {processor.py:753} INFO - DAG(s) dict_keys(['my_first1']) retrieved from /opt/airflow/dags/my_first_dag.py
[2023-03-28T18:24:10.067+0000] {logging_mixin.py:137} INFO - [2023-03-28T18:24:10.067+0000] {dag.py:2693} INFO - Sync 1 DAGs
[2023-03-28T18:24:10.145+0000] {logging_mixin.py:137} INFO - [2023-03-28T18:24:10.145+0000] {dag.py:3444} INFO - Setting next_dagrun for my_first1 to 2023-03-27T09:00:00+00:00, run_after=2023-03-28T09:00:00+00:00
[2023-03-28T18:24:10.194+0000] {processor.py:175} INFO - Processing /opt/airflow/dags/my_first_dag.py took 0.351 seconds
[2023-03-28T18:27:19.283+0000] {processor.py:153} INFO - Started process (PID=199) to work on /opt/airflow/dags/my_first_dag.py
[2023-03-28T18:27:19.289+0000] {processor.py:743} INFO - Processing file /opt/airflow/dags/my_first_dag.py for tasks to queue
[2023-03-28T18:27:19.304+0000] {logging_mixin.py:137} INFO - [2023-03-28T18:27:19.301+0000] {dagbag.py:532} INFO - Filling up the DagBag from /opt/airflow/dags/my_first_dag.py
[2023-03-28T18:27:19.663+0000] {processor.py:753} INFO - DAG(s) dict_keys(['my_first1']) retrieved from /opt/airflow/dags/my_first_dag.py
[2023-03-28T18:27:20.002+0000] {logging_mixin.py:137} INFO - [2023-03-28T18:27:20.000+0000] {dag.py:2693} INFO - Sync 1 DAGs
[2023-03-28T18:27:20.359+0000] {logging_mixin.py:137} INFO - [2023-03-28T18:27:20.357+0000] {dag.py:3444} INFO - Setting next_dagrun for my_first1 to 2023-03-27T09:00:00+00:00, run_after=2023-03-28T09:00:00+00:00
[2023-03-28T18:27:20.598+0000] {processor.py:175} INFO - Processing /opt/airflow/dags/my_first_dag.py took 1.344 seconds
[2023-03-28T18:27:54.078+0000] {processor.py:153} INFO - Started process (PID=234) to work on /opt/airflow/dags/my_first_dag.py
[2023-03-28T18:27:54.082+0000] {processor.py:743} INFO - Processing file /opt/airflow/dags/my_first_dag.py for tasks to queue
[2023-03-28T18:27:54.089+0000] {logging_mixin.py:137} INFO - [2023-03-28T18:27:54.088+0000] {dagbag.py:532} INFO - Filling up the DagBag from /opt/airflow/dags/my_first_dag.py
[2023-03-28T18:27:54.161+0000] {processor.py:753} INFO - DAG(s) dict_keys(['my_first1']) retrieved from /opt/airflow/dags/my_first_dag.py
[2023-03-28T18:27:54.317+0000] {logging_mixin.py:137} INFO - [2023-03-28T18:27:54.317+0000] {dag.py:2693} INFO - Sync 1 DAGs
[2023-03-28T18:27:54.538+0000] {logging_mixin.py:137} INFO - [2023-03-28T18:27:54.535+0000] {dag.py:3444} INFO - Setting next_dagrun for my_first1 to 2023-03-27T09:00:00+00:00, run_after=2023-03-28T09:00:00+00:00
[2023-03-28T18:27:54.679+0000] {processor.py:175} INFO - Processing /opt/airflow/dags/my_first_dag.py took 0.618 seconds
[2023-03-28T18:28:34.336+0000] {processor.py:153} INFO - Started process (PID=268) to work on /opt/airflow/dags/my_first_dag.py
[2023-03-28T18:28:34.347+0000] {processor.py:743} INFO - Processing file /opt/airflow/dags/my_first_dag.py for tasks to queue
[2023-03-28T18:28:34.360+0000] {logging_mixin.py:137} INFO - [2023-03-28T18:28:34.359+0000] {dagbag.py:532} INFO - Filling up the DagBag from /opt/airflow/dags/my_first_dag.py
[2023-03-28T18:28:34.486+0000] {processor.py:753} INFO - DAG(s) dict_keys(['my_first1']) retrieved from /opt/airflow/dags/my_first_dag.py
[2023-03-28T18:28:34.552+0000] {logging_mixin.py:137} INFO - [2023-03-28T18:28:34.552+0000] {dag.py:2693} INFO - Sync 1 DAGs
[2023-03-28T18:28:34.627+0000] {logging_mixin.py:137} INFO - [2023-03-28T18:28:34.626+0000] {dag.py:3444} INFO - Setting next_dagrun for my_first1 to 2023-03-27T09:00:00+00:00, run_after=2023-03-28T09:00:00+00:00
[2023-03-28T18:28:34.701+0000] {processor.py:175} INFO - Processing /opt/airflow/dags/my_first_dag.py took 0.380 seconds
[2023-03-28T18:29:08.891+0000] {processor.py:153} INFO - Started process (PID=303) to work on /opt/airflow/dags/my_first_dag.py
[2023-03-28T18:29:08.910+0000] {processor.py:743} INFO - Processing file /opt/airflow/dags/my_first_dag.py for tasks to queue
[2023-03-28T18:29:08.922+0000] {logging_mixin.py:137} INFO - [2023-03-28T18:29:08.922+0000] {dagbag.py:532} INFO - Filling up the DagBag from /opt/airflow/dags/my_first_dag.py
[2023-03-28T18:29:09.192+0000] {processor.py:753} INFO - DAG(s) dict_keys(['my_first1']) retrieved from /opt/airflow/dags/my_first_dag.py
[2023-03-28T18:29:09.490+0000] {logging_mixin.py:137} INFO - [2023-03-28T18:29:09.489+0000] {dag.py:2693} INFO - Sync 1 DAGs
[2023-03-28T18:29:09.726+0000] {logging_mixin.py:137} INFO - [2023-03-28T18:29:09.725+0000] {dag.py:3444} INFO - Setting next_dagrun for my_first1 to 2023-03-27T09:00:00+00:00, run_after=2023-03-28T09:00:00+00:00
[2023-03-28T18:29:09.933+0000] {processor.py:175} INFO - Processing /opt/airflow/dags/my_first_dag.py took 1.097 seconds
[2023-03-28T18:29:40.117+0000] {processor.py:153} INFO - Started process (PID=334) to work on /opt/airflow/dags/my_first_dag.py
[2023-03-28T18:29:40.128+0000] {processor.py:743} INFO - Processing file /opt/airflow/dags/my_first_dag.py for tasks to queue
[2023-03-28T18:29:40.130+0000] {logging_mixin.py:137} INFO - [2023-03-28T18:29:40.130+0000] {dagbag.py:532} INFO - Filling up the DagBag from /opt/airflow/dags/my_first_dag.py
[2023-03-28T18:29:40.219+0000] {processor.py:753} INFO - DAG(s) dict_keys(['my_first1']) retrieved from /opt/airflow/dags/my_first_dag.py
[2023-03-28T18:29:40.341+0000] {logging_mixin.py:137} INFO - [2023-03-28T18:29:40.341+0000] {dag.py:2693} INFO - Sync 1 DAGs
[2023-03-28T18:29:40.468+0000] {logging_mixin.py:137} INFO - [2023-03-28T18:29:40.468+0000] {dag.py:3444} INFO - Setting next_dagrun for my_first1 to 2023-03-27T09:00:00+00:00, run_after=2023-03-28T09:00:00+00:00
[2023-03-28T18:29:40.555+0000] {processor.py:175} INFO - Processing /opt/airflow/dags/my_first_dag.py took 0.451 seconds
[2023-03-28T18:30:11.787+0000] {processor.py:153} INFO - Started process (PID=367) to work on /opt/airflow/dags/my_first_dag.py
[2023-03-28T18:30:11.795+0000] {processor.py:743} INFO - Processing file /opt/airflow/dags/my_first_dag.py for tasks to queue
[2023-03-28T18:30:11.803+0000] {logging_mixin.py:137} INFO - [2023-03-28T18:30:11.803+0000] {dagbag.py:532} INFO - Filling up the DagBag from /opt/airflow/dags/my_first_dag.py
[2023-03-28T18:30:11.896+0000] {processor.py:753} INFO - DAG(s) dict_keys(['my_first1']) retrieved from /opt/airflow/dags/my_first_dag.py
[2023-03-28T18:30:12.134+0000] {logging_mixin.py:137} INFO - [2023-03-28T18:30:12.134+0000] {dag.py:2693} INFO - Sync 1 DAGs
[2023-03-28T18:30:12.259+0000] {logging_mixin.py:137} INFO - [2023-03-28T18:30:12.258+0000] {dag.py:3444} INFO - Setting next_dagrun for my_first1 to 2023-03-27T09:00:00+00:00, run_after=2023-03-28T09:00:00+00:00
[2023-03-28T18:30:12.434+0000] {processor.py:175} INFO - Processing /opt/airflow/dags/my_first_dag.py took 0.679 seconds
[2023-03-28T18:30:43.665+0000] {processor.py:153} INFO - Started process (PID=396) to work on /opt/airflow/dags/my_first_dag.py
[2023-03-28T18:30:43.676+0000] {processor.py:743} INFO - Processing file /opt/airflow/dags/my_first_dag.py for tasks to queue
[2023-03-28T18:30:43.699+0000] {logging_mixin.py:137} INFO - [2023-03-28T18:30:43.688+0000] {dagbag.py:532} INFO - Filling up the DagBag from /opt/airflow/dags/my_first_dag.py
[2023-03-28T18:30:43.907+0000] {processor.py:753} INFO - DAG(s) dict_keys(['my_first1']) retrieved from /opt/airflow/dags/my_first_dag.py
[2023-03-28T18:30:44.085+0000] {logging_mixin.py:137} INFO - [2023-03-28T18:30:44.085+0000] {dag.py:2693} INFO - Sync 1 DAGs
[2023-03-28T18:30:44.314+0000] {logging_mixin.py:137} INFO - [2023-03-28T18:30:44.314+0000] {dag.py:3444} INFO - Setting next_dagrun for my_first1 to 2023-03-27T09:00:00+00:00, run_after=2023-03-28T09:00:00+00:00
[2023-03-28T18:30:44.430+0000] {processor.py:175} INFO - Processing /opt/airflow/dags/my_first_dag.py took 0.775 seconds
[2023-03-28T18:31:15.344+0000] {processor.py:153} INFO - Started process (PID=430) to work on /opt/airflow/dags/my_first_dag.py
[2023-03-28T18:31:15.383+0000] {processor.py:743} INFO - Processing file /opt/airflow/dags/my_first_dag.py for tasks to queue
[2023-03-28T18:31:15.405+0000] {logging_mixin.py:137} INFO - [2023-03-28T18:31:15.404+0000] {dagbag.py:532} INFO - Filling up the DagBag from /opt/airflow/dags/my_first_dag.py
[2023-03-28T18:31:15.546+0000] {processor.py:753} INFO - DAG(s) dict_keys(['my_first1']) retrieved from /opt/airflow/dags/my_first_dag.py
[2023-03-28T18:31:15.688+0000] {logging_mixin.py:137} INFO - [2023-03-28T18:31:15.688+0000] {dag.py:2693} INFO - Sync 1 DAGs
[2023-03-28T18:31:15.847+0000] {logging_mixin.py:137} INFO - [2023-03-28T18:31:15.847+0000] {dag.py:3444} INFO - Setting next_dagrun for my_first1 to 2023-03-27T09:00:00+00:00, run_after=2023-03-28T09:00:00+00:00
[2023-03-28T18:31:15.896+0000] {processor.py:175} INFO - Processing /opt/airflow/dags/my_first_dag.py took 0.579 seconds
[2023-03-28T18:31:46.979+0000] {processor.py:153} INFO - Started process (PID=465) to work on /opt/airflow/dags/my_first_dag.py
[2023-03-28T18:31:46.993+0000] {processor.py:743} INFO - Processing file /opt/airflow/dags/my_first_dag.py for tasks to queue
[2023-03-28T18:31:47.003+0000] {logging_mixin.py:137} INFO - [2023-03-28T18:31:47.003+0000] {dagbag.py:532} INFO - Filling up the DagBag from /opt/airflow/dags/my_first_dag.py
[2023-03-28T18:31:47.171+0000] {processor.py:753} INFO - DAG(s) dict_keys(['my_first1']) retrieved from /opt/airflow/dags/my_first_dag.py
[2023-03-28T18:31:47.400+0000] {logging_mixin.py:137} INFO - [2023-03-28T18:31:47.399+0000] {dag.py:2693} INFO - Sync 1 DAGs
[2023-03-28T18:31:47.652+0000] {logging_mixin.py:137} INFO - [2023-03-28T18:31:47.652+0000] {dag.py:3444} INFO - Setting next_dagrun for my_first1 to 2023-03-27T09:00:00+00:00, run_after=2023-03-28T09:00:00+00:00
[2023-03-28T18:31:47.860+0000] {processor.py:175} INFO - Processing /opt/airflow/dags/my_first_dag.py took 0.939 seconds
[2023-03-28T18:32:18.369+0000] {processor.py:153} INFO - Started process (PID=503) to work on /opt/airflow/dags/my_first_dag.py
[2023-03-28T18:32:18.371+0000] {processor.py:743} INFO - Processing file /opt/airflow/dags/my_first_dag.py for tasks to queue
[2023-03-28T18:32:18.375+0000] {logging_mixin.py:137} INFO - [2023-03-28T18:32:18.375+0000] {dagbag.py:532} INFO - Filling up the DagBag from /opt/airflow/dags/my_first_dag.py
[2023-03-28T18:32:18.437+0000] {processor.py:753} INFO - DAG(s) dict_keys(['my_first1']) retrieved from /opt/airflow/dags/my_first_dag.py
[2023-03-28T18:32:18.541+0000] {logging_mixin.py:137} INFO - [2023-03-28T18:32:18.541+0000] {dag.py:2693} INFO - Sync 1 DAGs
[2023-03-28T18:32:18.684+0000] {logging_mixin.py:137} INFO - [2023-03-28T18:32:18.683+0000] {dag.py:3444} INFO - Setting next_dagrun for my_first1 to 2023-03-27T09:00:00+00:00, run_after=2023-03-28T09:00:00+00:00
[2023-03-28T18:32:18.815+0000] {processor.py:175} INFO - Processing /opt/airflow/dags/my_first_dag.py took 0.471 seconds
[2023-03-28T18:32:48.985+0000] {processor.py:153} INFO - Started process (PID=538) to work on /opt/airflow/dags/my_first_dag.py
[2023-03-28T18:32:48.996+0000] {processor.py:743} INFO - Processing file /opt/airflow/dags/my_first_dag.py for tasks to queue
[2023-03-28T18:32:49.004+0000] {logging_mixin.py:137} INFO - [2023-03-28T18:32:49.004+0000] {dagbag.py:532} INFO - Filling up the DagBag from /opt/airflow/dags/my_first_dag.py
[2023-03-28T18:32:49.175+0000] {processor.py:753} INFO - DAG(s) dict_keys(['my_first1']) retrieved from /opt/airflow/dags/my_first_dag.py
[2023-03-28T18:32:49.294+0000] {logging_mixin.py:137} INFO - [2023-03-28T18:32:49.293+0000] {dag.py:2693} INFO - Sync 1 DAGs
[2023-03-28T18:32:49.418+0000] {logging_mixin.py:137} INFO - [2023-03-28T18:32:49.418+0000] {dag.py:3444} INFO - Setting next_dagrun for my_first1 to 2023-03-27T09:00:00+00:00, run_after=2023-03-28T09:00:00+00:00
[2023-03-28T18:32:49.527+0000] {processor.py:175} INFO - Processing /opt/airflow/dags/my_first_dag.py took 0.552 seconds
[2023-03-28T18:34:52.002+0000] {processor.py:153} INFO - Started process (PID=186) to work on /opt/airflow/dags/my_first_dag.py
[2023-03-28T18:34:52.010+0000] {processor.py:743} INFO - Processing file /opt/airflow/dags/my_first_dag.py for tasks to queue
[2023-03-28T18:34:52.014+0000] {logging_mixin.py:137} INFO - [2023-03-28T18:34:52.013+0000] {dagbag.py:532} INFO - Filling up the DagBag from /opt/airflow/dags/my_first_dag.py
[2023-03-28T18:34:52.124+0000] {processor.py:753} INFO - DAG(s) dict_keys(['my_first1']) retrieved from /opt/airflow/dags/my_first_dag.py
[2023-03-28T18:34:52.471+0000] {logging_mixin.py:137} INFO - [2023-03-28T18:34:52.471+0000] {dag.py:2693} INFO - Sync 1 DAGs
[2023-03-28T18:34:52.581+0000] {logging_mixin.py:137} INFO - [2023-03-28T18:34:52.580+0000] {dag.py:3444} INFO - Setting next_dagrun for my_first1 to 2023-03-27T09:00:00+00:00, run_after=2023-03-28T09:00:00+00:00
[2023-03-28T18:34:52.631+0000] {processor.py:175} INFO - Processing /opt/airflow/dags/my_first_dag.py took 0.644 seconds
[2023-03-28T18:35:22.856+0000] {processor.py:153} INFO - Started process (PID=219) to work on /opt/airflow/dags/my_first_dag.py
[2023-03-28T18:35:22.858+0000] {processor.py:743} INFO - Processing file /opt/airflow/dags/my_first_dag.py for tasks to queue
[2023-03-28T18:35:22.862+0000] {logging_mixin.py:137} INFO - [2023-03-28T18:35:22.861+0000] {dagbag.py:532} INFO - Filling up the DagBag from /opt/airflow/dags/my_first_dag.py
[2023-03-28T18:35:22.913+0000] {processor.py:753} INFO - DAG(s) dict_keys(['my_first1']) retrieved from /opt/airflow/dags/my_first_dag.py
[2023-03-28T18:35:22.990+0000] {logging_mixin.py:137} INFO - [2023-03-28T18:35:22.990+0000] {dag.py:2693} INFO - Sync 1 DAGs
[2023-03-28T18:35:23.106+0000] {logging_mixin.py:137} INFO - [2023-03-28T18:35:23.106+0000] {dag.py:3444} INFO - Setting next_dagrun for my_first1 to 2023-03-27T09:00:00+00:00, run_after=2023-03-28T09:00:00+00:00
[2023-03-28T18:35:23.183+0000] {processor.py:175} INFO - Processing /opt/airflow/dags/my_first_dag.py took 0.336 seconds
[2023-03-28T18:35:54.709+0000] {processor.py:153} INFO - Started process (PID=255) to work on /opt/airflow/dags/my_first_dag.py
[2023-03-28T18:35:54.713+0000] {processor.py:743} INFO - Processing file /opt/airflow/dags/my_first_dag.py for tasks to queue
[2023-03-28T18:35:54.725+0000] {logging_mixin.py:137} INFO - [2023-03-28T18:35:54.725+0000] {dagbag.py:532} INFO - Filling up the DagBag from /opt/airflow/dags/my_first_dag.py
[2023-03-28T18:35:54.861+0000] {processor.py:753} INFO - DAG(s) dict_keys(['my_first1']) retrieved from /opt/airflow/dags/my_first_dag.py
[2023-03-28T18:35:55.042+0000] {logging_mixin.py:137} INFO - [2023-03-28T18:35:55.042+0000] {dag.py:2693} INFO - Sync 1 DAGs
[2023-03-28T18:35:55.219+0000] {logging_mixin.py:137} INFO - [2023-03-28T18:35:55.219+0000] {dag.py:3444} INFO - Setting next_dagrun for my_first1 to 2023-03-27T09:00:00+00:00, run_after=2023-03-28T09:00:00+00:00
[2023-03-28T18:35:55.280+0000] {processor.py:175} INFO - Processing /opt/airflow/dags/my_first_dag.py took 0.598 seconds
[2023-03-28T18:36:26.776+0000] {processor.py:153} INFO - Started process (PID=290) to work on /opt/airflow/dags/my_first_dag.py
[2023-03-28T18:36:26.782+0000] {processor.py:743} INFO - Processing file /opt/airflow/dags/my_first_dag.py for tasks to queue
[2023-03-28T18:36:26.790+0000] {logging_mixin.py:137} INFO - [2023-03-28T18:36:26.790+0000] {dagbag.py:532} INFO - Filling up the DagBag from /opt/airflow/dags/my_first_dag.py
[2023-03-28T18:36:26.936+0000] {processor.py:753} INFO - DAG(s) dict_keys(['my_first1']) retrieved from /opt/airflow/dags/my_first_dag.py
[2023-03-28T18:36:27.147+0000] {logging_mixin.py:137} INFO - [2023-03-28T18:36:27.146+0000] {dag.py:2693} INFO - Sync 1 DAGs
[2023-03-28T18:36:27.260+0000] {logging_mixin.py:137} INFO - [2023-03-28T18:36:27.259+0000] {dag.py:3444} INFO - Setting next_dagrun for my_first1 to 2023-03-27T09:00:00+00:00, run_after=2023-03-28T09:00:00+00:00
[2023-03-28T18:36:27.336+0000] {processor.py:175} INFO - Processing /opt/airflow/dags/my_first_dag.py took 0.571 seconds
[2023-03-28T18:36:57.621+0000] {processor.py:153} INFO - Started process (PID=319) to work on /opt/airflow/dags/my_first_dag.py
[2023-03-28T18:36:57.624+0000] {processor.py:743} INFO - Processing file /opt/airflow/dags/my_first_dag.py for tasks to queue
[2023-03-28T18:36:57.629+0000] {logging_mixin.py:137} INFO - [2023-03-28T18:36:57.627+0000] {dagbag.py:532} INFO - Filling up the DagBag from /opt/airflow/dags/my_first_dag.py
[2023-03-28T18:36:57.686+0000] {processor.py:753} INFO - DAG(s) dict_keys(['my_first1']) retrieved from /opt/airflow/dags/my_first_dag.py
[2023-03-28T18:36:57.801+0000] {logging_mixin.py:137} INFO - [2023-03-28T18:36:57.801+0000] {dag.py:2693} INFO - Sync 1 DAGs
[2023-03-28T18:36:57.966+0000] {logging_mixin.py:137} INFO - [2023-03-28T18:36:57.966+0000] {dag.py:3444} INFO - Setting next_dagrun for my_first1 to 2023-03-27T09:00:00+00:00, run_after=2023-03-28T09:00:00+00:00
[2023-03-28T18:36:58.065+0000] {processor.py:175} INFO - Processing /opt/airflow/dags/my_first_dag.py took 0.455 seconds
[2023-03-28T18:37:31.061+0000] {processor.py:153} INFO - Started process (PID=365) to work on /opt/airflow/dags/my_first_dag.py
[2023-03-28T18:37:31.065+0000] {processor.py:743} INFO - Processing file /opt/airflow/dags/my_first_dag.py for tasks to queue
[2023-03-28T18:37:31.075+0000] {logging_mixin.py:137} INFO - [2023-03-28T18:37:31.075+0000] {dagbag.py:532} INFO - Filling up the DagBag from /opt/airflow/dags/my_first_dag.py
[2023-03-28T18:37:31.224+0000] {processor.py:753} INFO - DAG(s) dict_keys(['my_first1']) retrieved from /opt/airflow/dags/my_first_dag.py
[2023-03-28T18:37:31.356+0000] {logging_mixin.py:137} INFO - [2023-03-28T18:37:31.355+0000] {dag.py:2693} INFO - Sync 1 DAGs
[2023-03-28T18:37:31.440+0000] {logging_mixin.py:137} INFO - [2023-03-28T18:37:31.440+0000] {dag.py:3444} INFO - Setting next_dagrun for my_first1 to 2023-03-27T09:00:00+00:00, run_after=2023-03-28T09:00:00+00:00
[2023-03-28T18:37:31.489+0000] {processor.py:175} INFO - Processing /opt/airflow/dags/my_first_dag.py took 0.437 seconds
[2023-03-28T18:38:03.078+0000] {processor.py:153} INFO - Started process (PID=399) to work on /opt/airflow/dags/my_first_dag.py
[2023-03-28T18:38:03.083+0000] {processor.py:743} INFO - Processing file /opt/airflow/dags/my_first_dag.py for tasks to queue
[2023-03-28T18:38:03.087+0000] {logging_mixin.py:137} INFO - [2023-03-28T18:38:03.087+0000] {dagbag.py:532} INFO - Filling up the DagBag from /opt/airflow/dags/my_first_dag.py
[2023-03-28T18:38:03.335+0000] {processor.py:753} INFO - DAG(s) dict_keys(['my_first1']) retrieved from /opt/airflow/dags/my_first_dag.py
[2023-03-28T18:38:03.688+0000] {logging_mixin.py:137} INFO - [2023-03-28T18:38:03.688+0000] {dag.py:2693} INFO - Sync 1 DAGs
[2023-03-28T18:38:03.792+0000] {logging_mixin.py:137} INFO - [2023-03-28T18:38:03.791+0000] {dag.py:3444} INFO - Setting next_dagrun for my_first1 to 2023-03-27T09:00:00+00:00, run_after=2023-03-28T09:00:00+00:00
[2023-03-28T18:38:03.867+0000] {processor.py:175} INFO - Processing /opt/airflow/dags/my_first_dag.py took 0.798 seconds
[2023-03-28T18:38:36.902+0000] {processor.py:153} INFO - Started process (PID=434) to work on /opt/airflow/dags/my_first_dag.py
[2023-03-28T18:38:36.904+0000] {processor.py:743} INFO - Processing file /opt/airflow/dags/my_first_dag.py for tasks to queue
[2023-03-28T18:38:36.917+0000] {logging_mixin.py:137} INFO - [2023-03-28T18:38:36.916+0000] {dagbag.py:532} INFO - Filling up the DagBag from /opt/airflow/dags/my_first_dag.py
[2023-03-28T18:38:37.019+0000] {processor.py:753} INFO - DAG(s) dict_keys(['my_first1']) retrieved from /opt/airflow/dags/my_first_dag.py
[2023-03-28T18:38:37.088+0000] {logging_mixin.py:137} INFO - [2023-03-28T18:38:37.087+0000] {dag.py:2693} INFO - Sync 1 DAGs
[2023-03-28T18:38:37.320+0000] {logging_mixin.py:137} INFO - [2023-03-28T18:38:37.320+0000] {dag.py:3444} INFO - Setting next_dagrun for my_first1 to 2023-03-27T09:00:00+00:00, run_after=2023-03-28T09:00:00+00:00
[2023-03-28T18:38:37.423+0000] {processor.py:175} INFO - Processing /opt/airflow/dags/my_first_dag.py took 0.586 seconds
[2023-03-28T18:39:08.064+0000] {processor.py:153} INFO - Started process (PID=465) to work on /opt/airflow/dags/my_first_dag.py
[2023-03-28T18:39:08.078+0000] {processor.py:743} INFO - Processing file /opt/airflow/dags/my_first_dag.py for tasks to queue
[2023-03-28T18:39:08.089+0000] {logging_mixin.py:137} INFO - [2023-03-28T18:39:08.089+0000] {dagbag.py:532} INFO - Filling up the DagBag from /opt/airflow/dags/my_first_dag.py
[2023-03-28T18:39:08.757+0000] {processor.py:753} INFO - DAG(s) dict_keys(['my_first1']) retrieved from /opt/airflow/dags/my_first_dag.py
[2023-03-28T18:39:09.070+0000] {logging_mixin.py:137} INFO - [2023-03-28T18:39:09.069+0000] {dag.py:2693} INFO - Sync 1 DAGs
[2023-03-28T18:39:09.460+0000] {logging_mixin.py:137} INFO - [2023-03-28T18:39:09.459+0000] {dag.py:3444} INFO - Setting next_dagrun for my_first1 to 2023-03-27T09:00:00+00:00, run_after=2023-03-28T09:00:00+00:00
[2023-03-28T18:39:09.617+0000] {processor.py:175} INFO - Processing /opt/airflow/dags/my_first_dag.py took 1.587 seconds
[2023-03-28T18:39:40.475+0000] {processor.py:153} INFO - Started process (PID=500) to work on /opt/airflow/dags/my_first_dag.py
[2023-03-28T18:39:40.476+0000] {processor.py:743} INFO - Processing file /opt/airflow/dags/my_first_dag.py for tasks to queue
[2023-03-28T18:39:40.481+0000] {logging_mixin.py:137} INFO - [2023-03-28T18:39:40.479+0000] {dagbag.py:532} INFO - Filling up the DagBag from /opt/airflow/dags/my_first_dag.py
[2023-03-28T18:39:40.552+0000] {processor.py:753} INFO - DAG(s) dict_keys(['my_first1']) retrieved from /opt/airflow/dags/my_first_dag.py
[2023-03-28T18:39:40.629+0000] {logging_mixin.py:137} INFO - [2023-03-28T18:39:40.628+0000] {dag.py:2693} INFO - Sync 1 DAGs
[2023-03-28T18:39:40.709+0000] {logging_mixin.py:137} INFO - [2023-03-28T18:39:40.708+0000] {dag.py:3444} INFO - Setting next_dagrun for my_first1 to 2023-03-27T09:00:00+00:00, run_after=2023-03-28T09:00:00+00:00
[2023-03-28T18:39:40.758+0000] {processor.py:175} INFO - Processing /opt/airflow/dags/my_first_dag.py took 0.289 seconds
[2023-03-28T18:40:10.846+0000] {processor.py:153} INFO - Started process (PID=535) to work on /opt/airflow/dags/my_first_dag.py
[2023-03-28T18:40:10.852+0000] {processor.py:743} INFO - Processing file /opt/airflow/dags/my_first_dag.py for tasks to queue
[2023-03-28T18:40:10.854+0000] {logging_mixin.py:137} INFO - [2023-03-28T18:40:10.854+0000] {dagbag.py:532} INFO - Filling up the DagBag from /opt/airflow/dags/my_first_dag.py
[2023-03-28T18:40:10.912+0000] {processor.py:753} INFO - DAG(s) dict_keys(['my_first1']) retrieved from /opt/airflow/dags/my_first_dag.py
[2023-03-28T18:40:10.979+0000] {logging_mixin.py:137} INFO - [2023-03-28T18:40:10.978+0000] {dag.py:2693} INFO - Sync 1 DAGs
[2023-03-28T18:40:11.046+0000] {logging_mixin.py:137} INFO - [2023-03-28T18:40:11.046+0000] {dag.py:3444} INFO - Setting next_dagrun for my_first1 to 2023-03-27T09:00:00+00:00, run_after=2023-03-28T09:00:00+00:00
[2023-03-28T18:40:11.081+0000] {processor.py:175} INFO - Processing /opt/airflow/dags/my_first_dag.py took 0.247 seconds
[2023-03-28T18:40:41.311+0000] {processor.py:153} INFO - Started process (PID=570) to work on /opt/airflow/dags/my_first_dag.py
[2023-03-28T18:40:41.313+0000] {processor.py:743} INFO - Processing file /opt/airflow/dags/my_first_dag.py for tasks to queue
[2023-03-28T18:40:41.316+0000] {logging_mixin.py:137} INFO - [2023-03-28T18:40:41.316+0000] {dagbag.py:532} INFO - Filling up the DagBag from /opt/airflow/dags/my_first_dag.py
[2023-03-28T18:40:41.412+0000] {processor.py:753} INFO - DAG(s) dict_keys(['my_first1']) retrieved from /opt/airflow/dags/my_first_dag.py
[2023-03-28T18:40:41.503+0000] {logging_mixin.py:137} INFO - [2023-03-28T18:40:41.502+0000] {dag.py:2693} INFO - Sync 1 DAGs
[2023-03-28T18:40:41.568+0000] {logging_mixin.py:137} INFO - [2023-03-28T18:40:41.568+0000] {dag.py:3444} INFO - Setting next_dagrun for my_first1 to 2023-03-27T09:00:00+00:00, run_after=2023-03-28T09:00:00+00:00
[2023-03-28T18:40:41.628+0000] {processor.py:175} INFO - Processing /opt/airflow/dags/my_first_dag.py took 0.330 seconds
[2023-03-28T18:41:11.787+0000] {processor.py:153} INFO - Started process (PID=596) to work on /opt/airflow/dags/my_first_dag.py
[2023-03-28T18:41:11.796+0000] {processor.py:743} INFO - Processing file /opt/airflow/dags/my_first_dag.py for tasks to queue
[2023-03-28T18:41:11.804+0000] {logging_mixin.py:137} INFO - [2023-03-28T18:41:11.804+0000] {dagbag.py:532} INFO - Filling up the DagBag from /opt/airflow/dags/my_first_dag.py
[2023-03-28T18:41:11.909+0000] {processor.py:753} INFO - DAG(s) dict_keys(['my_first1']) retrieved from /opt/airflow/dags/my_first_dag.py
[2023-03-28T18:41:12.084+0000] {logging_mixin.py:137} INFO - [2023-03-28T18:41:12.084+0000] {dag.py:2693} INFO - Sync 1 DAGs
[2023-03-28T18:41:12.210+0000] {logging_mixin.py:137} INFO - [2023-03-28T18:41:12.210+0000] {dag.py:3444} INFO - Setting next_dagrun for my_first1 to 2023-03-27T09:00:00+00:00, run_after=2023-03-28T09:00:00+00:00
[2023-03-28T18:41:12.382+0000] {processor.py:175} INFO - Processing /opt/airflow/dags/my_first_dag.py took 0.617 seconds
[2023-03-28T18:42:41.963+0000] {processor.py:153} INFO - Started process (PID=185) to work on /opt/airflow/dags/my_first_dag.py
[2023-03-28T18:42:41.985+0000] {processor.py:743} INFO - Processing file /opt/airflow/dags/my_first_dag.py for tasks to queue
[2023-03-28T18:42:41.987+0000] {logging_mixin.py:137} INFO - [2023-03-28T18:42:41.987+0000] {dagbag.py:532} INFO - Filling up the DagBag from /opt/airflow/dags/my_first_dag.py
[2023-03-28T18:42:42.140+0000] {processor.py:753} INFO - DAG(s) dict_keys(['my_first1']) retrieved from /opt/airflow/dags/my_first_dag.py
[2023-03-28T18:42:42.589+0000] {logging_mixin.py:137} INFO - [2023-03-28T18:42:42.588+0000] {dag.py:2693} INFO - Sync 1 DAGs
[2023-03-28T18:42:42.774+0000] {logging_mixin.py:137} INFO - [2023-03-28T18:42:42.773+0000] {dag.py:3444} INFO - Setting next_dagrun for my_first1 to 2023-03-27T09:00:00+00:00, run_after=2023-03-28T09:00:00+00:00
[2023-03-28T18:42:42.902+0000] {processor.py:175} INFO - Processing /opt/airflow/dags/my_first_dag.py took 0.984 seconds
[2023-03-28T18:43:17.851+0000] {processor.py:153} INFO - Started process (PID=226) to work on /opt/airflow/dags/my_first_dag.py
[2023-03-28T18:43:17.856+0000] {processor.py:743} INFO - Processing file /opt/airflow/dags/my_first_dag.py for tasks to queue
[2023-03-28T18:43:17.861+0000] {logging_mixin.py:137} INFO - [2023-03-28T18:43:17.860+0000] {dagbag.py:532} INFO - Filling up the DagBag from /opt/airflow/dags/my_first_dag.py
[2023-03-28T18:43:17.977+0000] {processor.py:753} INFO - DAG(s) dict_keys(['my_first1']) retrieved from /opt/airflow/dags/my_first_dag.py
[2023-03-28T18:43:18.067+0000] {logging_mixin.py:137} INFO - [2023-03-28T18:43:18.067+0000] {dag.py:2693} INFO - Sync 1 DAGs
[2023-03-28T18:43:18.187+0000] {logging_mixin.py:137} INFO - [2023-03-28T18:43:18.187+0000] {dag.py:3444} INFO - Setting next_dagrun for my_first1 to 2023-03-27T09:00:00+00:00, run_after=2023-03-28T09:00:00+00:00
[2023-03-28T18:43:18.241+0000] {processor.py:175} INFO - Processing /opt/airflow/dags/my_first_dag.py took 0.403 seconds
[2023-03-28T18:43:48.964+0000] {processor.py:153} INFO - Started process (PID=259) to work on /opt/airflow/dags/my_first_dag.py
[2023-03-28T18:43:48.975+0000] {processor.py:743} INFO - Processing file /opt/airflow/dags/my_first_dag.py for tasks to queue
[2023-03-28T18:43:48.981+0000] {logging_mixin.py:137} INFO - [2023-03-28T18:43:48.981+0000] {dagbag.py:532} INFO - Filling up the DagBag from /opt/airflow/dags/my_first_dag.py
[2023-03-28T18:43:49.146+0000] {processor.py:753} INFO - DAG(s) dict_keys(['my_first1']) retrieved from /opt/airflow/dags/my_first_dag.py
[2023-03-28T18:43:49.535+0000] {logging_mixin.py:137} INFO - [2023-03-28T18:43:49.534+0000] {dag.py:2693} INFO - Sync 1 DAGs
[2023-03-28T18:43:49.737+0000] {logging_mixin.py:137} INFO - [2023-03-28T18:43:49.737+0000] {dag.py:3444} INFO - Setting next_dagrun for my_first1 to 2023-03-27T09:00:00+00:00, run_after=2023-03-28T09:00:00+00:00
[2023-03-28T18:43:49.806+0000] {processor.py:175} INFO - Processing /opt/airflow/dags/my_first_dag.py took 1.008 seconds
[2023-03-28T18:45:57.240+0000] {processor.py:153} INFO - Started process (PID=186) to work on /opt/airflow/dags/my_first_dag.py
[2023-03-28T18:45:57.252+0000] {processor.py:743} INFO - Processing file /opt/airflow/dags/my_first_dag.py for tasks to queue
[2023-03-28T18:45:57.267+0000] {logging_mixin.py:137} INFO - [2023-03-28T18:45:57.267+0000] {dagbag.py:532} INFO - Filling up the DagBag from /opt/airflow/dags/my_first_dag.py
[2023-03-28T18:45:57.371+0000] {processor.py:753} INFO - DAG(s) dict_keys(['my_first1']) retrieved from /opt/airflow/dags/my_first_dag.py
[2023-03-28T18:45:57.722+0000] {logging_mixin.py:137} INFO - [2023-03-28T18:45:57.722+0000] {dag.py:2693} INFO - Sync 1 DAGs
[2023-03-28T18:45:57.833+0000] {logging_mixin.py:137} INFO - [2023-03-28T18:45:57.832+0000] {dag.py:3444} INFO - Setting next_dagrun for my_first1 to 2023-03-27T09:00:00+00:00, run_after=2023-03-28T09:00:00+00:00
[2023-03-28T18:45:57.927+0000] {processor.py:175} INFO - Processing /opt/airflow/dags/my_first_dag.py took 0.752 seconds
[2023-03-28T18:46:30.564+0000] {processor.py:153} INFO - Started process (PID=219) to work on /opt/airflow/dags/my_first_dag.py
[2023-03-28T18:46:30.575+0000] {processor.py:743} INFO - Processing file /opt/airflow/dags/my_first_dag.py for tasks to queue
[2023-03-28T18:46:30.648+0000] {logging_mixin.py:137} INFO - [2023-03-28T18:46:30.586+0000] {dagbag.py:532} INFO - Filling up the DagBag from /opt/airflow/dags/my_first_dag.py
[2023-03-28T18:46:30.852+0000] {processor.py:753} INFO - DAG(s) dict_keys(['my_first1']) retrieved from /opt/airflow/dags/my_first_dag.py
[2023-03-28T18:46:31.011+0000] {logging_mixin.py:137} INFO - [2023-03-28T18:46:31.011+0000] {dag.py:2693} INFO - Sync 1 DAGs
[2023-03-28T18:46:31.144+0000] {logging_mixin.py:137} INFO - [2023-03-28T18:46:31.144+0000] {dag.py:3444} INFO - Setting next_dagrun for my_first1 to 2023-03-27T09:00:00+00:00, run_after=2023-03-28T09:00:00+00:00
[2023-03-28T18:46:31.264+0000] {processor.py:175} INFO - Processing /opt/airflow/dags/my_first_dag.py took 0.732 seconds
[2023-03-28T18:47:03.868+0000] {processor.py:153} INFO - Started process (PID=254) to work on /opt/airflow/dags/my_first_dag.py
[2023-03-28T18:47:03.882+0000] {processor.py:743} INFO - Processing file /opt/airflow/dags/my_first_dag.py for tasks to queue
[2023-03-28T18:47:03.897+0000] {logging_mixin.py:137} INFO - [2023-03-28T18:47:03.897+0000] {dagbag.py:532} INFO - Filling up the DagBag from /opt/airflow/dags/my_first_dag.py
[2023-03-28T18:47:04.187+0000] {processor.py:753} INFO - DAG(s) dict_keys(['my_first1']) retrieved from /opt/airflow/dags/my_first_dag.py
[2023-03-28T18:47:04.394+0000] {logging_mixin.py:137} INFO - [2023-03-28T18:47:04.394+0000] {dag.py:2693} INFO - Sync 1 DAGs
[2023-03-28T18:47:04.558+0000] {logging_mixin.py:137} INFO - [2023-03-28T18:47:04.558+0000] {dag.py:3444} INFO - Setting next_dagrun for my_first1 to 2023-03-27T09:00:00+00:00, run_after=2023-03-28T09:00:00+00:00
[2023-03-28T18:47:04.679+0000] {processor.py:175} INFO - Processing /opt/airflow/dags/my_first_dag.py took 0.854 seconds
[2023-03-28T18:51:21.540+0000] {processor.py:153} INFO - Started process (PID=193) to work on /opt/airflow/dags/my_first_dag.py
[2023-03-28T18:51:21.553+0000] {processor.py:743} INFO - Processing file /opt/airflow/dags/my_first_dag.py for tasks to queue
[2023-03-28T18:51:21.567+0000] {logging_mixin.py:137} INFO - [2023-03-28T18:51:21.567+0000] {dagbag.py:532} INFO - Filling up the DagBag from /opt/airflow/dags/my_first_dag.py
[2023-03-28T18:51:21.801+0000] {processor.py:753} INFO - DAG(s) dict_keys(['my_first1']) retrieved from /opt/airflow/dags/my_first_dag.py
[2023-03-28T18:51:22.660+0000] {logging_mixin.py:137} INFO - [2023-03-28T18:51:22.660+0000] {dag.py:2693} INFO - Sync 1 DAGs
[2023-03-28T18:51:22.837+0000] {logging_mixin.py:137} INFO - [2023-03-28T18:51:22.836+0000] {dag.py:3444} INFO - Setting next_dagrun for my_first1 to 2023-03-27T09:00:00+00:00, run_after=2023-03-28T09:00:00+00:00
[2023-03-28T18:51:23.023+0000] {processor.py:175} INFO - Processing /opt/airflow/dags/my_first_dag.py took 1.505 seconds
[2023-03-28T18:52:01.593+0000] {processor.py:153} INFO - Started process (PID=234) to work on /opt/airflow/dags/my_first_dag.py
[2023-03-28T18:52:01.614+0000] {processor.py:743} INFO - Processing file /opt/airflow/dags/my_first_dag.py for tasks to queue
[2023-03-28T18:52:01.632+0000] {logging_mixin.py:137} INFO - [2023-03-28T18:52:01.631+0000] {dagbag.py:532} INFO - Filling up the DagBag from /opt/airflow/dags/my_first_dag.py
[2023-03-28T18:52:01.931+0000] {processor.py:753} INFO - DAG(s) dict_keys(['my_first1']) retrieved from /opt/airflow/dags/my_first_dag.py
[2023-03-28T18:52:02.783+0000] {logging_mixin.py:137} INFO - [2023-03-28T18:52:02.756+0000] {dag.py:2693} INFO - Sync 1 DAGs
[2023-03-28T18:52:03.036+0000] {logging_mixin.py:137} INFO - [2023-03-28T18:52:03.027+0000] {dag.py:3444} INFO - Setting next_dagrun for my_first1 to 2023-03-27T09:00:00+00:00, run_after=2023-03-28T09:00:00+00:00
[2023-03-28T18:52:03.151+0000] {processor.py:175} INFO - Processing /opt/airflow/dags/my_first_dag.py took 1.621 seconds
[2023-03-28T18:52:37.886+0000] {processor.py:153} INFO - Started process (PID=268) to work on /opt/airflow/dags/my_first_dag.py
[2023-03-28T18:52:37.891+0000] {processor.py:743} INFO - Processing file /opt/airflow/dags/my_first_dag.py for tasks to queue
[2023-03-28T18:52:37.907+0000] {logging_mixin.py:137} INFO - [2023-03-28T18:52:37.907+0000] {dagbag.py:532} INFO - Filling up the DagBag from /opt/airflow/dags/my_first_dag.py
[2023-03-28T18:52:38.237+0000] {processor.py:753} INFO - DAG(s) dict_keys(['my_first1']) retrieved from /opt/airflow/dags/my_first_dag.py
[2023-03-28T18:52:38.424+0000] {logging_mixin.py:137} INFO - [2023-03-28T18:52:38.423+0000] {dag.py:2693} INFO - Sync 1 DAGs
[2023-03-28T18:52:38.603+0000] {logging_mixin.py:137} INFO - [2023-03-28T18:52:38.595+0000] {dag.py:3444} INFO - Setting next_dagrun for my_first1 to 2023-03-27T09:00:00+00:00, run_after=2023-03-28T09:00:00+00:00
[2023-03-28T18:52:38.724+0000] {processor.py:175} INFO - Processing /opt/airflow/dags/my_first_dag.py took 0.847 seconds
[2023-03-28T18:58:29.705+0000] {processor.py:153} INFO - Started process (PID=194) to work on /opt/airflow/dags/my_first_dag.py
[2023-03-28T18:58:29.718+0000] {processor.py:743} INFO - Processing file /opt/airflow/dags/my_first_dag.py for tasks to queue
[2023-03-28T18:58:29.737+0000] {logging_mixin.py:137} INFO - [2023-03-28T18:58:29.736+0000] {dagbag.py:532} INFO - Filling up the DagBag from /opt/airflow/dags/my_first_dag.py
[2023-03-28T18:58:29.996+0000] {processor.py:753} INFO - DAG(s) dict_keys(['my_first1']) retrieved from /opt/airflow/dags/my_first_dag.py
[2023-03-28T18:58:33.281+0000] {logging_mixin.py:137} INFO - [2023-03-28T18:58:33.280+0000] {dag.py:2693} INFO - Sync 1 DAGs
[2023-03-28T18:58:33.488+0000] {logging_mixin.py:137} INFO - [2023-03-28T18:58:33.486+0000] {dag.py:3444} INFO - Setting next_dagrun for my_first1 to 2023-03-27T09:00:00+00:00, run_after=2023-03-28T09:00:00+00:00
[2023-03-28T18:58:33.745+0000] {processor.py:175} INFO - Processing /opt/airflow/dags/my_first_dag.py took 4.156 seconds
[2023-03-28T18:59:09.076+0000] {processor.py:153} INFO - Started process (PID=236) to work on /opt/airflow/dags/my_first_dag.py
[2023-03-28T18:59:09.089+0000] {processor.py:743} INFO - Processing file /opt/airflow/dags/my_first_dag.py for tasks to queue
[2023-03-28T18:59:09.105+0000] {logging_mixin.py:137} INFO - [2023-03-28T18:59:09.103+0000] {dagbag.py:532} INFO - Filling up the DagBag from /opt/airflow/dags/my_first_dag.py
[2023-03-28T18:59:09.249+0000] {processor.py:753} INFO - DAG(s) dict_keys(['my_first1']) retrieved from /opt/airflow/dags/my_first_dag.py
[2023-03-28T18:59:09.425+0000] {logging_mixin.py:137} INFO - [2023-03-28T18:59:09.424+0000] {dag.py:2693} INFO - Sync 1 DAGs
[2023-03-28T18:59:09.491+0000] {logging_mixin.py:137} INFO - [2023-03-28T18:59:09.490+0000] {dag.py:3444} INFO - Setting next_dagrun for my_first1 to 2023-03-27T09:00:00+00:00, run_after=2023-03-28T09:00:00+00:00
[2023-03-28T18:59:09.742+0000] {processor.py:175} INFO - Processing /opt/airflow/dags/my_first_dag.py took 0.711 seconds
[2023-03-28T18:59:40.102+0000] {processor.py:153} INFO - Started process (PID=277) to work on /opt/airflow/dags/my_first_dag.py
[2023-03-28T18:59:40.105+0000] {processor.py:743} INFO - Processing file /opt/airflow/dags/my_first_dag.py for tasks to queue
[2023-03-28T18:59:40.107+0000] {logging_mixin.py:137} INFO - [2023-03-28T18:59:40.107+0000] {dagbag.py:532} INFO - Filling up the DagBag from /opt/airflow/dags/my_first_dag.py
[2023-03-28T18:59:40.183+0000] {processor.py:753} INFO - DAG(s) dict_keys(['my_first1']) retrieved from /opt/airflow/dags/my_first_dag.py
[2023-03-28T18:59:40.334+0000] {logging_mixin.py:137} INFO - [2023-03-28T18:59:40.332+0000] {dag.py:2693} INFO - Sync 1 DAGs
[2023-03-28T18:59:40.444+0000] {logging_mixin.py:137} INFO - [2023-03-28T18:59:40.444+0000] {dag.py:3444} INFO - Setting next_dagrun for my_first1 to 2023-03-27T09:00:00+00:00, run_after=2023-03-28T09:00:00+00:00
[2023-03-28T18:59:40.822+0000] {processor.py:175} INFO - Processing /opt/airflow/dags/my_first_dag.py took 0.738 seconds
[2023-03-28T19:00:15.063+0000] {processor.py:153} INFO - Started process (PID=312) to work on /opt/airflow/dags/my_first_dag.py
[2023-03-28T19:00:15.068+0000] {processor.py:743} INFO - Processing file /opt/airflow/dags/my_first_dag.py for tasks to queue
[2023-03-28T19:00:15.082+0000] {logging_mixin.py:137} INFO - [2023-03-28T19:00:15.081+0000] {dagbag.py:532} INFO - Filling up the DagBag from /opt/airflow/dags/my_first_dag.py
[2023-03-28T19:00:15.461+0000] {processor.py:753} INFO - DAG(s) dict_keys(['my_first1']) retrieved from /opt/airflow/dags/my_first_dag.py
[2023-03-28T19:00:16.860+0000] {logging_mixin.py:137} INFO - [2023-03-28T19:00:16.859+0000] {dag.py:2693} INFO - Sync 1 DAGs
[2023-03-28T19:00:18.431+0000] {logging_mixin.py:137} INFO - [2023-03-28T19:00:18.430+0000] {dag.py:3444} INFO - Setting next_dagrun for my_first1 to 2023-03-27T09:00:00+00:00, run_after=2023-03-28T09:00:00+00:00
[2023-03-28T19:00:18.996+0000] {processor.py:175} INFO - Processing /opt/airflow/dags/my_first_dag.py took 3.954 seconds
[2023-03-28T19:00:50.608+0000] {processor.py:153} INFO - Started process (PID=343) to work on /opt/airflow/dags/my_first_dag.py
[2023-03-28T19:00:50.647+0000] {processor.py:743} INFO - Processing file /opt/airflow/dags/my_first_dag.py for tasks to queue
[2023-03-28T19:00:50.668+0000] {logging_mixin.py:137} INFO - [2023-03-28T19:00:50.667+0000] {dagbag.py:532} INFO - Filling up the DagBag from /opt/airflow/dags/my_first_dag.py
[2023-03-28T19:00:50.928+0000] {processor.py:753} INFO - DAG(s) dict_keys(['my_first1']) retrieved from /opt/airflow/dags/my_first_dag.py
[2023-03-28T19:00:51.623+0000] {logging_mixin.py:137} INFO - [2023-03-28T19:00:51.614+0000] {dag.py:2693} INFO - Sync 1 DAGs
[2023-03-28T19:00:52.788+0000] {logging_mixin.py:137} INFO - [2023-03-28T19:00:52.788+0000] {dag.py:3444} INFO - Setting next_dagrun for my_first1 to 2023-03-27T09:00:00+00:00, run_after=2023-03-28T09:00:00+00:00
[2023-03-28T19:00:53.425+0000] {processor.py:175} INFO - Processing /opt/airflow/dags/my_first_dag.py took 3.035 seconds
[2023-03-28T19:01:23.901+0000] {processor.py:153} INFO - Started process (PID=378) to work on /opt/airflow/dags/my_first_dag.py
[2023-03-28T19:01:23.904+0000] {processor.py:743} INFO - Processing file /opt/airflow/dags/my_first_dag.py for tasks to queue
[2023-03-28T19:01:23.919+0000] {logging_mixin.py:137} INFO - [2023-03-28T19:01:23.919+0000] {dagbag.py:532} INFO - Filling up the DagBag from /opt/airflow/dags/my_first_dag.py
[2023-03-28T19:01:24.025+0000] {processor.py:753} INFO - DAG(s) dict_keys(['my_first1']) retrieved from /opt/airflow/dags/my_first_dag.py
[2023-03-28T19:01:24.250+0000] {logging_mixin.py:137} INFO - [2023-03-28T19:01:24.249+0000] {dag.py:2693} INFO - Sync 1 DAGs
[2023-03-28T19:01:24.400+0000] {logging_mixin.py:137} INFO - [2023-03-28T19:01:24.400+0000] {dag.py:3444} INFO - Setting next_dagrun for my_first1 to 2023-03-27T09:00:00+00:00, run_after=2023-03-28T09:00:00+00:00
[2023-03-28T19:01:24.508+0000] {processor.py:175} INFO - Processing /opt/airflow/dags/my_first_dag.py took 0.623 seconds
[2023-03-28T19:01:55.542+0000] {processor.py:153} INFO - Started process (PID=419) to work on /opt/airflow/dags/my_first_dag.py
[2023-03-28T19:01:55.549+0000] {processor.py:743} INFO - Processing file /opt/airflow/dags/my_first_dag.py for tasks to queue
[2023-03-28T19:01:55.561+0000] {logging_mixin.py:137} INFO - [2023-03-28T19:01:55.561+0000] {dagbag.py:532} INFO - Filling up the DagBag from /opt/airflow/dags/my_first_dag.py
[2023-03-28T19:01:56.185+0000] {processor.py:753} INFO - DAG(s) dict_keys(['my_first1']) retrieved from /opt/airflow/dags/my_first_dag.py
[2023-03-28T19:01:56.969+0000] {logging_mixin.py:137} INFO - [2023-03-28T19:01:56.968+0000] {dag.py:2693} INFO - Sync 1 DAGs
[2023-03-28T19:01:58.033+0000] {logging_mixin.py:137} INFO - [2023-03-28T19:01:58.033+0000] {dag.py:3444} INFO - Setting next_dagrun for my_first1 to 2023-03-27T09:00:00+00:00, run_after=2023-03-28T09:00:00+00:00
[2023-03-28T19:01:58.331+0000] {processor.py:175} INFO - Processing /opt/airflow/dags/my_first_dag.py took 2.874 seconds
[2023-03-28T19:02:29.006+0000] {processor.py:153} INFO - Started process (PID=463) to work on /opt/airflow/dags/my_first_dag.py
[2023-03-28T19:02:29.014+0000] {processor.py:743} INFO - Processing file /opt/airflow/dags/my_first_dag.py for tasks to queue
[2023-03-28T19:02:29.016+0000] {logging_mixin.py:137} INFO - [2023-03-28T19:02:29.016+0000] {dagbag.py:532} INFO - Filling up the DagBag from /opt/airflow/dags/my_first_dag.py
[2023-03-28T19:02:29.197+0000] {processor.py:753} INFO - DAG(s) dict_keys(['my_first1']) retrieved from /opt/airflow/dags/my_first_dag.py
[2023-03-28T19:02:29.778+0000] {logging_mixin.py:137} INFO - [2023-03-28T19:02:29.777+0000] {dag.py:2693} INFO - Sync 1 DAGs
[2023-03-28T19:02:30.035+0000] {logging_mixin.py:137} INFO - [2023-03-28T19:02:30.034+0000] {dag.py:3444} INFO - Setting next_dagrun for my_first1 to 2023-03-27T09:00:00+00:00, run_after=2023-03-28T09:00:00+00:00
[2023-03-28T19:02:30.290+0000] {processor.py:175} INFO - Processing /opt/airflow/dags/my_first_dag.py took 1.297 seconds
[2023-03-28T19:03:04.796+0000] {processor.py:153} INFO - Started process (PID=496) to work on /opt/airflow/dags/my_first_dag.py
[2023-03-28T19:03:04.803+0000] {processor.py:743} INFO - Processing file /opt/airflow/dags/my_first_dag.py for tasks to queue
[2023-03-28T19:03:04.824+0000] {logging_mixin.py:137} INFO - [2023-03-28T19:03:04.824+0000] {dagbag.py:532} INFO - Filling up the DagBag from /opt/airflow/dags/my_first_dag.py
[2023-03-28T19:03:05.040+0000] {processor.py:753} INFO - DAG(s) dict_keys(['my_first1']) retrieved from /opt/airflow/dags/my_first_dag.py
[2023-03-28T19:03:05.447+0000] {logging_mixin.py:137} INFO - [2023-03-28T19:03:05.446+0000] {dag.py:2693} INFO - Sync 1 DAGs
[2023-03-28T19:03:05.664+0000] {logging_mixin.py:137} INFO - [2023-03-28T19:03:05.664+0000] {dag.py:3444} INFO - Setting next_dagrun for my_first1 to 2023-03-27T09:00:00+00:00, run_after=2023-03-28T09:00:00+00:00
[2023-03-28T19:03:05.915+0000] {processor.py:175} INFO - Processing /opt/airflow/dags/my_first_dag.py took 1.154 seconds
[2023-03-28T19:03:39.652+0000] {processor.py:153} INFO - Started process (PID=530) to work on /opt/airflow/dags/my_first_dag.py
[2023-03-28T19:03:39.658+0000] {processor.py:743} INFO - Processing file /opt/airflow/dags/my_first_dag.py for tasks to queue
[2023-03-28T19:03:39.662+0000] {logging_mixin.py:137} INFO - [2023-03-28T19:03:39.662+0000] {dagbag.py:532} INFO - Filling up the DagBag from /opt/airflow/dags/my_first_dag.py
[2023-03-28T19:03:39.832+0000] {processor.py:753} INFO - DAG(s) dict_keys(['my_first1']) retrieved from /opt/airflow/dags/my_first_dag.py
[2023-03-28T19:03:40.111+0000] {logging_mixin.py:137} INFO - [2023-03-28T19:03:40.111+0000] {dag.py:2693} INFO - Sync 1 DAGs
[2023-03-28T19:03:40.477+0000] {logging_mixin.py:137} INFO - [2023-03-28T19:03:40.477+0000] {dag.py:3444} INFO - Setting next_dagrun for my_first1 to 2023-03-27T09:00:00+00:00, run_after=2023-03-28T09:00:00+00:00
[2023-03-28T19:03:40.625+0000] {processor.py:175} INFO - Processing /opt/airflow/dags/my_first_dag.py took 0.994 seconds
[2023-03-28T19:04:16.513+0000] {processor.py:153} INFO - Started process (PID=565) to work on /opt/airflow/dags/my_first_dag.py
[2023-03-28T19:04:16.515+0000] {processor.py:743} INFO - Processing file /opt/airflow/dags/my_first_dag.py for tasks to queue
[2023-03-28T19:04:16.517+0000] {logging_mixin.py:137} INFO - [2023-03-28T19:04:16.516+0000] {dagbag.py:532} INFO - Filling up the DagBag from /opt/airflow/dags/my_first_dag.py
[2023-03-28T19:04:16.796+0000] {processor.py:753} INFO - DAG(s) dict_keys(['my_first1']) retrieved from /opt/airflow/dags/my_first_dag.py
[2023-03-28T19:04:17.081+0000] {logging_mixin.py:137} INFO - [2023-03-28T19:04:17.080+0000] {dag.py:2693} INFO - Sync 1 DAGs
[2023-03-28T19:04:17.297+0000] {logging_mixin.py:137} INFO - [2023-03-28T19:04:17.297+0000] {dag.py:3444} INFO - Setting next_dagrun for my_first1 to 2023-03-27T09:00:00+00:00, run_after=2023-03-28T09:00:00+00:00
[2023-03-28T19:04:17.537+0000] {processor.py:175} INFO - Processing /opt/airflow/dags/my_first_dag.py took 1.037 seconds
[2023-03-28T19:04:52.204+0000] {processor.py:153} INFO - Started process (PID=608) to work on /opt/airflow/dags/my_first_dag.py
[2023-03-28T19:04:52.209+0000] {processor.py:743} INFO - Processing file /opt/airflow/dags/my_first_dag.py for tasks to queue
[2023-03-28T19:04:52.226+0000] {logging_mixin.py:137} INFO - [2023-03-28T19:04:52.219+0000] {dagbag.py:532} INFO - Filling up the DagBag from /opt/airflow/dags/my_first_dag.py
[2023-03-28T19:04:52.782+0000] {processor.py:753} INFO - DAG(s) dict_keys(['my_first1']) retrieved from /opt/airflow/dags/my_first_dag.py
[2023-03-28T19:04:53.124+0000] {logging_mixin.py:137} INFO - [2023-03-28T19:04:53.123+0000] {dag.py:2693} INFO - Sync 1 DAGs
[2023-03-28T19:04:53.830+0000] {logging_mixin.py:137} INFO - [2023-03-28T19:04:53.829+0000] {dag.py:3444} INFO - Setting next_dagrun for my_first1 to 2023-03-27T09:00:00+00:00, run_after=2023-03-28T09:00:00+00:00
[2023-03-28T19:04:54.215+0000] {processor.py:175} INFO - Processing /opt/airflow/dags/my_first_dag.py took 2.073 seconds
[2023-03-28T19:05:30.679+0000] {processor.py:153} INFO - Started process (PID=643) to work on /opt/airflow/dags/my_first_dag.py
[2023-03-28T19:05:30.694+0000] {processor.py:743} INFO - Processing file /opt/airflow/dags/my_first_dag.py for tasks to queue
[2023-03-28T19:05:30.704+0000] {logging_mixin.py:137} INFO - [2023-03-28T19:05:30.704+0000] {dagbag.py:532} INFO - Filling up the DagBag from /opt/airflow/dags/my_first_dag.py
[2023-03-28T19:05:30.865+0000] {processor.py:753} INFO - DAG(s) dict_keys(['my_first1']) retrieved from /opt/airflow/dags/my_first_dag.py
[2023-03-28T19:05:31.171+0000] {logging_mixin.py:137} INFO - [2023-03-28T19:05:31.170+0000] {dag.py:2693} INFO - Sync 1 DAGs
[2023-03-28T19:05:31.349+0000] {logging_mixin.py:137} INFO - [2023-03-28T19:05:31.342+0000] {dag.py:3444} INFO - Setting next_dagrun for my_first1 to 2023-03-27T09:00:00+00:00, run_after=2023-03-28T09:00:00+00:00
[2023-03-28T19:05:31.845+0000] {processor.py:175} INFO - Processing /opt/airflow/dags/my_first_dag.py took 1.210 seconds
[2023-03-28T19:06:02.440+0000] {processor.py:153} INFO - Started process (PID=677) to work on /opt/airflow/dags/my_first_dag.py
[2023-03-28T19:06:02.464+0000] {processor.py:743} INFO - Processing file /opt/airflow/dags/my_first_dag.py for tasks to queue
[2023-03-28T19:06:02.484+0000] {logging_mixin.py:137} INFO - [2023-03-28T19:06:02.478+0000] {dagbag.py:532} INFO - Filling up the DagBag from /opt/airflow/dags/my_first_dag.py
[2023-03-28T19:06:02.766+0000] {processor.py:753} INFO - DAG(s) dict_keys(['my_first1']) retrieved from /opt/airflow/dags/my_first_dag.py
[2023-03-28T19:06:03.048+0000] {logging_mixin.py:137} INFO - [2023-03-28T19:06:03.045+0000] {dag.py:2693} INFO - Sync 1 DAGs
[2023-03-28T19:06:03.176+0000] {logging_mixin.py:137} INFO - [2023-03-28T19:06:03.175+0000] {dag.py:3444} INFO - Setting next_dagrun for my_first1 to 2023-03-27T09:00:00+00:00, run_after=2023-03-28T09:00:00+00:00
[2023-03-28T19:06:03.294+0000] {processor.py:175} INFO - Processing /opt/airflow/dags/my_first_dag.py took 0.903 seconds
[2023-03-28T19:06:34.085+0000] {processor.py:153} INFO - Started process (PID=709) to work on /opt/airflow/dags/my_first_dag.py
[2023-03-28T19:06:34.089+0000] {processor.py:743} INFO - Processing file /opt/airflow/dags/my_first_dag.py for tasks to queue
[2023-03-28T19:06:34.098+0000] {logging_mixin.py:137} INFO - [2023-03-28T19:06:34.098+0000] {dagbag.py:532} INFO - Filling up the DagBag from /opt/airflow/dags/my_first_dag.py
[2023-03-28T19:06:34.161+0000] {processor.py:753} INFO - DAG(s) dict_keys(['my_first1']) retrieved from /opt/airflow/dags/my_first_dag.py
[2023-03-28T19:06:34.282+0000] {logging_mixin.py:137} INFO - [2023-03-28T19:06:34.282+0000] {dag.py:2693} INFO - Sync 1 DAGs
[2023-03-28T19:06:34.425+0000] {logging_mixin.py:137} INFO - [2023-03-28T19:06:34.425+0000] {dag.py:3444} INFO - Setting next_dagrun for my_first1 to 2023-03-27T09:00:00+00:00, run_after=2023-03-28T09:00:00+00:00
[2023-03-28T19:06:34.573+0000] {processor.py:175} INFO - Processing /opt/airflow/dags/my_first_dag.py took 0.517 seconds
[2023-03-28T19:07:04.674+0000] {processor.py:153} INFO - Started process (PID=744) to work on /opt/airflow/dags/my_first_dag.py
[2023-03-28T19:07:04.684+0000] {processor.py:743} INFO - Processing file /opt/airflow/dags/my_first_dag.py for tasks to queue
[2023-03-28T19:07:04.688+0000] {logging_mixin.py:137} INFO - [2023-03-28T19:07:04.688+0000] {dagbag.py:532} INFO - Filling up the DagBag from /opt/airflow/dags/my_first_dag.py
[2023-03-28T19:07:04.735+0000] {processor.py:753} INFO - DAG(s) dict_keys(['my_first1']) retrieved from /opt/airflow/dags/my_first_dag.py
[2023-03-28T19:07:04.800+0000] {logging_mixin.py:137} INFO - [2023-03-28T19:07:04.800+0000] {dag.py:2693} INFO - Sync 1 DAGs
[2023-03-28T19:07:04.916+0000] {logging_mixin.py:137} INFO - [2023-03-28T19:07:04.915+0000] {dag.py:3444} INFO - Setting next_dagrun for my_first1 to 2023-03-27T09:00:00+00:00, run_after=2023-03-28T09:00:00+00:00
[2023-03-28T19:07:04.975+0000] {processor.py:175} INFO - Processing /opt/airflow/dags/my_first_dag.py took 0.310 seconds
[2023-03-28T19:07:35.449+0000] {processor.py:153} INFO - Started process (PID=780) to work on /opt/airflow/dags/my_first_dag.py
[2023-03-28T19:07:35.452+0000] {processor.py:743} INFO - Processing file /opt/airflow/dags/my_first_dag.py for tasks to queue
[2023-03-28T19:07:35.456+0000] {logging_mixin.py:137} INFO - [2023-03-28T19:07:35.456+0000] {dagbag.py:532} INFO - Filling up the DagBag from /opt/airflow/dags/my_first_dag.py
[2023-03-28T19:07:35.553+0000] {processor.py:753} INFO - DAG(s) dict_keys(['my_first1']) retrieved from /opt/airflow/dags/my_first_dag.py
[2023-03-28T19:07:35.667+0000] {logging_mixin.py:137} INFO - [2023-03-28T19:07:35.666+0000] {dag.py:2693} INFO - Sync 1 DAGs
[2023-03-28T19:07:35.770+0000] {logging_mixin.py:137} INFO - [2023-03-28T19:07:35.770+0000] {dag.py:3444} INFO - Setting next_dagrun for my_first1 to 2023-03-27T09:00:00+00:00, run_after=2023-03-28T09:00:00+00:00
[2023-03-28T19:07:35.915+0000] {processor.py:175} INFO - Processing /opt/airflow/dags/my_first_dag.py took 0.480 seconds
[2023-03-28T19:08:08.839+0000] {processor.py:153} INFO - Started process (PID=813) to work on /opt/airflow/dags/my_first_dag.py
[2023-03-28T19:08:08.852+0000] {processor.py:743} INFO - Processing file /opt/airflow/dags/my_first_dag.py for tasks to queue
[2023-03-28T19:08:08.869+0000] {logging_mixin.py:137} INFO - [2023-03-28T19:08:08.869+0000] {dagbag.py:532} INFO - Filling up the DagBag from /opt/airflow/dags/my_first_dag.py
[2023-03-28T19:08:09.211+0000] {processor.py:753} INFO - DAG(s) dict_keys(['my_first1']) retrieved from /opt/airflow/dags/my_first_dag.py
[2023-03-28T19:08:09.429+0000] {logging_mixin.py:137} INFO - [2023-03-28T19:08:09.428+0000] {dag.py:2693} INFO - Sync 1 DAGs
[2023-03-28T19:08:09.638+0000] {logging_mixin.py:137} INFO - [2023-03-28T19:08:09.637+0000] {dag.py:3444} INFO - Setting next_dagrun for my_first1 to 2023-03-27T09:00:00+00:00, run_after=2023-03-28T09:00:00+00:00
[2023-03-28T19:08:09.836+0000] {processor.py:175} INFO - Processing /opt/airflow/dags/my_first_dag.py took 1.041 seconds
[2023-03-28T19:08:40.492+0000] {processor.py:153} INFO - Started process (PID=850) to work on /opt/airflow/dags/my_first_dag.py
[2023-03-28T19:08:40.507+0000] {processor.py:743} INFO - Processing file /opt/airflow/dags/my_first_dag.py for tasks to queue
[2023-03-28T19:08:40.509+0000] {logging_mixin.py:137} INFO - [2023-03-28T19:08:40.508+0000] {dagbag.py:532} INFO - Filling up the DagBag from /opt/airflow/dags/my_first_dag.py
[2023-03-28T19:08:40.741+0000] {processor.py:753} INFO - DAG(s) dict_keys(['my_first1']) retrieved from /opt/airflow/dags/my_first_dag.py
[2023-03-28T19:08:41.000+0000] {logging_mixin.py:137} INFO - [2023-03-28T19:08:40.999+0000] {dag.py:2693} INFO - Sync 1 DAGs
[2023-03-28T19:08:41.210+0000] {logging_mixin.py:137} INFO - [2023-03-28T19:08:41.210+0000] {dag.py:3444} INFO - Setting next_dagrun for my_first1 to 2023-03-27T09:00:00+00:00, run_after=2023-03-28T09:00:00+00:00
[2023-03-28T19:08:41.268+0000] {processor.py:175} INFO - Processing /opt/airflow/dags/my_first_dag.py took 0.816 seconds
[2023-03-28T19:08:51.647+0000] {processor.py:153} INFO - Started process (PID=871) to work on /opt/airflow/dags/my_first_dag.py
[2023-03-28T19:08:51.669+0000] {processor.py:743} INFO - Processing file /opt/airflow/dags/my_first_dag.py for tasks to queue
[2023-03-28T19:08:51.734+0000] {logging_mixin.py:137} INFO - [2023-03-28T19:08:51.734+0000] {dagbag.py:532} INFO - Filling up the DagBag from /opt/airflow/dags/my_first_dag.py
[2023-03-28T19:08:52.731+0000] {processor.py:753} INFO - DAG(s) dict_keys(['my_first1']) retrieved from /opt/airflow/dags/my_first_dag.py
[2023-03-28T19:08:59.059+0000] {logging_mixin.py:137} INFO - [2023-03-28T19:08:59.018+0000] {process_utils.py:256} INFO - Waiting up to 5 seconds for processes to exit...
[2023-03-28T19:12:50.636+0000] {processor.py:153} INFO - Started process (PID=171) to work on /opt/airflow/dags/my_first_dag.py
[2023-03-28T19:12:50.644+0000] {processor.py:743} INFO - Processing file /opt/airflow/dags/my_first_dag.py for tasks to queue
[2023-03-28T19:12:50.668+0000] {logging_mixin.py:137} INFO - [2023-03-28T19:12:50.667+0000] {dagbag.py:532} INFO - Filling up the DagBag from /opt/airflow/dags/my_first_dag.py
[2023-03-28T19:12:51.115+0000] {processor.py:753} INFO - DAG(s) dict_keys(['my_first1']) retrieved from /opt/airflow/dags/my_first_dag.py
[2023-03-28T19:12:51.816+0000] {logging_mixin.py:137} INFO - [2023-03-28T19:12:51.816+0000] {dag.py:2693} INFO - Sync 1 DAGs
[2023-03-28T19:12:52.033+0000] {logging_mixin.py:137} INFO - [2023-03-28T19:12:52.033+0000] {dag.py:3444} INFO - Setting next_dagrun for my_first1 to 2023-03-27T09:00:00+00:00, run_after=2023-03-28T09:00:00+00:00
[2023-03-28T19:12:52.398+0000] {processor.py:175} INFO - Processing /opt/airflow/dags/my_first_dag.py took 1.774 seconds
[2023-03-28T19:13:23.279+0000] {processor.py:153} INFO - Started process (PID=208) to work on /opt/airflow/dags/my_first_dag.py
[2023-03-28T19:13:23.281+0000] {processor.py:743} INFO - Processing file /opt/airflow/dags/my_first_dag.py for tasks to queue
[2023-03-28T19:13:23.290+0000] {logging_mixin.py:137} INFO - [2023-03-28T19:13:23.290+0000] {dagbag.py:532} INFO - Filling up the DagBag from /opt/airflow/dags/my_first_dag.py
[2023-03-28T19:13:23.638+0000] {processor.py:753} INFO - DAG(s) dict_keys(['my_first1']) retrieved from /opt/airflow/dags/my_first_dag.py
[2023-03-28T19:13:23.774+0000] {logging_mixin.py:137} INFO - [2023-03-28T19:13:23.774+0000] {dag.py:2693} INFO - Sync 1 DAGs
[2023-03-28T19:13:23.937+0000] {logging_mixin.py:137} INFO - [2023-03-28T19:13:23.937+0000] {dag.py:3444} INFO - Setting next_dagrun for my_first1 to 2023-03-27T09:00:00+00:00, run_after=2023-03-28T09:00:00+00:00
[2023-03-28T19:13:24.012+0000] {processor.py:175} INFO - Processing /opt/airflow/dags/my_first_dag.py took 0.787 seconds
[2023-03-28T19:13:54.540+0000] {processor.py:153} INFO - Started process (PID=243) to work on /opt/airflow/dags/my_first_dag.py
[2023-03-28T19:13:54.550+0000] {processor.py:743} INFO - Processing file /opt/airflow/dags/my_first_dag.py for tasks to queue
[2023-03-28T19:13:54.557+0000] {logging_mixin.py:137} INFO - [2023-03-28T19:13:54.556+0000] {dagbag.py:532} INFO - Filling up the DagBag from /opt/airflow/dags/my_first_dag.py
[2023-03-28T19:13:54.645+0000] {processor.py:753} INFO - DAG(s) dict_keys(['my_first1']) retrieved from /opt/airflow/dags/my_first_dag.py
[2023-03-28T19:13:54.714+0000] {logging_mixin.py:137} INFO - [2023-03-28T19:13:54.714+0000] {dag.py:2693} INFO - Sync 1 DAGs
[2023-03-28T19:13:54.817+0000] {logging_mixin.py:137} INFO - [2023-03-28T19:13:54.817+0000] {dag.py:3444} INFO - Setting next_dagrun for my_first1 to 2023-03-27T09:00:00+00:00, run_after=2023-03-28T09:00:00+00:00
[2023-03-28T19:13:54.939+0000] {processor.py:175} INFO - Processing /opt/airflow/dags/my_first_dag.py took 0.406 seconds
[2023-03-28T19:14:25.385+0000] {processor.py:153} INFO - Started process (PID=278) to work on /opt/airflow/dags/my_first_dag.py
[2023-03-28T19:14:25.395+0000] {processor.py:743} INFO - Processing file /opt/airflow/dags/my_first_dag.py for tasks to queue
[2023-03-28T19:14:25.402+0000] {logging_mixin.py:137} INFO - [2023-03-28T19:14:25.402+0000] {dagbag.py:532} INFO - Filling up the DagBag from /opt/airflow/dags/my_first_dag.py
[2023-03-28T19:14:25.656+0000] {processor.py:753} INFO - DAG(s) dict_keys(['my_first1']) retrieved from /opt/airflow/dags/my_first_dag.py
[2023-03-28T19:14:25.880+0000] {logging_mixin.py:137} INFO - [2023-03-28T19:14:25.879+0000] {dag.py:2693} INFO - Sync 1 DAGs
[2023-03-28T19:14:26.770+0000] {logging_mixin.py:137} INFO - [2023-03-28T19:14:26.769+0000] {dag.py:3444} INFO - Setting next_dagrun for my_first1 to 2023-03-27T09:00:00+00:00, run_after=2023-03-28T09:00:00+00:00
[2023-03-28T19:14:27.173+0000] {processor.py:175} INFO - Processing /opt/airflow/dags/my_first_dag.py took 1.879 seconds
[2023-03-28T19:14:57.626+0000] {processor.py:153} INFO - Started process (PID=313) to work on /opt/airflow/dags/my_first_dag.py
[2023-03-28T19:14:57.642+0000] {processor.py:743} INFO - Processing file /opt/airflow/dags/my_first_dag.py for tasks to queue
[2023-03-28T19:14:57.700+0000] {logging_mixin.py:137} INFO - [2023-03-28T19:14:57.699+0000] {dagbag.py:532} INFO - Filling up the DagBag from /opt/airflow/dags/my_first_dag.py
[2023-03-28T19:14:58.078+0000] {processor.py:753} INFO - DAG(s) dict_keys(['my_first1']) retrieved from /opt/airflow/dags/my_first_dag.py
[2023-03-28T19:14:58.388+0000] {logging_mixin.py:137} INFO - [2023-03-28T19:14:58.387+0000] {dag.py:2693} INFO - Sync 1 DAGs
[2023-03-28T19:14:58.613+0000] {logging_mixin.py:137} INFO - [2023-03-28T19:14:58.613+0000] {dag.py:3444} INFO - Setting next_dagrun for my_first1 to 2023-03-27T09:00:00+00:00, run_after=2023-03-28T09:00:00+00:00
[2023-03-28T19:14:58.912+0000] {processor.py:175} INFO - Processing /opt/airflow/dags/my_first_dag.py took 1.328 seconds
[2023-03-28T19:15:29.241+0000] {processor.py:153} INFO - Started process (PID=349) to work on /opt/airflow/dags/my_first_dag.py
[2023-03-28T19:15:29.255+0000] {processor.py:743} INFO - Processing file /opt/airflow/dags/my_first_dag.py for tasks to queue
[2023-03-28T19:15:29.261+0000] {logging_mixin.py:137} INFO - [2023-03-28T19:15:29.260+0000] {dagbag.py:532} INFO - Filling up the DagBag from /opt/airflow/dags/my_first_dag.py
[2023-03-28T19:15:29.326+0000] {processor.py:753} INFO - DAG(s) dict_keys(['my_first1']) retrieved from /opt/airflow/dags/my_first_dag.py
[2023-03-28T19:15:29.517+0000] {logging_mixin.py:137} INFO - [2023-03-28T19:15:29.515+0000] {dag.py:2693} INFO - Sync 1 DAGs
[2023-03-28T19:15:29.707+0000] {logging_mixin.py:137} INFO - [2023-03-28T19:15:29.703+0000] {dag.py:3444} INFO - Setting next_dagrun for my_first1 to 2023-03-27T09:00:00+00:00, run_after=2023-03-28T09:00:00+00:00
[2023-03-28T19:15:29.873+0000] {processor.py:175} INFO - Processing /opt/airflow/dags/my_first_dag.py took 0.667 seconds
[2023-03-28T19:16:00.821+0000] {processor.py:153} INFO - Started process (PID=376) to work on /opt/airflow/dags/my_first_dag.py
[2023-03-28T19:16:00.865+0000] {processor.py:743} INFO - Processing file /opt/airflow/dags/my_first_dag.py for tasks to queue
[2023-03-28T19:16:00.873+0000] {logging_mixin.py:137} INFO - [2023-03-28T19:16:00.873+0000] {dagbag.py:532} INFO - Filling up the DagBag from /opt/airflow/dags/my_first_dag.py
[2023-03-28T19:16:01.123+0000] {processor.py:753} INFO - DAG(s) dict_keys(['my_first1']) retrieved from /opt/airflow/dags/my_first_dag.py
[2023-03-28T19:16:01.289+0000] {logging_mixin.py:137} INFO - [2023-03-28T19:16:01.289+0000] {dag.py:2693} INFO - Sync 1 DAGs
[2023-03-28T19:16:01.431+0000] {logging_mixin.py:137} INFO - [2023-03-28T19:16:01.431+0000] {dag.py:3444} INFO - Setting next_dagrun for my_first1 to 2023-03-27T09:00:00+00:00, run_after=2023-03-28T09:00:00+00:00
[2023-03-28T19:16:01.541+0000] {processor.py:175} INFO - Processing /opt/airflow/dags/my_first_dag.py took 0.764 seconds
[2023-03-28T19:16:32.560+0000] {processor.py:153} INFO - Started process (PID=412) to work on /opt/airflow/dags/my_first_dag.py
[2023-03-28T19:16:32.577+0000] {processor.py:743} INFO - Processing file /opt/airflow/dags/my_first_dag.py for tasks to queue
[2023-03-28T19:16:32.584+0000] {logging_mixin.py:137} INFO - [2023-03-28T19:16:32.582+0000] {dagbag.py:532} INFO - Filling up the DagBag from /opt/airflow/dags/my_first_dag.py
[2023-03-28T19:16:33.292+0000] {processor.py:753} INFO - DAG(s) dict_keys(['my_first1']) retrieved from /opt/airflow/dags/my_first_dag.py
[2023-03-28T19:16:33.777+0000] {logging_mixin.py:137} INFO - [2023-03-28T19:16:33.777+0000] {dag.py:2693} INFO - Sync 1 DAGs
[2023-03-28T19:16:34.190+0000] {logging_mixin.py:137} INFO - [2023-03-28T19:16:34.190+0000] {dag.py:3444} INFO - Setting next_dagrun for my_first1 to 2023-03-27T09:00:00+00:00, run_after=2023-03-28T09:00:00+00:00
[2023-03-28T19:16:34.534+0000] {processor.py:175} INFO - Processing /opt/airflow/dags/my_first_dag.py took 1.996 seconds
[2023-03-28T19:20:35.944+0000] {processor.py:153} INFO - Started process (PID=186) to work on /opt/airflow/dags/my_first_dag.py
[2023-03-28T19:20:35.953+0000] {processor.py:743} INFO - Processing file /opt/airflow/dags/my_first_dag.py for tasks to queue
[2023-03-28T19:20:35.968+0000] {logging_mixin.py:137} INFO - [2023-03-28T19:20:35.967+0000] {dagbag.py:532} INFO - Filling up the DagBag from /opt/airflow/dags/my_first_dag.py
[2023-03-28T19:20:36.244+0000] {processor.py:753} INFO - DAG(s) dict_keys(['my_first1']) retrieved from /opt/airflow/dags/my_first_dag.py
[2023-03-28T19:20:38.742+0000] {logging_mixin.py:137} INFO - [2023-03-28T19:20:38.736+0000] {dag.py:2693} INFO - Sync 1 DAGs
[2023-03-28T19:20:41.957+0000] {logging_mixin.py:137} INFO - [2023-03-28T19:20:41.937+0000] {dag.py:3444} INFO - Setting next_dagrun for my_first1 to 2023-03-27T09:00:00+00:00, run_after=2023-03-28T09:00:00+00:00
[2023-03-28T19:20:43.275+0000] {processor.py:175} INFO - Processing /opt/airflow/dags/my_first_dag.py took 7.386 seconds
[2023-03-28T19:21:29.193+0000] {processor.py:153} INFO - Started process (PID=226) to work on /opt/airflow/dags/my_first_dag.py
[2023-03-28T19:21:29.208+0000] {processor.py:743} INFO - Processing file /opt/airflow/dags/my_first_dag.py for tasks to queue
[2023-03-28T19:21:29.225+0000] {logging_mixin.py:137} INFO - [2023-03-28T19:21:29.224+0000] {dagbag.py:532} INFO - Filling up the DagBag from /opt/airflow/dags/my_first_dag.py
[2023-03-28T19:21:29.657+0000] {processor.py:753} INFO - DAG(s) dict_keys(['my_first1']) retrieved from /opt/airflow/dags/my_first_dag.py
[2023-03-28T19:21:30.332+0000] {logging_mixin.py:137} INFO - [2023-03-28T19:21:30.332+0000] {dag.py:2693} INFO - Sync 1 DAGs
[2023-03-28T19:21:30.902+0000] {logging_mixin.py:137} INFO - [2023-03-28T19:21:30.902+0000] {dag.py:3444} INFO - Setting next_dagrun for my_first1 to 2023-03-27T09:00:00+00:00, run_after=2023-03-28T09:00:00+00:00
[2023-03-28T19:21:31.523+0000] {processor.py:175} INFO - Processing /opt/airflow/dags/my_first_dag.py took 2.360 seconds
[2023-03-28T19:23:22.712+0000] {processor.py:153} INFO - Started process (PID=191) to work on /opt/airflow/dags/my_first_dag.py
[2023-03-28T19:23:22.735+0000] {processor.py:743} INFO - Processing file /opt/airflow/dags/my_first_dag.py for tasks to queue
[2023-03-28T19:23:22.741+0000] {logging_mixin.py:137} INFO - [2023-03-28T19:23:22.739+0000] {dagbag.py:532} INFO - Filling up the DagBag from /opt/airflow/dags/my_first_dag.py
[2023-03-28T19:23:23.283+0000] {processor.py:753} INFO - DAG(s) dict_keys(['my_first1']) retrieved from /opt/airflow/dags/my_first_dag.py
[2023-03-28T19:23:24.417+0000] {logging_mixin.py:137} INFO - [2023-03-28T19:23:24.417+0000] {dag.py:2693} INFO - Sync 1 DAGs
[2023-03-28T19:23:26.398+0000] {logging_mixin.py:137} INFO - [2023-03-28T19:23:26.391+0000] {dag.py:3444} INFO - Setting next_dagrun for my_first1 to 2023-03-27T09:00:00+00:00, run_after=2023-03-28T09:00:00+00:00
[2023-03-28T19:23:26.921+0000] {processor.py:175} INFO - Processing /opt/airflow/dags/my_first_dag.py took 4.224 seconds
[2023-03-28T19:23:57.890+0000] {processor.py:153} INFO - Started process (PID=226) to work on /opt/airflow/dags/my_first_dag.py
[2023-03-28T19:23:57.897+0000] {processor.py:743} INFO - Processing file /opt/airflow/dags/my_first_dag.py for tasks to queue
[2023-03-28T19:23:57.909+0000] {logging_mixin.py:137} INFO - [2023-03-28T19:23:57.909+0000] {dagbag.py:532} INFO - Filling up the DagBag from /opt/airflow/dags/my_first_dag.py
[2023-03-28T19:23:58.160+0000] {processor.py:753} INFO - DAG(s) dict_keys(['my_first1']) retrieved from /opt/airflow/dags/my_first_dag.py
[2023-03-28T19:23:58.371+0000] {logging_mixin.py:137} INFO - [2023-03-28T19:23:58.370+0000] {dag.py:2693} INFO - Sync 1 DAGs
[2023-03-28T19:23:58.639+0000] {logging_mixin.py:137} INFO - [2023-03-28T19:23:58.636+0000] {dag.py:3444} INFO - Setting next_dagrun for my_first1 to 2023-03-27T09:00:00+00:00, run_after=2023-03-28T09:00:00+00:00
[2023-03-28T19:23:58.849+0000] {processor.py:175} INFO - Processing /opt/airflow/dags/my_first_dag.py took 0.990 seconds
[2023-03-28T19:24:35.187+0000] {processor.py:153} INFO - Started process (PID=261) to work on /opt/airflow/dags/my_first_dag.py
[2023-03-28T19:24:35.193+0000] {processor.py:743} INFO - Processing file /opt/airflow/dags/my_first_dag.py for tasks to queue
[2023-03-28T19:24:35.206+0000] {logging_mixin.py:137} INFO - [2023-03-28T19:24:35.206+0000] {dagbag.py:532} INFO - Filling up the DagBag from /opt/airflow/dags/my_first_dag.py
[2023-03-28T19:24:35.866+0000] {processor.py:753} INFO - DAG(s) dict_keys(['my_first1']) retrieved from /opt/airflow/dags/my_first_dag.py
[2023-03-28T19:24:36.152+0000] {logging_mixin.py:137} INFO - [2023-03-28T19:24:36.151+0000] {dag.py:2693} INFO - Sync 1 DAGs
[2023-03-28T19:24:36.558+0000] {logging_mixin.py:137} INFO - [2023-03-28T19:24:36.558+0000] {dag.py:3444} INFO - Setting next_dagrun for my_first1 to 2023-03-27T09:00:00+00:00, run_after=2023-03-28T09:00:00+00:00
[2023-03-28T19:24:36.712+0000] {processor.py:175} INFO - Processing /opt/airflow/dags/my_first_dag.py took 1.570 seconds
[2023-03-28T19:25:07.898+0000] {processor.py:153} INFO - Started process (PID=293) to work on /opt/airflow/dags/my_first_dag.py
[2023-03-28T19:25:07.909+0000] {processor.py:743} INFO - Processing file /opt/airflow/dags/my_first_dag.py for tasks to queue
[2023-03-28T19:25:07.917+0000] {logging_mixin.py:137} INFO - [2023-03-28T19:25:07.916+0000] {dagbag.py:532} INFO - Filling up the DagBag from /opt/airflow/dags/my_first_dag.py
[2023-03-28T19:25:08.030+0000] {processor.py:753} INFO - DAG(s) dict_keys(['my_first1']) retrieved from /opt/airflow/dags/my_first_dag.py
[2023-03-28T19:25:08.392+0000] {logging_mixin.py:137} INFO - [2023-03-28T19:25:08.392+0000] {dag.py:2693} INFO - Sync 1 DAGs
[2023-03-28T19:25:09.086+0000] {logging_mixin.py:137} INFO - [2023-03-28T19:25:09.086+0000] {dag.py:3444} INFO - Setting next_dagrun for my_first1 to 2023-03-27T09:00:00+00:00, run_after=2023-03-28T09:00:00+00:00
[2023-03-28T19:25:09.402+0000] {processor.py:175} INFO - Processing /opt/airflow/dags/my_first_dag.py took 1.529 seconds
[2023-03-28T19:25:39.678+0000] {processor.py:153} INFO - Started process (PID=330) to work on /opt/airflow/dags/my_first_dag.py
[2023-03-28T19:25:39.686+0000] {processor.py:743} INFO - Processing file /opt/airflow/dags/my_first_dag.py for tasks to queue
[2023-03-28T19:25:39.703+0000] {logging_mixin.py:137} INFO - [2023-03-28T19:25:39.702+0000] {dagbag.py:532} INFO - Filling up the DagBag from /opt/airflow/dags/my_first_dag.py
[2023-03-28T19:25:39.873+0000] {processor.py:753} INFO - DAG(s) dict_keys(['my_first1']) retrieved from /opt/airflow/dags/my_first_dag.py
[2023-03-28T19:25:40.018+0000] {logging_mixin.py:137} INFO - [2023-03-28T19:25:40.018+0000] {dag.py:2693} INFO - Sync 1 DAGs
[2023-03-28T19:25:40.177+0000] {logging_mixin.py:137} INFO - [2023-03-28T19:25:40.177+0000] {dag.py:3444} INFO - Setting next_dagrun for my_first1 to 2023-03-27T09:00:00+00:00, run_after=2023-03-28T09:00:00+00:00
[2023-03-28T19:25:40.269+0000] {processor.py:175} INFO - Processing /opt/airflow/dags/my_first_dag.py took 0.605 seconds
