[2023-03-28T18:19:42.776+0000] {processor.py:153} INFO - Started process (PID=180) to work on /opt/airflow/dags/my_second_dag.py
[2023-03-28T18:19:42.782+0000] {processor.py:743} INFO - Processing file /opt/airflow/dags/my_second_dag.py for tasks to queue
[2023-03-28T18:19:42.787+0000] {logging_mixin.py:137} INFO - [2023-03-28T18:19:42.787+0000] {dagbag.py:532} INFO - Filling up the DagBag from /opt/airflow/dags/my_second_dag.py
[2023-03-28T18:19:43.088+0000] {processor.py:753} INFO - DAG(s) dict_keys(['my_second2']) retrieved from /opt/airflow/dags/my_second_dag.py
[2023-03-28T18:19:43.595+0000] {logging_mixin.py:137} INFO - [2023-03-28T18:19:43.595+0000] {dag.py:2693} INFO - Sync 1 DAGs
[2023-03-28T18:19:43.864+0000] {logging_mixin.py:137} INFO - [2023-03-28T18:19:43.863+0000] {dag.py:3444} INFO - Setting next_dagrun for my_second2 to None, run_after=None
[2023-03-28T18:19:44.079+0000] {processor.py:175} INFO - Processing /opt/airflow/dags/my_second_dag.py took 1.312 seconds
[2023-03-28T18:20:15.428+0000] {processor.py:153} INFO - Started process (PID=216) to work on /opt/airflow/dags/my_second_dag.py
[2023-03-28T18:20:15.438+0000] {processor.py:743} INFO - Processing file /opt/airflow/dags/my_second_dag.py for tasks to queue
[2023-03-28T18:20:15.444+0000] {logging_mixin.py:137} INFO - [2023-03-28T18:20:15.444+0000] {dagbag.py:532} INFO - Filling up the DagBag from /opt/airflow/dags/my_second_dag.py
[2023-03-28T18:20:15.521+0000] {processor.py:753} INFO - DAG(s) dict_keys(['my_second2']) retrieved from /opt/airflow/dags/my_second_dag.py
[2023-03-28T18:20:15.595+0000] {logging_mixin.py:137} INFO - [2023-03-28T18:20:15.595+0000] {dag.py:2693} INFO - Sync 1 DAGs
[2023-03-28T18:20:15.704+0000] {logging_mixin.py:137} INFO - [2023-03-28T18:20:15.704+0000] {dag.py:3444} INFO - Setting next_dagrun for my_second2 to None, run_after=None
[2023-03-28T18:20:15.750+0000] {processor.py:175} INFO - Processing /opt/airflow/dags/my_second_dag.py took 0.332 seconds
[2023-03-28T18:20:46.028+0000] {processor.py:153} INFO - Started process (PID=250) to work on /opt/airflow/dags/my_second_dag.py
[2023-03-28T18:20:46.029+0000] {processor.py:743} INFO - Processing file /opt/airflow/dags/my_second_dag.py for tasks to queue
[2023-03-28T18:20:46.032+0000] {logging_mixin.py:137} INFO - [2023-03-28T18:20:46.032+0000] {dagbag.py:532} INFO - Filling up the DagBag from /opt/airflow/dags/my_second_dag.py
[2023-03-28T18:20:46.085+0000] {processor.py:753} INFO - DAG(s) dict_keys(['my_second2']) retrieved from /opt/airflow/dags/my_second_dag.py
[2023-03-28T18:20:46.145+0000] {logging_mixin.py:137} INFO - [2023-03-28T18:20:46.145+0000] {dag.py:2693} INFO - Sync 1 DAGs
[2023-03-28T18:20:46.207+0000] {logging_mixin.py:137} INFO - [2023-03-28T18:20:46.207+0000] {dag.py:3444} INFO - Setting next_dagrun for my_second2 to None, run_after=None
[2023-03-28T18:20:46.255+0000] {processor.py:175} INFO - Processing /opt/airflow/dags/my_second_dag.py took 0.235 seconds
[2023-03-28T18:21:17.531+0000] {processor.py:153} INFO - Started process (PID=279) to work on /opt/airflow/dags/my_second_dag.py
[2023-03-28T18:21:17.550+0000] {processor.py:743} INFO - Processing file /opt/airflow/dags/my_second_dag.py for tasks to queue
[2023-03-28T18:21:17.701+0000] {logging_mixin.py:137} INFO - [2023-03-28T18:21:17.671+0000] {dagbag.py:532} INFO - Filling up the DagBag from /opt/airflow/dags/my_second_dag.py
[2023-03-28T18:21:18.520+0000] {processor.py:753} INFO - DAG(s) dict_keys(['my_second2']) retrieved from /opt/airflow/dags/my_second_dag.py
[2023-03-28T18:21:19.164+0000] {logging_mixin.py:137} INFO - [2023-03-28T18:21:19.164+0000] {dag.py:2693} INFO - Sync 1 DAGs
[2023-03-28T18:21:19.829+0000] {logging_mixin.py:137} INFO - [2023-03-28T18:21:19.828+0000] {dag.py:3444} INFO - Setting next_dagrun for my_second2 to None, run_after=None
[2023-03-28T18:21:20.175+0000] {processor.py:175} INFO - Processing /opt/airflow/dags/my_second_dag.py took 2.734 seconds
[2023-03-28T18:21:50.844+0000] {processor.py:153} INFO - Started process (PID=311) to work on /opt/airflow/dags/my_second_dag.py
[2023-03-28T18:21:50.882+0000] {processor.py:743} INFO - Processing file /opt/airflow/dags/my_second_dag.py for tasks to queue
[2023-03-28T18:21:50.893+0000] {logging_mixin.py:137} INFO - [2023-03-28T18:21:50.892+0000] {dagbag.py:532} INFO - Filling up the DagBag from /opt/airflow/dags/my_second_dag.py
[2023-03-28T18:21:51.487+0000] {processor.py:753} INFO - DAG(s) dict_keys(['my_second2']) retrieved from /opt/airflow/dags/my_second_dag.py
[2023-03-28T18:21:51.933+0000] {logging_mixin.py:137} INFO - [2023-03-28T18:21:51.932+0000] {dag.py:2693} INFO - Sync 1 DAGs
[2023-03-28T18:21:52.411+0000] {logging_mixin.py:137} INFO - [2023-03-28T18:21:52.411+0000] {dag.py:3444} INFO - Setting next_dagrun for my_second2 to None, run_after=None
[2023-03-28T18:21:52.554+0000] {processor.py:175} INFO - Processing /opt/airflow/dags/my_second_dag.py took 1.723 seconds
[2023-03-28T18:22:23.502+0000] {processor.py:153} INFO - Started process (PID=346) to work on /opt/airflow/dags/my_second_dag.py
[2023-03-28T18:22:23.509+0000] {processor.py:743} INFO - Processing file /opt/airflow/dags/my_second_dag.py for tasks to queue
[2023-03-28T18:22:23.511+0000] {logging_mixin.py:137} INFO - [2023-03-28T18:22:23.510+0000] {dagbag.py:532} INFO - Filling up the DagBag from /opt/airflow/dags/my_second_dag.py
[2023-03-28T18:22:23.866+0000] {processor.py:753} INFO - DAG(s) dict_keys(['my_second2']) retrieved from /opt/airflow/dags/my_second_dag.py
[2023-03-28T18:22:24.141+0000] {logging_mixin.py:137} INFO - [2023-03-28T18:22:24.141+0000] {dag.py:2693} INFO - Sync 1 DAGs
[2023-03-28T18:22:24.483+0000] {logging_mixin.py:137} INFO - [2023-03-28T18:22:24.482+0000] {dag.py:3444} INFO - Setting next_dagrun for my_second2 to None, run_after=None
[2023-03-28T18:22:24.831+0000] {processor.py:175} INFO - Processing /opt/airflow/dags/my_second_dag.py took 1.409 seconds
[2023-03-28T18:22:55.506+0000] {processor.py:153} INFO - Started process (PID=381) to work on /opt/airflow/dags/my_second_dag.py
[2023-03-28T18:22:55.525+0000] {processor.py:743} INFO - Processing file /opt/airflow/dags/my_second_dag.py for tasks to queue
[2023-03-28T18:22:55.537+0000] {logging_mixin.py:137} INFO - [2023-03-28T18:22:55.536+0000] {dagbag.py:532} INFO - Filling up the DagBag from /opt/airflow/dags/my_second_dag.py
[2023-03-28T18:22:55.961+0000] {processor.py:753} INFO - DAG(s) dict_keys(['my_second2']) retrieved from /opt/airflow/dags/my_second_dag.py
[2023-03-28T18:22:56.369+0000] {logging_mixin.py:137} INFO - [2023-03-28T18:22:56.369+0000] {dag.py:2693} INFO - Sync 1 DAGs
[2023-03-28T18:22:57.019+0000] {logging_mixin.py:137} INFO - [2023-03-28T18:22:57.018+0000] {dag.py:3444} INFO - Setting next_dagrun for my_second2 to None, run_after=None
[2023-03-28T18:22:57.396+0000] {processor.py:175} INFO - Processing /opt/airflow/dags/my_second_dag.py took 1.904 seconds
[2023-03-28T18:23:27.906+0000] {processor.py:153} INFO - Started process (PID=415) to work on /opt/airflow/dags/my_second_dag.py
[2023-03-28T18:23:27.911+0000] {processor.py:743} INFO - Processing file /opt/airflow/dags/my_second_dag.py for tasks to queue
[2023-03-28T18:23:27.917+0000] {logging_mixin.py:137} INFO - [2023-03-28T18:23:27.916+0000] {dagbag.py:532} INFO - Filling up the DagBag from /opt/airflow/dags/my_second_dag.py
[2023-03-28T18:23:28.131+0000] {processor.py:753} INFO - DAG(s) dict_keys(['my_second2']) retrieved from /opt/airflow/dags/my_second_dag.py
[2023-03-28T18:23:28.294+0000] {logging_mixin.py:137} INFO - [2023-03-28T18:23:28.294+0000] {dag.py:2693} INFO - Sync 1 DAGs
[2023-03-28T18:23:28.469+0000] {logging_mixin.py:137} INFO - [2023-03-28T18:23:28.469+0000] {dag.py:3444} INFO - Setting next_dagrun for my_second2 to None, run_after=None
[2023-03-28T18:23:28.635+0000] {processor.py:175} INFO - Processing /opt/airflow/dags/my_second_dag.py took 0.739 seconds
[2023-03-28T18:23:59.733+0000] {processor.py:153} INFO - Started process (PID=450) to work on /opt/airflow/dags/my_second_dag.py
[2023-03-28T18:23:59.747+0000] {processor.py:743} INFO - Processing file /opt/airflow/dags/my_second_dag.py for tasks to queue
[2023-03-28T18:23:59.765+0000] {logging_mixin.py:137} INFO - [2023-03-28T18:23:59.764+0000] {dagbag.py:532} INFO - Filling up the DagBag from /opt/airflow/dags/my_second_dag.py
[2023-03-28T18:24:00.023+0000] {processor.py:753} INFO - DAG(s) dict_keys(['my_second2']) retrieved from /opt/airflow/dags/my_second_dag.py
[2023-03-28T18:24:00.197+0000] {logging_mixin.py:137} INFO - [2023-03-28T18:24:00.196+0000] {dag.py:2693} INFO - Sync 1 DAGs
[2023-03-28T18:24:00.913+0000] {logging_mixin.py:137} INFO - [2023-03-28T18:24:00.912+0000] {dag.py:3444} INFO - Setting next_dagrun for my_second2 to None, run_after=None
[2023-03-28T18:24:01.290+0000] {processor.py:175} INFO - Processing /opt/airflow/dags/my_second_dag.py took 1.580 seconds
[2023-03-28T18:24:31.545+0000] {processor.py:153} INFO - Started process (PID=485) to work on /opt/airflow/dags/my_second_dag.py
[2023-03-28T18:24:31.554+0000] {processor.py:743} INFO - Processing file /opt/airflow/dags/my_second_dag.py for tasks to queue
[2023-03-28T18:24:31.557+0000] {logging_mixin.py:137} INFO - [2023-03-28T18:24:31.556+0000] {dagbag.py:532} INFO - Filling up the DagBag from /opt/airflow/dags/my_second_dag.py
[2023-03-28T18:24:31.667+0000] {processor.py:753} INFO - DAG(s) dict_keys(['my_second2']) retrieved from /opt/airflow/dags/my_second_dag.py
[2023-03-28T18:24:31.808+0000] {logging_mixin.py:137} INFO - [2023-03-28T18:24:31.808+0000] {dag.py:2693} INFO - Sync 1 DAGs
[2023-03-28T18:24:32.032+0000] {logging_mixin.py:137} INFO - [2023-03-28T18:24:32.031+0000] {dag.py:3444} INFO - Setting next_dagrun for my_second2 to None, run_after=None
[2023-03-28T18:24:32.172+0000] {processor.py:175} INFO - Processing /opt/airflow/dags/my_second_dag.py took 0.638 seconds
[2023-03-28T18:27:17.643+0000] {processor.py:153} INFO - Started process (PID=193) to work on /opt/airflow/dags/my_second_dag.py
[2023-03-28T18:27:17.680+0000] {processor.py:743} INFO - Processing file /opt/airflow/dags/my_second_dag.py for tasks to queue
[2023-03-28T18:27:17.706+0000] {logging_mixin.py:137} INFO - [2023-03-28T18:27:17.706+0000] {dagbag.py:532} INFO - Filling up the DagBag from /opt/airflow/dags/my_second_dag.py
[2023-03-28T18:27:18.596+0000] {processor.py:753} INFO - DAG(s) dict_keys(['my_second2']) retrieved from /opt/airflow/dags/my_second_dag.py
[2023-03-28T18:27:18.937+0000] {logging_mixin.py:137} INFO - [2023-03-28T18:27:18.937+0000] {dag.py:2693} INFO - Sync 1 DAGs
[2023-03-28T18:27:19.060+0000] {logging_mixin.py:137} INFO - [2023-03-28T18:27:19.060+0000] {dag.py:3444} INFO - Setting next_dagrun for my_second2 to None, run_after=None
[2023-03-28T18:27:19.127+0000] {processor.py:175} INFO - Processing /opt/airflow/dags/my_second_dag.py took 1.509 seconds
[2023-03-28T18:27:53.360+0000] {processor.py:153} INFO - Started process (PID=225) to work on /opt/airflow/dags/my_second_dag.py
[2023-03-28T18:27:53.368+0000] {processor.py:743} INFO - Processing file /opt/airflow/dags/my_second_dag.py for tasks to queue
[2023-03-28T18:27:53.386+0000] {logging_mixin.py:137} INFO - [2023-03-28T18:27:53.386+0000] {dagbag.py:532} INFO - Filling up the DagBag from /opt/airflow/dags/my_second_dag.py
[2023-03-28T18:27:53.581+0000] {processor.py:753} INFO - DAG(s) dict_keys(['my_second2']) retrieved from /opt/airflow/dags/my_second_dag.py
[2023-03-28T18:27:53.682+0000] {logging_mixin.py:137} INFO - [2023-03-28T18:27:53.681+0000] {dag.py:2693} INFO - Sync 1 DAGs
[2023-03-28T18:27:53.843+0000] {logging_mixin.py:137} INFO - [2023-03-28T18:27:53.842+0000] {dag.py:3444} INFO - Setting next_dagrun for my_second2 to None, run_after=None
[2023-03-28T18:27:53.917+0000] {processor.py:175} INFO - Processing /opt/airflow/dags/my_second_dag.py took 0.585 seconds
[2023-03-28T18:28:33.632+0000] {processor.py:153} INFO - Started process (PID=260) to work on /opt/airflow/dags/my_second_dag.py
[2023-03-28T18:28:33.640+0000] {processor.py:743} INFO - Processing file /opt/airflow/dags/my_second_dag.py for tasks to queue
[2023-03-28T18:28:33.646+0000] {logging_mixin.py:137} INFO - [2023-03-28T18:28:33.645+0000] {dagbag.py:532} INFO - Filling up the DagBag from /opt/airflow/dags/my_second_dag.py
[2023-03-28T18:28:33.749+0000] {processor.py:753} INFO - DAG(s) dict_keys(['my_second2']) retrieved from /opt/airflow/dags/my_second_dag.py
[2023-03-28T18:28:33.893+0000] {logging_mixin.py:137} INFO - [2023-03-28T18:28:33.893+0000] {dag.py:2693} INFO - Sync 1 DAGs
[2023-03-28T18:28:34.022+0000] {logging_mixin.py:137} INFO - [2023-03-28T18:28:34.021+0000] {dag.py:3444} INFO - Setting next_dagrun for my_second2 to None, run_after=None
[2023-03-28T18:28:34.169+0000] {processor.py:175} INFO - Processing /opt/airflow/dags/my_second_dag.py took 0.552 seconds
[2023-03-28T18:29:07.112+0000] {processor.py:153} INFO - Started process (PID=292) to work on /opt/airflow/dags/my_second_dag.py
[2023-03-28T18:29:07.115+0000] {processor.py:743} INFO - Processing file /opt/airflow/dags/my_second_dag.py for tasks to queue
[2023-03-28T18:29:07.124+0000] {logging_mixin.py:137} INFO - [2023-03-28T18:29:07.124+0000] {dagbag.py:532} INFO - Filling up the DagBag from /opt/airflow/dags/my_second_dag.py
[2023-03-28T18:29:07.437+0000] {processor.py:753} INFO - DAG(s) dict_keys(['my_second2']) retrieved from /opt/airflow/dags/my_second_dag.py
[2023-03-28T18:29:08.124+0000] {logging_mixin.py:137} INFO - [2023-03-28T18:29:08.123+0000] {dag.py:2693} INFO - Sync 1 DAGs
[2023-03-28T18:29:08.376+0000] {logging_mixin.py:137} INFO - [2023-03-28T18:29:08.375+0000] {dag.py:3444} INFO - Setting next_dagrun for my_second2 to None, run_after=None
[2023-03-28T18:29:08.586+0000] {processor.py:175} INFO - Processing /opt/airflow/dags/my_second_dag.py took 1.504 seconds
[2023-03-28T18:29:39.426+0000] {processor.py:153} INFO - Started process (PID=327) to work on /opt/airflow/dags/my_second_dag.py
[2023-03-28T18:29:39.429+0000] {processor.py:743} INFO - Processing file /opt/airflow/dags/my_second_dag.py for tasks to queue
[2023-03-28T18:29:39.434+0000] {logging_mixin.py:137} INFO - [2023-03-28T18:29:39.433+0000] {dagbag.py:532} INFO - Filling up the DagBag from /opt/airflow/dags/my_second_dag.py
[2023-03-28T18:29:39.523+0000] {processor.py:753} INFO - DAG(s) dict_keys(['my_second2']) retrieved from /opt/airflow/dags/my_second_dag.py
[2023-03-28T18:29:39.720+0000] {logging_mixin.py:137} INFO - [2023-03-28T18:29:39.720+0000] {dag.py:2693} INFO - Sync 1 DAGs
[2023-03-28T18:29:39.976+0000] {logging_mixin.py:137} INFO - [2023-03-28T18:29:39.976+0000] {dag.py:3444} INFO - Setting next_dagrun for my_second2 to None, run_after=None
[2023-03-28T18:29:40.044+0000] {processor.py:175} INFO - Processing /opt/airflow/dags/my_second_dag.py took 0.623 seconds
[2023-03-28T18:30:11.251+0000] {processor.py:153} INFO - Started process (PID=362) to work on /opt/airflow/dags/my_second_dag.py
[2023-03-28T18:30:11.254+0000] {processor.py:743} INFO - Processing file /opt/airflow/dags/my_second_dag.py for tasks to queue
[2023-03-28T18:30:11.258+0000] {logging_mixin.py:137} INFO - [2023-03-28T18:30:11.257+0000] {dagbag.py:532} INFO - Filling up the DagBag from /opt/airflow/dags/my_second_dag.py
[2023-03-28T18:30:11.328+0000] {processor.py:753} INFO - DAG(s) dict_keys(['my_second2']) retrieved from /opt/airflow/dags/my_second_dag.py
[2023-03-28T18:30:11.409+0000] {logging_mixin.py:137} INFO - [2023-03-28T18:30:11.409+0000] {dag.py:2693} INFO - Sync 1 DAGs
[2023-03-28T18:30:11.575+0000] {logging_mixin.py:137} INFO - [2023-03-28T18:30:11.575+0000] {dag.py:3444} INFO - Setting next_dagrun for my_second2 to None, run_after=None
[2023-03-28T18:30:11.640+0000] {processor.py:175} INFO - Processing /opt/airflow/dags/my_second_dag.py took 0.402 seconds
[2023-03-28T18:30:42.367+0000] {processor.py:153} INFO - Started process (PID=391) to work on /opt/airflow/dags/my_second_dag.py
[2023-03-28T18:30:42.372+0000] {processor.py:743} INFO - Processing file /opt/airflow/dags/my_second_dag.py for tasks to queue
[2023-03-28T18:30:42.380+0000] {logging_mixin.py:137} INFO - [2023-03-28T18:30:42.378+0000] {dagbag.py:532} INFO - Filling up the DagBag from /opt/airflow/dags/my_second_dag.py
[2023-03-28T18:30:42.786+0000] {processor.py:753} INFO - DAG(s) dict_keys(['my_second2']) retrieved from /opt/airflow/dags/my_second_dag.py
[2023-03-28T18:30:43.246+0000] {logging_mixin.py:137} INFO - [2023-03-28T18:30:43.246+0000] {dag.py:2693} INFO - Sync 1 DAGs
[2023-03-28T18:30:43.451+0000] {logging_mixin.py:137} INFO - [2023-03-28T18:30:43.451+0000] {dag.py:3444} INFO - Setting next_dagrun for my_second2 to None, run_after=None
[2023-03-28T18:30:43.566+0000] {processor.py:175} INFO - Processing /opt/airflow/dags/my_second_dag.py took 1.232 seconds
[2023-03-28T18:31:13.907+0000] {processor.py:153} INFO - Started process (PID=422) to work on /opt/airflow/dags/my_second_dag.py
[2023-03-28T18:31:13.909+0000] {processor.py:743} INFO - Processing file /opt/airflow/dags/my_second_dag.py for tasks to queue
[2023-03-28T18:31:13.912+0000] {logging_mixin.py:137} INFO - [2023-03-28T18:31:13.911+0000] {dagbag.py:532} INFO - Filling up the DagBag from /opt/airflow/dags/my_second_dag.py
[2023-03-28T18:31:14.012+0000] {processor.py:753} INFO - DAG(s) dict_keys(['my_second2']) retrieved from /opt/airflow/dags/my_second_dag.py
[2023-03-28T18:31:14.142+0000] {logging_mixin.py:137} INFO - [2023-03-28T18:31:14.142+0000] {dag.py:2693} INFO - Sync 1 DAGs
[2023-03-28T18:31:14.210+0000] {logging_mixin.py:137} INFO - [2023-03-28T18:31:14.209+0000] {dag.py:3444} INFO - Setting next_dagrun for my_second2 to None, run_after=None
[2023-03-28T18:31:14.247+0000] {processor.py:175} INFO - Processing /opt/airflow/dags/my_second_dag.py took 0.347 seconds
[2023-03-28T18:31:44.762+0000] {processor.py:153} INFO - Started process (PID=457) to work on /opt/airflow/dags/my_second_dag.py
[2023-03-28T18:31:44.767+0000] {processor.py:743} INFO - Processing file /opt/airflow/dags/my_second_dag.py for tasks to queue
[2023-03-28T18:31:44.781+0000] {logging_mixin.py:137} INFO - [2023-03-28T18:31:44.781+0000] {dagbag.py:532} INFO - Filling up the DagBag from /opt/airflow/dags/my_second_dag.py
[2023-03-28T18:31:45.147+0000] {processor.py:753} INFO - DAG(s) dict_keys(['my_second2']) retrieved from /opt/airflow/dags/my_second_dag.py
[2023-03-28T18:31:45.299+0000] {logging_mixin.py:137} INFO - [2023-03-28T18:31:45.283+0000] {dag.py:2693} INFO - Sync 1 DAGs
[2023-03-28T18:31:45.523+0000] {logging_mixin.py:137} INFO - [2023-03-28T18:31:45.523+0000] {dag.py:3444} INFO - Setting next_dagrun for my_second2 to None, run_after=None
[2023-03-28T18:31:45.673+0000] {processor.py:175} INFO - Processing /opt/airflow/dags/my_second_dag.py took 0.921 seconds
[2023-03-28T18:32:16.652+0000] {processor.py:153} INFO - Started process (PID=498) to work on /opt/airflow/dags/my_second_dag.py
[2023-03-28T18:32:16.654+0000] {processor.py:743} INFO - Processing file /opt/airflow/dags/my_second_dag.py for tasks to queue
[2023-03-28T18:32:16.715+0000] {logging_mixin.py:137} INFO - [2023-03-28T18:32:16.715+0000] {dagbag.py:532} INFO - Filling up the DagBag from /opt/airflow/dags/my_second_dag.py
[2023-03-28T18:32:17.684+0000] {processor.py:753} INFO - DAG(s) dict_keys(['my_second2']) retrieved from /opt/airflow/dags/my_second_dag.py
[2023-03-28T18:32:17.935+0000] {logging_mixin.py:137} INFO - [2023-03-28T18:32:17.934+0000] {dag.py:2693} INFO - Sync 1 DAGs
[2023-03-28T18:32:18.129+0000] {logging_mixin.py:137} INFO - [2023-03-28T18:32:18.129+0000] {dag.py:3444} INFO - Setting next_dagrun for my_second2 to None, run_after=None
[2023-03-28T18:32:18.253+0000] {processor.py:175} INFO - Processing /opt/airflow/dags/my_second_dag.py took 1.714 seconds
[2023-03-28T18:32:48.471+0000] {processor.py:153} INFO - Started process (PID=533) to work on /opt/airflow/dags/my_second_dag.py
[2023-03-28T18:32:48.474+0000] {processor.py:743} INFO - Processing file /opt/airflow/dags/my_second_dag.py for tasks to queue
[2023-03-28T18:32:48.484+0000] {logging_mixin.py:137} INFO - [2023-03-28T18:32:48.484+0000] {dagbag.py:532} INFO - Filling up the DagBag from /opt/airflow/dags/my_second_dag.py
[2023-03-28T18:32:48.731+0000] {processor.py:753} INFO - DAG(s) dict_keys(['my_second2']) retrieved from /opt/airflow/dags/my_second_dag.py
[2023-03-28T18:32:48.814+0000] {logging_mixin.py:137} INFO - [2023-03-28T18:32:48.814+0000] {dag.py:2693} INFO - Sync 1 DAGs
[2023-03-28T18:32:48.881+0000] {logging_mixin.py:137} INFO - [2023-03-28T18:32:48.880+0000] {dag.py:3444} INFO - Setting next_dagrun for my_second2 to None, run_after=None
[2023-03-28T18:32:48.930+0000] {processor.py:175} INFO - Processing /opt/airflow/dags/my_second_dag.py took 0.477 seconds
[2023-03-28T18:34:51.247+0000] {processor.py:153} INFO - Started process (PID=179) to work on /opt/airflow/dags/my_second_dag.py
[2023-03-28T18:34:51.249+0000] {processor.py:743} INFO - Processing file /opt/airflow/dags/my_second_dag.py for tasks to queue
[2023-03-28T18:34:51.257+0000] {logging_mixin.py:137} INFO - [2023-03-28T18:34:51.253+0000] {dagbag.py:532} INFO - Filling up the DagBag from /opt/airflow/dags/my_second_dag.py
[2023-03-28T18:34:51.352+0000] {processor.py:753} INFO - DAG(s) dict_keys(['my_second2']) retrieved from /opt/airflow/dags/my_second_dag.py
[2023-03-28T18:34:51.753+0000] {logging_mixin.py:137} INFO - [2023-03-28T18:34:51.752+0000] {dag.py:2693} INFO - Sync 1 DAGs
[2023-03-28T18:34:51.845+0000] {logging_mixin.py:137} INFO - [2023-03-28T18:34:51.845+0000] {dag.py:3444} INFO - Setting next_dagrun for my_second2 to None, run_after=None
[2023-03-28T18:34:51.900+0000] {processor.py:175} INFO - Processing /opt/airflow/dags/my_second_dag.py took 0.675 seconds
[2023-03-28T18:35:22.519+0000] {processor.py:153} INFO - Started process (PID=211) to work on /opt/airflow/dags/my_second_dag.py
[2023-03-28T18:35:22.521+0000] {processor.py:743} INFO - Processing file /opt/airflow/dags/my_second_dag.py for tasks to queue
[2023-03-28T18:35:22.539+0000] {logging_mixin.py:137} INFO - [2023-03-28T18:35:22.538+0000] {dagbag.py:532} INFO - Filling up the DagBag from /opt/airflow/dags/my_second_dag.py
[2023-03-28T18:35:22.603+0000] {processor.py:753} INFO - DAG(s) dict_keys(['my_second2']) retrieved from /opt/airflow/dags/my_second_dag.py
[2023-03-28T18:35:22.699+0000] {logging_mixin.py:137} INFO - [2023-03-28T18:35:22.699+0000] {dag.py:2693} INFO - Sync 1 DAGs
[2023-03-28T18:35:22.757+0000] {logging_mixin.py:137} INFO - [2023-03-28T18:35:22.756+0000] {dag.py:3444} INFO - Setting next_dagrun for my_second2 to None, run_after=None
[2023-03-28T18:35:22.793+0000] {processor.py:175} INFO - Processing /opt/airflow/dags/my_second_dag.py took 0.282 seconds
[2023-03-28T18:35:53.898+0000] {processor.py:153} INFO - Started process (PID=244) to work on /opt/airflow/dags/my_second_dag.py
[2023-03-28T18:35:53.907+0000] {processor.py:743} INFO - Processing file /opt/airflow/dags/my_second_dag.py for tasks to queue
[2023-03-28T18:35:53.909+0000] {logging_mixin.py:137} INFO - [2023-03-28T18:35:53.909+0000] {dagbag.py:532} INFO - Filling up the DagBag from /opt/airflow/dags/my_second_dag.py
[2023-03-28T18:35:54.044+0000] {processor.py:753} INFO - DAG(s) dict_keys(['my_second2']) retrieved from /opt/airflow/dags/my_second_dag.py
[2023-03-28T18:35:54.221+0000] {logging_mixin.py:137} INFO - [2023-03-28T18:35:54.220+0000] {dag.py:2693} INFO - Sync 1 DAGs
[2023-03-28T18:35:54.382+0000] {logging_mixin.py:137} INFO - [2023-03-28T18:35:54.382+0000] {dag.py:3444} INFO - Setting next_dagrun for my_second2 to None, run_after=None
[2023-03-28T18:35:54.487+0000] {processor.py:175} INFO - Processing /opt/airflow/dags/my_second_dag.py took 0.616 seconds
[2023-03-28T18:36:25.653+0000] {processor.py:153} INFO - Started process (PID=279) to work on /opt/airflow/dags/my_second_dag.py
[2023-03-28T18:36:25.660+0000] {processor.py:743} INFO - Processing file /opt/airflow/dags/my_second_dag.py for tasks to queue
[2023-03-28T18:36:25.677+0000] {logging_mixin.py:137} INFO - [2023-03-28T18:36:25.677+0000] {dagbag.py:532} INFO - Filling up the DagBag from /opt/airflow/dags/my_second_dag.py
[2023-03-28T18:36:26.147+0000] {processor.py:753} INFO - DAG(s) dict_keys(['my_second2']) retrieved from /opt/airflow/dags/my_second_dag.py
[2023-03-28T18:36:26.398+0000] {logging_mixin.py:137} INFO - [2023-03-28T18:36:26.388+0000] {dag.py:2693} INFO - Sync 1 DAGs
[2023-03-28T18:36:26.600+0000] {logging_mixin.py:137} INFO - [2023-03-28T18:36:26.600+0000] {dag.py:3444} INFO - Setting next_dagrun for my_second2 to None, run_after=None
[2023-03-28T18:36:26.698+0000] {processor.py:175} INFO - Processing /opt/airflow/dags/my_second_dag.py took 1.055 seconds
[2023-03-28T18:36:57.291+0000] {processor.py:153} INFO - Started process (PID=314) to work on /opt/airflow/dags/my_second_dag.py
[2023-03-28T18:36:57.295+0000] {processor.py:743} INFO - Processing file /opt/airflow/dags/my_second_dag.py for tasks to queue
[2023-03-28T18:36:57.301+0000] {logging_mixin.py:137} INFO - [2023-03-28T18:36:57.301+0000] {dagbag.py:532} INFO - Filling up the DagBag from /opt/airflow/dags/my_second_dag.py
[2023-03-28T18:36:57.363+0000] {processor.py:753} INFO - DAG(s) dict_keys(['my_second2']) retrieved from /opt/airflow/dags/my_second_dag.py
[2023-03-28T18:36:57.486+0000] {logging_mixin.py:137} INFO - [2023-03-28T18:36:57.486+0000] {dag.py:2693} INFO - Sync 1 DAGs
[2023-03-28T18:36:57.600+0000] {logging_mixin.py:137} INFO - [2023-03-28T18:36:57.600+0000] {dag.py:3444} INFO - Setting next_dagrun for my_second2 to None, run_after=None
[2023-03-28T18:36:57.676+0000] {processor.py:175} INFO - Processing /opt/airflow/dags/my_second_dag.py took 0.398 seconds
[2023-03-28T18:37:29.933+0000] {processor.py:153} INFO - Started process (PID=350) to work on /opt/airflow/dags/my_second_dag.py
[2023-03-28T18:37:29.953+0000] {processor.py:743} INFO - Processing file /opt/airflow/dags/my_second_dag.py for tasks to queue
[2023-03-28T18:37:29.977+0000] {logging_mixin.py:137} INFO - [2023-03-28T18:37:29.973+0000] {dagbag.py:532} INFO - Filling up the DagBag from /opt/airflow/dags/my_second_dag.py
[2023-03-28T18:37:30.678+0000] {processor.py:753} INFO - DAG(s) dict_keys(['my_second2']) retrieved from /opt/airflow/dags/my_second_dag.py
[2023-03-28T18:37:30.819+0000] {logging_mixin.py:137} INFO - [2023-03-28T18:37:30.818+0000] {dag.py:2693} INFO - Sync 1 DAGs
[2023-03-28T18:37:30.905+0000] {logging_mixin.py:137} INFO - [2023-03-28T18:37:30.904+0000] {dag.py:3444} INFO - Setting next_dagrun for my_second2 to None, run_after=None
[2023-03-28T18:37:30.973+0000] {processor.py:175} INFO - Processing /opt/airflow/dags/my_second_dag.py took 1.074 seconds
[2023-03-28T18:38:02.385+0000] {processor.py:153} INFO - Started process (PID=388) to work on /opt/airflow/dags/my_second_dag.py
[2023-03-28T18:38:02.391+0000] {processor.py:743} INFO - Processing file /opt/airflow/dags/my_second_dag.py for tasks to queue
[2023-03-28T18:38:02.407+0000] {logging_mixin.py:137} INFO - [2023-03-28T18:38:02.407+0000] {dagbag.py:532} INFO - Filling up the DagBag from /opt/airflow/dags/my_second_dag.py
[2023-03-28T18:38:02.524+0000] {processor.py:753} INFO - DAG(s) dict_keys(['my_second2']) retrieved from /opt/airflow/dags/my_second_dag.py
[2023-03-28T18:38:02.640+0000] {logging_mixin.py:137} INFO - [2023-03-28T18:38:02.639+0000] {dag.py:2693} INFO - Sync 1 DAGs
[2023-03-28T18:38:02.788+0000] {logging_mixin.py:137} INFO - [2023-03-28T18:38:02.788+0000] {dag.py:3444} INFO - Setting next_dagrun for my_second2 to None, run_after=None
[2023-03-28T18:38:02.903+0000] {processor.py:175} INFO - Processing /opt/airflow/dags/my_second_dag.py took 0.535 seconds
[2023-03-28T18:38:34.816+0000] {processor.py:153} INFO - Started process (PID=423) to work on /opt/airflow/dags/my_second_dag.py
[2023-03-28T18:38:34.845+0000] {processor.py:743} INFO - Processing file /opt/airflow/dags/my_second_dag.py for tasks to queue
[2023-03-28T18:38:34.846+0000] {logging_mixin.py:137} INFO - [2023-03-28T18:38:34.846+0000] {dagbag.py:532} INFO - Filling up the DagBag from /opt/airflow/dags/my_second_dag.py
[2023-03-28T18:38:35.282+0000] {processor.py:753} INFO - DAG(s) dict_keys(['my_second2']) retrieved from /opt/airflow/dags/my_second_dag.py
[2023-03-28T18:38:35.802+0000] {logging_mixin.py:137} INFO - [2023-03-28T18:38:35.801+0000] {dag.py:2693} INFO - Sync 1 DAGs
[2023-03-28T18:38:36.236+0000] {logging_mixin.py:137} INFO - [2023-03-28T18:38:36.235+0000] {dag.py:3444} INFO - Setting next_dagrun for my_second2 to None, run_after=None
[2023-03-28T18:38:36.492+0000] {processor.py:175} INFO - Processing /opt/airflow/dags/my_second_dag.py took 1.694 seconds
[2023-03-28T18:39:07.035+0000] {processor.py:153} INFO - Started process (PID=458) to work on /opt/airflow/dags/my_second_dag.py
[2023-03-28T18:39:07.044+0000] {processor.py:743} INFO - Processing file /opt/airflow/dags/my_second_dag.py for tasks to queue
[2023-03-28T18:39:07.051+0000] {logging_mixin.py:137} INFO - [2023-03-28T18:39:07.050+0000] {dagbag.py:532} INFO - Filling up the DagBag from /opt/airflow/dags/my_second_dag.py
[2023-03-28T18:39:07.343+0000] {processor.py:753} INFO - DAG(s) dict_keys(['my_second2']) retrieved from /opt/airflow/dags/my_second_dag.py
[2023-03-28T18:39:07.601+0000] {logging_mixin.py:137} INFO - [2023-03-28T18:39:07.601+0000] {dag.py:2693} INFO - Sync 1 DAGs
[2023-03-28T18:39:07.728+0000] {logging_mixin.py:137} INFO - [2023-03-28T18:39:07.726+0000] {dag.py:3444} INFO - Setting next_dagrun for my_second2 to None, run_after=None
[2023-03-28T18:39:07.859+0000] {processor.py:175} INFO - Processing /opt/airflow/dags/my_second_dag.py took 0.838 seconds
[2023-03-28T18:39:38.081+0000] {processor.py:153} INFO - Started process (PID=492) to work on /opt/airflow/dags/my_second_dag.py
[2023-03-28T18:39:38.083+0000] {processor.py:743} INFO - Processing file /opt/airflow/dags/my_second_dag.py for tasks to queue
[2023-03-28T18:39:38.087+0000] {logging_mixin.py:137} INFO - [2023-03-28T18:39:38.087+0000] {dagbag.py:532} INFO - Filling up the DagBag from /opt/airflow/dags/my_second_dag.py
[2023-03-28T18:39:38.149+0000] {processor.py:753} INFO - DAG(s) dict_keys(['my_second2']) retrieved from /opt/airflow/dags/my_second_dag.py
[2023-03-28T18:39:38.216+0000] {logging_mixin.py:137} INFO - [2023-03-28T18:39:38.215+0000] {dag.py:2693} INFO - Sync 1 DAGs
[2023-03-28T18:39:38.286+0000] {logging_mixin.py:137} INFO - [2023-03-28T18:39:38.286+0000] {dag.py:3444} INFO - Setting next_dagrun for my_second2 to None, run_after=None
[2023-03-28T18:39:38.361+0000] {processor.py:175} INFO - Processing /opt/airflow/dags/my_second_dag.py took 0.289 seconds
[2023-03-28T18:40:08.490+0000] {processor.py:153} INFO - Started process (PID=524) to work on /opt/airflow/dags/my_second_dag.py
[2023-03-28T18:40:08.492+0000] {processor.py:743} INFO - Processing file /opt/airflow/dags/my_second_dag.py for tasks to queue
[2023-03-28T18:40:08.496+0000] {logging_mixin.py:137} INFO - [2023-03-28T18:40:08.495+0000] {dagbag.py:532} INFO - Filling up the DagBag from /opt/airflow/dags/my_second_dag.py
[2023-03-28T18:40:08.567+0000] {processor.py:753} INFO - DAG(s) dict_keys(['my_second2']) retrieved from /opt/airflow/dags/my_second_dag.py
[2023-03-28T18:40:08.658+0000] {logging_mixin.py:137} INFO - [2023-03-28T18:40:08.658+0000] {dag.py:2693} INFO - Sync 1 DAGs
[2023-03-28T18:40:08.711+0000] {logging_mixin.py:137} INFO - [2023-03-28T18:40:08.710+0000] {dag.py:3444} INFO - Setting next_dagrun for my_second2 to None, run_after=None
[2023-03-28T18:40:08.748+0000] {processor.py:175} INFO - Processing /opt/airflow/dags/my_second_dag.py took 0.264 seconds
[2023-03-28T18:40:39.201+0000] {processor.py:153} INFO - Started process (PID=559) to work on /opt/airflow/dags/my_second_dag.py
[2023-03-28T18:40:39.203+0000] {processor.py:743} INFO - Processing file /opt/airflow/dags/my_second_dag.py for tasks to queue
[2023-03-28T18:40:39.207+0000] {logging_mixin.py:137} INFO - [2023-03-28T18:40:39.206+0000] {dagbag.py:532} INFO - Filling up the DagBag from /opt/airflow/dags/my_second_dag.py
[2023-03-28T18:40:39.272+0000] {processor.py:753} INFO - DAG(s) dict_keys(['my_second2']) retrieved from /opt/airflow/dags/my_second_dag.py
[2023-03-28T18:40:39.343+0000] {logging_mixin.py:137} INFO - [2023-03-28T18:40:39.343+0000] {dag.py:2693} INFO - Sync 1 DAGs
[2023-03-28T18:40:39.433+0000] {logging_mixin.py:137} INFO - [2023-03-28T18:40:39.433+0000] {dag.py:3444} INFO - Setting next_dagrun for my_second2 to None, run_after=None
[2023-03-28T18:40:39.489+0000] {processor.py:175} INFO - Processing /opt/airflow/dags/my_second_dag.py took 0.295 seconds
[2023-03-28T18:41:10.043+0000] {processor.py:153} INFO - Started process (PID=588) to work on /opt/airflow/dags/my_second_dag.py
[2023-03-28T18:41:10.048+0000] {processor.py:743} INFO - Processing file /opt/airflow/dags/my_second_dag.py for tasks to queue
[2023-03-28T18:41:10.057+0000] {logging_mixin.py:137} INFO - [2023-03-28T18:41:10.056+0000] {dagbag.py:532} INFO - Filling up the DagBag from /opt/airflow/dags/my_second_dag.py
[2023-03-28T18:41:10.262+0000] {processor.py:753} INFO - DAG(s) dict_keys(['my_second2']) retrieved from /opt/airflow/dags/my_second_dag.py
[2023-03-28T18:41:10.463+0000] {logging_mixin.py:137} INFO - [2023-03-28T18:41:10.463+0000] {dag.py:2693} INFO - Sync 1 DAGs
[2023-03-28T18:41:10.564+0000] {logging_mixin.py:137} INFO - [2023-03-28T18:41:10.563+0000] {dag.py:3444} INFO - Setting next_dagrun for my_second2 to None, run_after=None
[2023-03-28T18:41:10.645+0000] {processor.py:175} INFO - Processing /opt/airflow/dags/my_second_dag.py took 0.620 seconds
[2023-03-28T18:42:41.693+0000] {processor.py:153} INFO - Started process (PID=180) to work on /opt/airflow/dags/my_second_dag.py
[2023-03-28T18:42:41.707+0000] {processor.py:743} INFO - Processing file /opt/airflow/dags/my_second_dag.py for tasks to queue
[2023-03-28T18:42:41.722+0000] {logging_mixin.py:137} INFO - [2023-03-28T18:42:41.722+0000] {dagbag.py:532} INFO - Filling up the DagBag from /opt/airflow/dags/my_second_dag.py
[2023-03-28T18:42:41.855+0000] {processor.py:753} INFO - DAG(s) dict_keys(['my_second2']) retrieved from /opt/airflow/dags/my_second_dag.py
[2023-03-28T18:42:42.399+0000] {logging_mixin.py:137} INFO - [2023-03-28T18:42:42.399+0000] {dag.py:2693} INFO - Sync 1 DAGs
[2023-03-28T18:42:42.534+0000] {logging_mixin.py:137} INFO - [2023-03-28T18:42:42.533+0000] {dag.py:3444} INFO - Setting next_dagrun for my_second2 to None, run_after=None
[2023-03-28T18:42:42.691+0000] {processor.py:175} INFO - Processing /opt/airflow/dags/my_second_dag.py took 1.014 seconds
[2023-03-28T18:43:15.379+0000] {processor.py:153} INFO - Started process (PID=213) to work on /opt/airflow/dags/my_second_dag.py
[2023-03-28T18:43:15.399+0000] {processor.py:743} INFO - Processing file /opt/airflow/dags/my_second_dag.py for tasks to queue
[2023-03-28T18:43:15.438+0000] {logging_mixin.py:137} INFO - [2023-03-28T18:43:15.438+0000] {dagbag.py:532} INFO - Filling up the DagBag from /opt/airflow/dags/my_second_dag.py
[2023-03-28T18:43:16.819+0000] {processor.py:753} INFO - DAG(s) dict_keys(['my_second2']) retrieved from /opt/airflow/dags/my_second_dag.py
[2023-03-28T18:43:17.334+0000] {logging_mixin.py:137} INFO - [2023-03-28T18:43:17.333+0000] {dag.py:2693} INFO - Sync 1 DAGs
[2023-03-28T18:43:17.495+0000] {logging_mixin.py:137} INFO - [2023-03-28T18:43:17.494+0000] {dag.py:3444} INFO - Setting next_dagrun for my_second2 to None, run_after=None
[2023-03-28T18:43:17.645+0000] {processor.py:175} INFO - Processing /opt/airflow/dags/my_second_dag.py took 2.299 seconds
[2023-03-28T18:43:48.728+0000] {processor.py:153} INFO - Started process (PID=257) to work on /opt/airflow/dags/my_second_dag.py
[2023-03-28T18:43:48.738+0000] {processor.py:743} INFO - Processing file /opt/airflow/dags/my_second_dag.py for tasks to queue
[2023-03-28T18:43:48.751+0000] {logging_mixin.py:137} INFO - [2023-03-28T18:43:48.750+0000] {dagbag.py:532} INFO - Filling up the DagBag from /opt/airflow/dags/my_second_dag.py
[2023-03-28T18:43:49.058+0000] {processor.py:753} INFO - DAG(s) dict_keys(['my_second2']) retrieved from /opt/airflow/dags/my_second_dag.py
[2023-03-28T18:43:49.128+0000] {logging_mixin.py:137} INFO - [2023-03-28T18:43:49.128+0000] {dag.py:2693} INFO - Sync 1 DAGs
[2023-03-28T18:43:49.420+0000] {logging_mixin.py:137} INFO - [2023-03-28T18:43:49.407+0000] {dag.py:3444} INFO - Setting next_dagrun for my_second2 to None, run_after=None
[2023-03-28T18:43:49.592+0000] {processor.py:175} INFO - Processing /opt/airflow/dags/my_second_dag.py took 0.879 seconds
[2023-03-28T18:45:56.292+0000] {processor.py:153} INFO - Started process (PID=180) to work on /opt/airflow/dags/my_second_dag.py
[2023-03-28T18:45:56.311+0000] {processor.py:743} INFO - Processing file /opt/airflow/dags/my_second_dag.py for tasks to queue
[2023-03-28T18:45:56.367+0000] {logging_mixin.py:137} INFO - [2023-03-28T18:45:56.366+0000] {dagbag.py:532} INFO - Filling up the DagBag from /opt/airflow/dags/my_second_dag.py
[2023-03-28T18:45:56.556+0000] {processor.py:753} INFO - DAG(s) dict_keys(['my_second2']) retrieved from /opt/airflow/dags/my_second_dag.py
[2023-03-28T18:45:56.872+0000] {logging_mixin.py:137} INFO - [2023-03-28T18:45:56.871+0000] {dag.py:2693} INFO - Sync 1 DAGs
[2023-03-28T18:45:56.985+0000] {logging_mixin.py:137} INFO - [2023-03-28T18:45:56.984+0000] {dag.py:3444} INFO - Setting next_dagrun for my_second2 to None, run_after=None
[2023-03-28T18:45:57.080+0000] {processor.py:175} INFO - Processing /opt/airflow/dags/my_second_dag.py took 0.812 seconds
[2023-03-28T18:46:29.914+0000] {processor.py:153} INFO - Started process (PID=211) to work on /opt/airflow/dags/my_second_dag.py
[2023-03-28T18:46:29.917+0000] {processor.py:743} INFO - Processing file /opt/airflow/dags/my_second_dag.py for tasks to queue
[2023-03-28T18:46:29.921+0000] {logging_mixin.py:137} INFO - [2023-03-28T18:46:29.920+0000] {dagbag.py:532} INFO - Filling up the DagBag from /opt/airflow/dags/my_second_dag.py
[2023-03-28T18:46:30.091+0000] {processor.py:753} INFO - DAG(s) dict_keys(['my_second2']) retrieved from /opt/airflow/dags/my_second_dag.py
[2023-03-28T18:46:30.201+0000] {logging_mixin.py:137} INFO - [2023-03-28T18:46:30.200+0000] {dag.py:2693} INFO - Sync 1 DAGs
[2023-03-28T18:46:30.287+0000] {logging_mixin.py:137} INFO - [2023-03-28T18:46:30.286+0000] {dag.py:3444} INFO - Setting next_dagrun for my_second2 to None, run_after=None
[2023-03-28T18:46:30.363+0000] {processor.py:175} INFO - Processing /opt/airflow/dags/my_second_dag.py took 0.460 seconds
[2023-03-28T18:47:02.710+0000] {processor.py:153} INFO - Started process (PID=243) to work on /opt/airflow/dags/my_second_dag.py
[2023-03-28T18:47:02.735+0000] {processor.py:743} INFO - Processing file /opt/airflow/dags/my_second_dag.py for tasks to queue
[2023-03-28T18:47:02.771+0000] {logging_mixin.py:137} INFO - [2023-03-28T18:47:02.770+0000] {dagbag.py:532} INFO - Filling up the DagBag from /opt/airflow/dags/my_second_dag.py
[2023-03-28T18:47:03.279+0000] {processor.py:753} INFO - DAG(s) dict_keys(['my_second2']) retrieved from /opt/airflow/dags/my_second_dag.py
[2023-03-28T18:47:03.467+0000] {logging_mixin.py:137} INFO - [2023-03-28T18:47:03.467+0000] {dag.py:2693} INFO - Sync 1 DAGs
[2023-03-28T18:47:03.581+0000] {logging_mixin.py:137} INFO - [2023-03-28T18:47:03.580+0000] {dag.py:3444} INFO - Setting next_dagrun for my_second2 to None, run_after=None
[2023-03-28T18:47:03.689+0000] {processor.py:175} INFO - Processing /opt/airflow/dags/my_second_dag.py took 1.017 seconds
[2023-03-28T18:51:19.424+0000] {processor.py:153} INFO - Started process (PID=188) to work on /opt/airflow/dags/my_second_dag.py
[2023-03-28T18:51:19.426+0000] {processor.py:743} INFO - Processing file /opt/airflow/dags/my_second_dag.py for tasks to queue
[2023-03-28T18:51:19.429+0000] {logging_mixin.py:137} INFO - [2023-03-28T18:51:19.428+0000] {dagbag.py:532} INFO - Filling up the DagBag from /opt/airflow/dags/my_second_dag.py
[2023-03-28T18:51:19.659+0000] {processor.py:753} INFO - DAG(s) dict_keys(['my_second2']) retrieved from /opt/airflow/dags/my_second_dag.py
[2023-03-28T18:51:20.562+0000] {logging_mixin.py:137} INFO - [2023-03-28T18:51:20.562+0000] {dag.py:2693} INFO - Sync 1 DAGs
[2023-03-28T18:51:20.819+0000] {logging_mixin.py:137} INFO - [2023-03-28T18:51:20.818+0000] {dag.py:3444} INFO - Setting next_dagrun for my_second2 to None, run_after=None
[2023-03-28T18:51:21.090+0000] {processor.py:175} INFO - Processing /opt/airflow/dags/my_second_dag.py took 1.770 seconds
[2023-03-28T18:51:59.480+0000] {processor.py:153} INFO - Started process (PID=223) to work on /opt/airflow/dags/my_second_dag.py
[2023-03-28T18:51:59.486+0000] {processor.py:743} INFO - Processing file /opt/airflow/dags/my_second_dag.py for tasks to queue
[2023-03-28T18:51:59.491+0000] {logging_mixin.py:137} INFO - [2023-03-28T18:51:59.491+0000] {dagbag.py:532} INFO - Filling up the DagBag from /opt/airflow/dags/my_second_dag.py
[2023-03-28T18:51:59.994+0000] {processor.py:753} INFO - DAG(s) dict_keys(['my_second2']) retrieved from /opt/airflow/dags/my_second_dag.py
[2023-03-28T18:52:00.224+0000] {logging_mixin.py:137} INFO - [2023-03-28T18:52:00.223+0000] {dag.py:2693} INFO - Sync 1 DAGs
[2023-03-28T18:52:00.456+0000] {logging_mixin.py:137} INFO - [2023-03-28T18:52:00.423+0000] {dag.py:3444} INFO - Setting next_dagrun for my_second2 to None, run_after=None
[2023-03-28T18:52:00.830+0000] {processor.py:175} INFO - Processing /opt/airflow/dags/my_second_dag.py took 1.362 seconds
[2023-03-28T18:52:37.003+0000] {processor.py:153} INFO - Started process (PID=258) to work on /opt/airflow/dags/my_second_dag.py
[2023-03-28T18:52:37.006+0000] {processor.py:743} INFO - Processing file /opt/airflow/dags/my_second_dag.py for tasks to queue
[2023-03-28T18:52:37.022+0000] {logging_mixin.py:137} INFO - [2023-03-28T18:52:37.022+0000] {dagbag.py:532} INFO - Filling up the DagBag from /opt/airflow/dags/my_second_dag.py
[2023-03-28T18:52:37.272+0000] {processor.py:753} INFO - DAG(s) dict_keys(['my_second2']) retrieved from /opt/airflow/dags/my_second_dag.py
[2023-03-28T18:52:37.421+0000] {logging_mixin.py:137} INFO - [2023-03-28T18:52:37.420+0000] {dag.py:2693} INFO - Sync 1 DAGs
[2023-03-28T18:52:37.590+0000] {logging_mixin.py:137} INFO - [2023-03-28T18:52:37.589+0000] {dag.py:3444} INFO - Setting next_dagrun for my_second2 to None, run_after=None
[2023-03-28T18:52:37.750+0000] {processor.py:175} INFO - Processing /opt/airflow/dags/my_second_dag.py took 0.818 seconds
[2023-03-28T18:58:25.305+0000] {processor.py:153} INFO - Started process (PID=188) to work on /opt/airflow/dags/my_second_dag.py
[2023-03-28T18:58:25.313+0000] {processor.py:743} INFO - Processing file /opt/airflow/dags/my_second_dag.py for tasks to queue
[2023-03-28T18:58:25.324+0000] {logging_mixin.py:137} INFO - [2023-03-28T18:58:25.324+0000] {dagbag.py:532} INFO - Filling up the DagBag from /opt/airflow/dags/my_second_dag.py
[2023-03-28T18:58:25.547+0000] {processor.py:753} INFO - DAG(s) dict_keys(['my_second2']) retrieved from /opt/airflow/dags/my_second_dag.py
[2023-03-28T18:58:26.987+0000] {logging_mixin.py:137} INFO - [2023-03-28T18:58:26.980+0000] {dag.py:2693} INFO - Sync 1 DAGs
[2023-03-28T18:58:27.471+0000] {logging_mixin.py:137} INFO - [2023-03-28T18:58:27.470+0000] {dag.py:3444} INFO - Setting next_dagrun for my_second2 to None, run_after=None
[2023-03-28T18:58:27.983+0000] {processor.py:175} INFO - Processing /opt/airflow/dags/my_second_dag.py took 2.690 seconds
[2023-03-28T18:59:07.265+0000] {processor.py:153} INFO - Started process (PID=225) to work on /opt/airflow/dags/my_second_dag.py
[2023-03-28T18:59:07.275+0000] {processor.py:743} INFO - Processing file /opt/airflow/dags/my_second_dag.py for tasks to queue
[2023-03-28T18:59:07.282+0000] {logging_mixin.py:137} INFO - [2023-03-28T18:59:07.282+0000] {dagbag.py:532} INFO - Filling up the DagBag from /opt/airflow/dags/my_second_dag.py
[2023-03-28T18:59:08.033+0000] {processor.py:753} INFO - DAG(s) dict_keys(['my_second2']) retrieved from /opt/airflow/dags/my_second_dag.py
[2023-03-28T18:59:08.426+0000] {logging_mixin.py:137} INFO - [2023-03-28T18:59:08.426+0000] {dag.py:2693} INFO - Sync 1 DAGs
[2023-03-28T18:59:08.748+0000] {logging_mixin.py:137} INFO - [2023-03-28T18:59:08.748+0000] {dag.py:3444} INFO - Setting next_dagrun for my_second2 to None, run_after=None
[2023-03-28T18:59:08.860+0000] {processor.py:175} INFO - Processing /opt/airflow/dags/my_second_dag.py took 1.682 seconds
[2023-03-28T18:59:39.185+0000] {processor.py:153} INFO - Started process (PID=272) to work on /opt/airflow/dags/my_second_dag.py
[2023-03-28T18:59:39.187+0000] {processor.py:743} INFO - Processing file /opt/airflow/dags/my_second_dag.py for tasks to queue
[2023-03-28T18:59:39.210+0000] {logging_mixin.py:137} INFO - [2023-03-28T18:59:39.210+0000] {dagbag.py:532} INFO - Filling up the DagBag from /opt/airflow/dags/my_second_dag.py
[2023-03-28T18:59:39.598+0000] {processor.py:753} INFO - DAG(s) dict_keys(['my_second2']) retrieved from /opt/airflow/dags/my_second_dag.py
[2023-03-28T18:59:39.838+0000] {logging_mixin.py:137} INFO - [2023-03-28T18:59:39.838+0000] {dag.py:2693} INFO - Sync 1 DAGs
[2023-03-28T18:59:39.941+0000] {logging_mixin.py:137} INFO - [2023-03-28T18:59:39.941+0000] {dag.py:3444} INFO - Setting next_dagrun for my_second2 to None, run_after=None
[2023-03-28T18:59:40.012+0000] {processor.py:175} INFO - Processing /opt/airflow/dags/my_second_dag.py took 0.889 seconds
[2023-03-28T19:00:11.267+0000] {processor.py:153} INFO - Started process (PID=303) to work on /opt/airflow/dags/my_second_dag.py
[2023-03-28T19:00:11.296+0000] {processor.py:743} INFO - Processing file /opt/airflow/dags/my_second_dag.py for tasks to queue
[2023-03-28T19:00:11.490+0000] {logging_mixin.py:137} INFO - [2023-03-28T19:00:11.356+0000] {dagbag.py:532} INFO - Filling up the DagBag from /opt/airflow/dags/my_second_dag.py
[2023-03-28T19:00:12.647+0000] {processor.py:753} INFO - DAG(s) dict_keys(['my_second2']) retrieved from /opt/airflow/dags/my_second_dag.py
[2023-03-28T19:00:12.966+0000] {logging_mixin.py:137} INFO - [2023-03-28T19:00:12.966+0000] {dag.py:2693} INFO - Sync 1 DAGs
[2023-03-28T19:00:14.137+0000] {logging_mixin.py:137} INFO - [2023-03-28T19:00:14.136+0000] {dag.py:3444} INFO - Setting next_dagrun for my_second2 to None, run_after=None
[2023-03-28T19:00:14.709+0000] {processor.py:175} INFO - Processing /opt/airflow/dags/my_second_dag.py took 3.615 seconds
[2023-03-28T19:00:45.537+0000] {processor.py:153} INFO - Started process (PID=338) to work on /opt/airflow/dags/my_second_dag.py
[2023-03-28T19:00:45.538+0000] {processor.py:743} INFO - Processing file /opt/airflow/dags/my_second_dag.py for tasks to queue
[2023-03-28T19:00:45.557+0000] {logging_mixin.py:137} INFO - [2023-03-28T19:00:45.556+0000] {dagbag.py:532} INFO - Filling up the DagBag from /opt/airflow/dags/my_second_dag.py
[2023-03-28T19:00:46.143+0000] {processor.py:753} INFO - DAG(s) dict_keys(['my_second2']) retrieved from /opt/airflow/dags/my_second_dag.py
[2023-03-28T19:00:46.502+0000] {logging_mixin.py:137} INFO - [2023-03-28T19:00:46.501+0000] {dag.py:2693} INFO - Sync 1 DAGs
[2023-03-28T19:00:46.792+0000] {logging_mixin.py:137} INFO - [2023-03-28T19:00:46.791+0000] {dag.py:3444} INFO - Setting next_dagrun for my_second2 to None, run_after=None
[2023-03-28T19:00:46.870+0000] {processor.py:175} INFO - Processing /opt/airflow/dags/my_second_dag.py took 1.363 seconds
[2023-03-28T19:01:16.991+0000] {processor.py:153} INFO - Started process (PID=373) to work on /opt/airflow/dags/my_second_dag.py
[2023-03-28T19:01:16.999+0000] {processor.py:743} INFO - Processing file /opt/airflow/dags/my_second_dag.py for tasks to queue
[2023-03-28T19:01:17.006+0000] {logging_mixin.py:137} INFO - [2023-03-28T19:01:17.005+0000] {dagbag.py:532} INFO - Filling up the DagBag from /opt/airflow/dags/my_second_dag.py
[2023-03-28T19:01:17.190+0000] {processor.py:753} INFO - DAG(s) dict_keys(['my_second2']) retrieved from /opt/airflow/dags/my_second_dag.py
[2023-03-28T19:01:17.387+0000] {logging_mixin.py:137} INFO - [2023-03-28T19:01:17.387+0000] {dag.py:2693} INFO - Sync 1 DAGs
[2023-03-28T19:01:17.500+0000] {logging_mixin.py:137} INFO - [2023-03-28T19:01:17.499+0000] {dag.py:3444} INFO - Setting next_dagrun for my_second2 to None, run_after=None
[2023-03-28T19:01:17.630+0000] {processor.py:175} INFO - Processing /opt/airflow/dags/my_second_dag.py took 0.649 seconds
[2023-03-28T19:01:49.439+0000] {processor.py:153} INFO - Started process (PID=414) to work on /opt/airflow/dags/my_second_dag.py
[2023-03-28T19:01:49.490+0000] {processor.py:743} INFO - Processing file /opt/airflow/dags/my_second_dag.py for tasks to queue
[2023-03-28T19:01:49.492+0000] {logging_mixin.py:137} INFO - [2023-03-28T19:01:49.491+0000] {dagbag.py:532} INFO - Filling up the DagBag from /opt/airflow/dags/my_second_dag.py
[2023-03-28T19:01:50.523+0000] {processor.py:753} INFO - DAG(s) dict_keys(['my_second2']) retrieved from /opt/airflow/dags/my_second_dag.py
[2023-03-28T19:01:51.044+0000] {logging_mixin.py:137} INFO - [2023-03-28T19:01:51.043+0000] {dag.py:2693} INFO - Sync 1 DAGs
[2023-03-28T19:01:51.203+0000] {logging_mixin.py:137} INFO - [2023-03-28T19:01:51.203+0000] {dag.py:3444} INFO - Setting next_dagrun for my_second2 to None, run_after=None
[2023-03-28T19:01:51.488+0000] {processor.py:175} INFO - Processing /opt/airflow/dags/my_second_dag.py took 2.505 seconds
[2023-03-28T19:02:21.851+0000] {processor.py:153} INFO - Started process (PID=458) to work on /opt/airflow/dags/my_second_dag.py
[2023-03-28T19:02:21.852+0000] {processor.py:743} INFO - Processing file /opt/airflow/dags/my_second_dag.py for tasks to queue
[2023-03-28T19:02:21.856+0000] {logging_mixin.py:137} INFO - [2023-03-28T19:02:21.856+0000] {dagbag.py:532} INFO - Filling up the DagBag from /opt/airflow/dags/my_second_dag.py
[2023-03-28T19:02:22.112+0000] {processor.py:753} INFO - DAG(s) dict_keys(['my_second2']) retrieved from /opt/airflow/dags/my_second_dag.py
[2023-03-28T19:02:22.306+0000] {logging_mixin.py:137} INFO - [2023-03-28T19:02:22.306+0000] {dag.py:2693} INFO - Sync 1 DAGs
[2023-03-28T19:02:22.387+0000] {logging_mixin.py:137} INFO - [2023-03-28T19:02:22.387+0000] {dag.py:3444} INFO - Setting next_dagrun for my_second2 to None, run_after=None
[2023-03-28T19:02:22.603+0000] {processor.py:175} INFO - Processing /opt/airflow/dags/my_second_dag.py took 0.762 seconds
[2023-03-28T19:03:03.380+0000] {processor.py:153} INFO - Started process (PID=490) to work on /opt/airflow/dags/my_second_dag.py
[2023-03-28T19:03:03.397+0000] {processor.py:743} INFO - Processing file /opt/airflow/dags/my_second_dag.py for tasks to queue
[2023-03-28T19:03:03.399+0000] {logging_mixin.py:137} INFO - [2023-03-28T19:03:03.398+0000] {dagbag.py:532} INFO - Filling up the DagBag from /opt/airflow/dags/my_second_dag.py
[2023-03-28T19:03:03.867+0000] {processor.py:753} INFO - DAG(s) dict_keys(['my_second2']) retrieved from /opt/airflow/dags/my_second_dag.py
[2023-03-28T19:03:04.085+0000] {logging_mixin.py:137} INFO - [2023-03-28T19:03:04.083+0000] {dag.py:2693} INFO - Sync 1 DAGs
[2023-03-28T19:03:04.295+0000] {logging_mixin.py:137} INFO - [2023-03-28T19:03:04.295+0000] {dag.py:3444} INFO - Setting next_dagrun for my_second2 to None, run_after=None
[2023-03-28T19:03:04.527+0000] {processor.py:175} INFO - Processing /opt/airflow/dags/my_second_dag.py took 1.513 seconds
[2023-03-28T19:03:38.414+0000] {processor.py:153} INFO - Started process (PID=522) to work on /opt/airflow/dags/my_second_dag.py
[2023-03-28T19:03:38.459+0000] {processor.py:743} INFO - Processing file /opt/airflow/dags/my_second_dag.py for tasks to queue
[2023-03-28T19:03:38.477+0000] {logging_mixin.py:137} INFO - [2023-03-28T19:03:38.477+0000] {dagbag.py:532} INFO - Filling up the DagBag from /opt/airflow/dags/my_second_dag.py
[2023-03-28T19:03:38.917+0000] {processor.py:753} INFO - DAG(s) dict_keys(['my_second2']) retrieved from /opt/airflow/dags/my_second_dag.py
[2023-03-28T19:03:39.083+0000] {logging_mixin.py:137} INFO - [2023-03-28T19:03:39.083+0000] {dag.py:2693} INFO - Sync 1 DAGs
[2023-03-28T19:03:39.250+0000] {logging_mixin.py:137} INFO - [2023-03-28T19:03:39.249+0000] {dag.py:3444} INFO - Setting next_dagrun for my_second2 to None, run_after=None
[2023-03-28T19:03:39.371+0000] {processor.py:175} INFO - Processing /opt/airflow/dags/my_second_dag.py took 0.972 seconds
[2023-03-28T19:04:15.184+0000] {processor.py:153} INFO - Started process (PID=557) to work on /opt/airflow/dags/my_second_dag.py
[2023-03-28T19:04:15.198+0000] {processor.py:743} INFO - Processing file /opt/airflow/dags/my_second_dag.py for tasks to queue
[2023-03-28T19:04:15.204+0000] {logging_mixin.py:137} INFO - [2023-03-28T19:04:15.204+0000] {dagbag.py:532} INFO - Filling up the DagBag from /opt/airflow/dags/my_second_dag.py
[2023-03-28T19:04:15.504+0000] {processor.py:753} INFO - DAG(s) dict_keys(['my_second2']) retrieved from /opt/airflow/dags/my_second_dag.py
[2023-03-28T19:04:15.670+0000] {logging_mixin.py:137} INFO - [2023-03-28T19:04:15.666+0000] {dag.py:2693} INFO - Sync 1 DAGs
[2023-03-28T19:04:15.921+0000] {logging_mixin.py:137} INFO - [2023-03-28T19:04:15.921+0000] {dag.py:3444} INFO - Setting next_dagrun for my_second2 to None, run_after=None
[2023-03-28T19:04:16.168+0000] {processor.py:175} INFO - Processing /opt/airflow/dags/my_second_dag.py took 0.994 seconds
[2023-03-28T19:04:51.936+0000] {processor.py:153} INFO - Started process (PID=603) to work on /opt/airflow/dags/my_second_dag.py
[2023-03-28T19:04:51.953+0000] {processor.py:743} INFO - Processing file /opt/airflow/dags/my_second_dag.py for tasks to queue
[2023-03-28T19:04:51.965+0000] {logging_mixin.py:137} INFO - [2023-03-28T19:04:51.965+0000] {dagbag.py:532} INFO - Filling up the DagBag from /opt/airflow/dags/my_second_dag.py
[2023-03-28T19:04:52.729+0000] {processor.py:753} INFO - DAG(s) dict_keys(['my_second2']) retrieved from /opt/airflow/dags/my_second_dag.py
[2023-03-28T19:04:53.069+0000] {logging_mixin.py:137} INFO - [2023-03-28T19:04:53.069+0000] {dag.py:2693} INFO - Sync 1 DAGs
[2023-03-28T19:04:53.768+0000] {logging_mixin.py:137} INFO - [2023-03-28T19:04:53.767+0000] {dag.py:3444} INFO - Setting next_dagrun for my_second2 to None, run_after=None
[2023-03-28T19:04:54.150+0000] {processor.py:175} INFO - Processing /opt/airflow/dags/my_second_dag.py took 2.237 seconds
[2023-03-28T19:05:27.705+0000] {processor.py:153} INFO - Started process (PID=638) to work on /opt/airflow/dags/my_second_dag.py
[2023-03-28T19:05:27.740+0000] {processor.py:743} INFO - Processing file /opt/airflow/dags/my_second_dag.py for tasks to queue
[2023-03-28T19:05:27.749+0000] {logging_mixin.py:137} INFO - [2023-03-28T19:05:27.749+0000] {dagbag.py:532} INFO - Filling up the DagBag from /opt/airflow/dags/my_second_dag.py
[2023-03-28T19:05:28.813+0000] {processor.py:753} INFO - DAG(s) dict_keys(['my_second2']) retrieved from /opt/airflow/dags/my_second_dag.py
[2023-03-28T19:05:29.331+0000] {logging_mixin.py:137} INFO - [2023-03-28T19:05:29.330+0000] {dag.py:2693} INFO - Sync 1 DAGs
[2023-03-28T19:05:29.956+0000] {logging_mixin.py:137} INFO - [2023-03-28T19:05:29.956+0000] {dag.py:3444} INFO - Setting next_dagrun for my_second2 to None, run_after=None
[2023-03-28T19:05:30.422+0000] {processor.py:175} INFO - Processing /opt/airflow/dags/my_second_dag.py took 2.846 seconds
[2023-03-28T19:06:01.474+0000] {processor.py:153} INFO - Started process (PID=669) to work on /opt/airflow/dags/my_second_dag.py
[2023-03-28T19:06:01.486+0000] {processor.py:743} INFO - Processing file /opt/airflow/dags/my_second_dag.py for tasks to queue
[2023-03-28T19:06:01.506+0000] {logging_mixin.py:137} INFO - [2023-03-28T19:06:01.506+0000] {dagbag.py:532} INFO - Filling up the DagBag from /opt/airflow/dags/my_second_dag.py
[2023-03-28T19:06:01.757+0000] {processor.py:753} INFO - DAG(s) dict_keys(['my_second2']) retrieved from /opt/airflow/dags/my_second_dag.py
[2023-03-28T19:06:01.922+0000] {logging_mixin.py:137} INFO - [2023-03-28T19:06:01.921+0000] {dag.py:2693} INFO - Sync 1 DAGs
[2023-03-28T19:06:02.066+0000] {logging_mixin.py:137} INFO - [2023-03-28T19:06:02.066+0000] {dag.py:3444} INFO - Setting next_dagrun for my_second2 to None, run_after=None
[2023-03-28T19:06:02.174+0000] {processor.py:175} INFO - Processing /opt/airflow/dags/my_second_dag.py took 0.719 seconds
[2023-03-28T19:06:32.748+0000] {processor.py:153} INFO - Started process (PID=704) to work on /opt/airflow/dags/my_second_dag.py
[2023-03-28T19:06:32.844+0000] {processor.py:743} INFO - Processing file /opt/airflow/dags/my_second_dag.py for tasks to queue
[2023-03-28T19:06:32.846+0000] {logging_mixin.py:137} INFO - [2023-03-28T19:06:32.846+0000] {dagbag.py:532} INFO - Filling up the DagBag from /opt/airflow/dags/my_second_dag.py
[2023-03-28T19:06:33.000+0000] {processor.py:753} INFO - DAG(s) dict_keys(['my_second2']) retrieved from /opt/airflow/dags/my_second_dag.py
[2023-03-28T19:06:33.103+0000] {logging_mixin.py:137} INFO - [2023-03-28T19:06:33.103+0000] {dag.py:2693} INFO - Sync 1 DAGs
[2023-03-28T19:06:33.183+0000] {logging_mixin.py:137} INFO - [2023-03-28T19:06:33.183+0000] {dag.py:3444} INFO - Setting next_dagrun for my_second2 to None, run_after=None
[2023-03-28T19:06:33.255+0000] {processor.py:175} INFO - Processing /opt/airflow/dags/my_second_dag.py took 0.516 seconds
[2023-03-28T19:07:03.477+0000] {processor.py:153} INFO - Started process (PID=739) to work on /opt/airflow/dags/my_second_dag.py
[2023-03-28T19:07:03.482+0000] {processor.py:743} INFO - Processing file /opt/airflow/dags/my_second_dag.py for tasks to queue
[2023-03-28T19:07:03.484+0000] {logging_mixin.py:137} INFO - [2023-03-28T19:07:03.484+0000] {dagbag.py:532} INFO - Filling up the DagBag from /opt/airflow/dags/my_second_dag.py
[2023-03-28T19:07:03.633+0000] {processor.py:753} INFO - DAG(s) dict_keys(['my_second2']) retrieved from /opt/airflow/dags/my_second_dag.py
[2023-03-28T19:07:03.731+0000] {logging_mixin.py:137} INFO - [2023-03-28T19:07:03.731+0000] {dag.py:2693} INFO - Sync 1 DAGs
[2023-03-28T19:07:03.872+0000] {logging_mixin.py:137} INFO - [2023-03-28T19:07:03.872+0000] {dag.py:3444} INFO - Setting next_dagrun for my_second2 to None, run_after=None
[2023-03-28T19:07:04.619+0000] {processor.py:175} INFO - Processing /opt/airflow/dags/my_second_dag.py took 1.172 seconds
[2023-03-28T19:07:34.851+0000] {processor.py:153} INFO - Started process (PID=775) to work on /opt/airflow/dags/my_second_dag.py
[2023-03-28T19:07:34.855+0000] {processor.py:743} INFO - Processing file /opt/airflow/dags/my_second_dag.py for tasks to queue
[2023-03-28T19:07:34.858+0000] {logging_mixin.py:137} INFO - [2023-03-28T19:07:34.858+0000] {dagbag.py:532} INFO - Filling up the DagBag from /opt/airflow/dags/my_second_dag.py
[2023-03-28T19:07:35.065+0000] {processor.py:753} INFO - DAG(s) dict_keys(['my_second2']) retrieved from /opt/airflow/dags/my_second_dag.py
[2023-03-28T19:07:35.198+0000] {logging_mixin.py:137} INFO - [2023-03-28T19:07:35.198+0000] {dag.py:2693} INFO - Sync 1 DAGs
[2023-03-28T19:07:35.271+0000] {logging_mixin.py:137} INFO - [2023-03-28T19:07:35.271+0000] {dag.py:3444} INFO - Setting next_dagrun for my_second2 to None, run_after=None
[2023-03-28T19:07:35.341+0000] {processor.py:175} INFO - Processing /opt/airflow/dags/my_second_dag.py took 0.499 seconds
[2023-03-28T19:08:07.805+0000] {processor.py:153} INFO - Started process (PID=808) to work on /opt/airflow/dags/my_second_dag.py
[2023-03-28T19:08:07.812+0000] {processor.py:743} INFO - Processing file /opt/airflow/dags/my_second_dag.py for tasks to queue
[2023-03-28T19:08:07.823+0000] {logging_mixin.py:137} INFO - [2023-03-28T19:08:07.820+0000] {dagbag.py:532} INFO - Filling up the DagBag from /opt/airflow/dags/my_second_dag.py
[2023-03-28T19:08:08.122+0000] {processor.py:753} INFO - DAG(s) dict_keys(['my_second2']) retrieved from /opt/airflow/dags/my_second_dag.py
[2023-03-28T19:08:08.250+0000] {logging_mixin.py:137} INFO - [2023-03-28T19:08:08.248+0000] {dag.py:2693} INFO - Sync 1 DAGs
[2023-03-28T19:08:08.386+0000] {logging_mixin.py:137} INFO - [2023-03-28T19:08:08.386+0000] {dag.py:3444} INFO - Setting next_dagrun for my_second2 to None, run_after=None
[2023-03-28T19:08:08.592+0000] {processor.py:175} INFO - Processing /opt/airflow/dags/my_second_dag.py took 0.834 seconds
[2023-03-28T19:08:38.886+0000] {processor.py:153} INFO - Started process (PID=845) to work on /opt/airflow/dags/my_second_dag.py
[2023-03-28T19:08:38.893+0000] {processor.py:743} INFO - Processing file /opt/airflow/dags/my_second_dag.py for tasks to queue
[2023-03-28T19:08:38.898+0000] {logging_mixin.py:137} INFO - [2023-03-28T19:08:38.896+0000] {dagbag.py:532} INFO - Filling up the DagBag from /opt/airflow/dags/my_second_dag.py
[2023-03-28T19:08:38.993+0000] {processor.py:753} INFO - DAG(s) dict_keys(['my_second2']) retrieved from /opt/airflow/dags/my_second_dag.py
[2023-03-28T19:08:39.158+0000] {logging_mixin.py:137} INFO - [2023-03-28T19:08:39.157+0000] {dag.py:2693} INFO - Sync 1 DAGs
[2023-03-28T19:08:39.229+0000] {logging_mixin.py:137} INFO - [2023-03-28T19:08:39.228+0000] {dag.py:3444} INFO - Setting next_dagrun for my_second2 to None, run_after=None
[2023-03-28T19:08:39.317+0000] {processor.py:175} INFO - Processing /opt/airflow/dags/my_second_dag.py took 0.443 seconds
[2023-03-28T19:12:58.808+0000] {processor.py:153} INFO - Started process (PID=192) to work on /opt/airflow/dags/my_second_dag.py
[2023-03-28T19:12:58.823+0000] {processor.py:743} INFO - Processing file /opt/airflow/dags/my_second_dag.py for tasks to queue
[2023-03-28T19:12:58.835+0000] {logging_mixin.py:137} INFO - [2023-03-28T19:12:58.834+0000] {dagbag.py:532} INFO - Filling up the DagBag from /opt/airflow/dags/my_second_dag.py
[2023-03-28T19:12:59.442+0000] {processor.py:753} INFO - DAG(s) dict_keys(['my_second2']) retrieved from /opt/airflow/dags/my_second_dag.py
[2023-03-28T19:13:00.200+0000] {logging_mixin.py:137} INFO - [2023-03-28T19:13:00.200+0000] {dag.py:2693} INFO - Sync 1 DAGs
[2023-03-28T19:13:00.329+0000] {logging_mixin.py:137} INFO - [2023-03-28T19:13:00.329+0000] {dag.py:3444} INFO - Setting next_dagrun for my_second2 to None, run_after=None
[2023-03-28T19:13:00.525+0000] {processor.py:175} INFO - Processing /opt/airflow/dags/my_second_dag.py took 1.744 seconds
[2023-03-28T19:13:34.327+0000] {processor.py:153} INFO - Started process (PID=232) to work on /opt/airflow/dags/my_second_dag.py
[2023-03-28T19:13:34.329+0000] {processor.py:743} INFO - Processing file /opt/airflow/dags/my_second_dag.py for tasks to queue
[2023-03-28T19:13:34.338+0000] {logging_mixin.py:137} INFO - [2023-03-28T19:13:34.338+0000] {dagbag.py:532} INFO - Filling up the DagBag from /opt/airflow/dags/my_second_dag.py
[2023-03-28T19:13:34.596+0000] {processor.py:753} INFO - DAG(s) dict_keys(['my_second2']) retrieved from /opt/airflow/dags/my_second_dag.py
[2023-03-28T19:13:34.736+0000] {logging_mixin.py:137} INFO - [2023-03-28T19:13:34.736+0000] {dag.py:2693} INFO - Sync 1 DAGs
[2023-03-28T19:13:34.913+0000] {logging_mixin.py:137} INFO - [2023-03-28T19:13:34.912+0000] {dag.py:3444} INFO - Setting next_dagrun for my_second2 to None, run_after=None
[2023-03-28T19:13:35.003+0000] {processor.py:175} INFO - Processing /opt/airflow/dags/my_second_dag.py took 0.699 seconds
[2023-03-28T19:14:07.356+0000] {processor.py:153} INFO - Started process (PID=265) to work on /opt/airflow/dags/my_second_dag.py
[2023-03-28T19:14:07.390+0000] {processor.py:743} INFO - Processing file /opt/airflow/dags/my_second_dag.py for tasks to queue
[2023-03-28T19:14:07.403+0000] {logging_mixin.py:137} INFO - [2023-03-28T19:14:07.402+0000] {dagbag.py:532} INFO - Filling up the DagBag from /opt/airflow/dags/my_second_dag.py
[2023-03-28T19:14:07.588+0000] {processor.py:753} INFO - DAG(s) dict_keys(['my_second2']) retrieved from /opt/airflow/dags/my_second_dag.py
[2023-03-28T19:14:07.807+0000] {logging_mixin.py:137} INFO - [2023-03-28T19:14:07.806+0000] {dag.py:2693} INFO - Sync 1 DAGs
[2023-03-28T19:14:07.935+0000] {logging_mixin.py:137} INFO - [2023-03-28T19:14:07.935+0000] {dag.py:3444} INFO - Setting next_dagrun for my_second2 to None, run_after=None
[2023-03-28T19:14:08.138+0000] {processor.py:175} INFO - Processing /opt/airflow/dags/my_second_dag.py took 0.833 seconds
[2023-03-28T19:14:45.630+0000] {processor.py:153} INFO - Started process (PID=302) to work on /opt/airflow/dags/my_second_dag.py
[2023-03-28T19:14:45.632+0000] {processor.py:743} INFO - Processing file /opt/airflow/dags/my_second_dag.py for tasks to queue
[2023-03-28T19:14:45.638+0000] {logging_mixin.py:137} INFO - [2023-03-28T19:14:45.638+0000] {dagbag.py:532} INFO - Filling up the DagBag from /opt/airflow/dags/my_second_dag.py
[2023-03-28T19:14:46.162+0000] {processor.py:753} INFO - DAG(s) dict_keys(['my_second2']) retrieved from /opt/airflow/dags/my_second_dag.py
[2023-03-28T19:14:46.931+0000] {logging_mixin.py:137} INFO - [2023-03-28T19:14:46.928+0000] {dag.py:2693} INFO - Sync 1 DAGs
[2023-03-28T19:14:47.197+0000] {logging_mixin.py:137} INFO - [2023-03-28T19:14:47.197+0000] {dag.py:3444} INFO - Setting next_dagrun for my_second2 to None, run_after=None
[2023-03-28T19:14:48.396+0000] {processor.py:175} INFO - Processing /opt/airflow/dags/my_second_dag.py took 2.823 seconds
[2023-03-28T19:15:23.554+0000] {processor.py:153} INFO - Started process (PID=338) to work on /opt/airflow/dags/my_second_dag.py
[2023-03-28T19:15:23.610+0000] {processor.py:743} INFO - Processing file /opt/airflow/dags/my_second_dag.py for tasks to queue
[2023-03-28T19:15:23.620+0000] {logging_mixin.py:137} INFO - [2023-03-28T19:15:23.619+0000] {dagbag.py:532} INFO - Filling up the DagBag from /opt/airflow/dags/my_second_dag.py
[2023-03-28T19:15:24.576+0000] {processor.py:753} INFO - DAG(s) dict_keys(['my_second2']) retrieved from /opt/airflow/dags/my_second_dag.py
[2023-03-28T19:15:25.361+0000] {logging_mixin.py:137} INFO - [2023-03-28T19:15:25.360+0000] {dag.py:2693} INFO - Sync 1 DAGs
[2023-03-28T19:15:25.743+0000] {logging_mixin.py:137} INFO - [2023-03-28T19:15:25.742+0000] {dag.py:3444} INFO - Setting next_dagrun for my_second2 to None, run_after=None
[2023-03-28T19:15:27.197+0000] {processor.py:175} INFO - Processing /opt/airflow/dags/my_second_dag.py took 3.663 seconds
[2023-03-28T19:16:00.680+0000] {processor.py:153} INFO - Started process (PID=373) to work on /opt/airflow/dags/my_second_dag.py
[2023-03-28T19:16:00.684+0000] {processor.py:743} INFO - Processing file /opt/airflow/dags/my_second_dag.py for tasks to queue
[2023-03-28T19:16:00.698+0000] {logging_mixin.py:137} INFO - [2023-03-28T19:16:00.697+0000] {dagbag.py:532} INFO - Filling up the DagBag from /opt/airflow/dags/my_second_dag.py
[2023-03-28T19:16:01.114+0000] {processor.py:753} INFO - DAG(s) dict_keys(['my_second2']) retrieved from /opt/airflow/dags/my_second_dag.py
[2023-03-28T19:16:01.278+0000] {logging_mixin.py:137} INFO - [2023-03-28T19:16:01.277+0000] {dag.py:2693} INFO - Sync 1 DAGs
[2023-03-28T19:16:01.439+0000] {logging_mixin.py:137} INFO - [2023-03-28T19:16:01.438+0000] {dag.py:3444} INFO - Setting next_dagrun for my_second2 to None, run_after=None
[2023-03-28T19:16:01.550+0000] {processor.py:175} INFO - Processing /opt/airflow/dags/my_second_dag.py took 0.886 seconds
[2023-03-28T19:16:34.776+0000] {processor.py:153} INFO - Started process (PID=417) to work on /opt/airflow/dags/my_second_dag.py
[2023-03-28T19:16:34.790+0000] {processor.py:743} INFO - Processing file /opt/airflow/dags/my_second_dag.py for tasks to queue
[2023-03-28T19:16:34.805+0000] {logging_mixin.py:137} INFO - [2023-03-28T19:16:34.805+0000] {dagbag.py:532} INFO - Filling up the DagBag from /opt/airflow/dags/my_second_dag.py
[2023-03-28T19:16:35.105+0000] {processor.py:753} INFO - DAG(s) dict_keys(['my_second2']) retrieved from /opt/airflow/dags/my_second_dag.py
[2023-03-28T19:16:35.411+0000] {logging_mixin.py:137} INFO - [2023-03-28T19:16:35.411+0000] {dag.py:2693} INFO - Sync 1 DAGs
[2023-03-28T19:16:35.869+0000] {logging_mixin.py:137} INFO - [2023-03-28T19:16:35.869+0000] {dag.py:3444} INFO - Setting next_dagrun for my_second2 to None, run_after=None
[2023-03-28T19:16:36.202+0000] {processor.py:175} INFO - Processing /opt/airflow/dags/my_second_dag.py took 1.458 seconds
[2023-03-28T19:20:46.764+0000] {processor.py:153} INFO - Started process (PID=203) to work on /opt/airflow/dags/my_second_dag.py
[2023-03-28T19:20:46.904+0000] {processor.py:743} INFO - Processing file /opt/airflow/dags/my_second_dag.py for tasks to queue
[2023-03-28T19:20:47.720+0000] {logging_mixin.py:137} INFO - [2023-03-28T19:20:47.720+0000] {dagbag.py:532} INFO - Filling up the DagBag from /opt/airflow/dags/my_second_dag.py
[2023-03-28T19:20:50.839+0000] {processor.py:753} INFO - DAG(s) dict_keys(['my_second2']) retrieved from /opt/airflow/dags/my_second_dag.py
[2023-03-28T19:20:54.559+0000] {logging_mixin.py:137} INFO - [2023-03-28T19:20:54.559+0000] {dag.py:2693} INFO - Sync 1 DAGs
[2023-03-28T19:20:56.815+0000] {logging_mixin.py:137} INFO - [2023-03-28T19:20:56.776+0000] {dag.py:3444} INFO - Setting next_dagrun for my_second2 to None, run_after=None
[2023-03-28T19:20:58.355+0000] {processor.py:175} INFO - Processing /opt/airflow/dags/my_second_dag.py took 12.601 seconds
[2023-03-28T19:21:31.559+0000] {processor.py:153} INFO - Started process (PID=231) to work on /opt/airflow/dags/my_second_dag.py
[2023-03-28T19:21:31.572+0000] {processor.py:743} INFO - Processing file /opt/airflow/dags/my_second_dag.py for tasks to queue
[2023-03-28T19:21:31.589+0000] {logging_mixin.py:137} INFO - [2023-03-28T19:21:31.588+0000] {dagbag.py:532} INFO - Filling up the DagBag from /opt/airflow/dags/my_second_dag.py
[2023-03-28T19:21:32.023+0000] {processor.py:753} INFO - DAG(s) dict_keys(['my_second2']) retrieved from /opt/airflow/dags/my_second_dag.py
[2023-03-28T19:21:32.227+0000] {logging_mixin.py:137} INFO - [2023-03-28T19:21:32.227+0000] {dag.py:2693} INFO - Sync 1 DAGs
[2023-03-28T19:21:32.497+0000] {logging_mixin.py:137} INFO - [2023-03-28T19:21:32.497+0000] {dag.py:3444} INFO - Setting next_dagrun for my_second2 to None, run_after=None
[2023-03-28T19:21:32.641+0000] {processor.py:175} INFO - Processing /opt/airflow/dags/my_second_dag.py took 1.144 seconds
[2023-03-28T19:23:27.315+0000] {processor.py:153} INFO - Started process (PID=200) to work on /opt/airflow/dags/my_second_dag.py
[2023-03-28T19:23:27.321+0000] {processor.py:743} INFO - Processing file /opt/airflow/dags/my_second_dag.py for tasks to queue
[2023-03-28T19:23:27.349+0000] {logging_mixin.py:137} INFO - [2023-03-28T19:23:27.348+0000] {dagbag.py:532} INFO - Filling up the DagBag from /opt/airflow/dags/my_second_dag.py
[2023-03-28T19:23:28.039+0000] {processor.py:753} INFO - DAG(s) dict_keys(['my_second2']) retrieved from /opt/airflow/dags/my_second_dag.py
[2023-03-28T19:23:28.578+0000] {logging_mixin.py:137} INFO - [2023-03-28T19:23:28.577+0000] {dag.py:2693} INFO - Sync 1 DAGs
[2023-03-28T19:23:29.245+0000] {logging_mixin.py:137} INFO - [2023-03-28T19:23:29.244+0000] {dag.py:3444} INFO - Setting next_dagrun for my_second2 to None, run_after=None
[2023-03-28T19:23:29.651+0000] {processor.py:175} INFO - Processing /opt/airflow/dags/my_second_dag.py took 2.415 seconds
[2023-03-28T19:24:00.962+0000] {processor.py:153} INFO - Started process (PID=231) to work on /opt/airflow/dags/my_second_dag.py
[2023-03-28T19:24:00.973+0000] {processor.py:743} INFO - Processing file /opt/airflow/dags/my_second_dag.py for tasks to queue
[2023-03-28T19:24:00.999+0000] {logging_mixin.py:137} INFO - [2023-03-28T19:24:00.995+0000] {dagbag.py:532} INFO - Filling up the DagBag from /opt/airflow/dags/my_second_dag.py
[2023-03-28T19:24:01.698+0000] {processor.py:753} INFO - DAG(s) dict_keys(['my_second2']) retrieved from /opt/airflow/dags/my_second_dag.py
[2023-03-28T19:24:01.796+0000] {logging_mixin.py:137} INFO - [2023-03-28T19:24:01.796+0000] {dag.py:2693} INFO - Sync 1 DAGs
[2023-03-28T19:24:01.984+0000] {logging_mixin.py:137} INFO - [2023-03-28T19:24:01.984+0000] {dag.py:3444} INFO - Setting next_dagrun for my_second2 to None, run_after=None
[2023-03-28T19:24:02.160+0000] {processor.py:175} INFO - Processing /opt/airflow/dags/my_second_dag.py took 1.203 seconds
[2023-03-28T19:24:35.548+0000] {processor.py:153} INFO - Started process (PID=264) to work on /opt/airflow/dags/my_second_dag.py
[2023-03-28T19:24:35.573+0000] {processor.py:743} INFO - Processing file /opt/airflow/dags/my_second_dag.py for tasks to queue
[2023-03-28T19:24:35.602+0000] {logging_mixin.py:137} INFO - [2023-03-28T19:24:35.598+0000] {dagbag.py:532} INFO - Filling up the DagBag from /opt/airflow/dags/my_second_dag.py
[2023-03-28T19:24:36.227+0000] {processor.py:753} INFO - DAG(s) dict_keys(['my_second2']) retrieved from /opt/airflow/dags/my_second_dag.py
[2023-03-28T19:24:36.470+0000] {logging_mixin.py:137} INFO - [2023-03-28T19:24:36.470+0000] {dag.py:2693} INFO - Sync 1 DAGs
[2023-03-28T19:24:37.139+0000] {logging_mixin.py:137} INFO - [2023-03-28T19:24:37.132+0000] {dag.py:3444} INFO - Setting next_dagrun for my_second2 to None, run_after=None
[2023-03-28T19:24:37.695+0000] {processor.py:175} INFO - Processing /opt/airflow/dags/my_second_dag.py took 2.150 seconds
[2023-03-28T19:25:08.528+0000] {processor.py:153} INFO - Started process (PID=298) to work on /opt/airflow/dags/my_second_dag.py
[2023-03-28T19:25:08.545+0000] {processor.py:743} INFO - Processing file /opt/airflow/dags/my_second_dag.py for tasks to queue
[2023-03-28T19:25:08.570+0000] {logging_mixin.py:137} INFO - [2023-03-28T19:25:08.570+0000] {dagbag.py:532} INFO - Filling up the DagBag from /opt/airflow/dags/my_second_dag.py
[2023-03-28T19:25:09.085+0000] {processor.py:753} INFO - DAG(s) dict_keys(['my_second2']) retrieved from /opt/airflow/dags/my_second_dag.py
[2023-03-28T19:25:09.224+0000] {logging_mixin.py:137} INFO - [2023-03-28T19:25:09.223+0000] {dag.py:2693} INFO - Sync 1 DAGs
[2023-03-28T19:25:09.388+0000] {logging_mixin.py:137} INFO - [2023-03-28T19:25:09.387+0000] {dag.py:3444} INFO - Setting next_dagrun for my_second2 to None, run_after=None
[2023-03-28T19:25:09.523+0000] {processor.py:175} INFO - Processing /opt/airflow/dags/my_second_dag.py took 1.029 seconds
[2023-03-28T19:25:39.721+0000] {processor.py:153} INFO - Started process (PID=332) to work on /opt/airflow/dags/my_second_dag.py
[2023-03-28T19:25:39.728+0000] {processor.py:743} INFO - Processing file /opt/airflow/dags/my_second_dag.py for tasks to queue
[2023-03-28T19:25:39.735+0000] {logging_mixin.py:137} INFO - [2023-03-28T19:25:39.734+0000] {dagbag.py:532} INFO - Filling up the DagBag from /opt/airflow/dags/my_second_dag.py
[2023-03-28T19:25:39.891+0000] {processor.py:753} INFO - DAG(s) dict_keys(['my_second2']) retrieved from /opt/airflow/dags/my_second_dag.py
[2023-03-28T19:25:40.034+0000] {logging_mixin.py:137} INFO - [2023-03-28T19:25:40.033+0000] {dag.py:2693} INFO - Sync 1 DAGs
[2023-03-28T19:25:40.164+0000] {logging_mixin.py:137} INFO - [2023-03-28T19:25:40.163+0000] {dag.py:3444} INFO - Setting next_dagrun for my_second2 to None, run_after=None
[2023-03-28T19:25:40.279+0000] {processor.py:175} INFO - Processing /opt/airflow/dags/my_second_dag.py took 0.570 seconds
