[2023-03-28T19:01:56.279+0000] {taskinstance.py:1084} INFO - Dependencies all met for dep_context=non-requeueable deps ti=<TaskInstance: data-cubes.download-population-2021 manual__2023-03-28T21:00:48+02:00 [queued]>
[2023-03-28T19:01:56.564+0000] {taskinstance.py:1084} INFO - Dependencies all met for dep_context=requeueable deps ti=<TaskInstance: data-cubes.download-population-2021 manual__2023-03-28T21:00:48+02:00 [queued]>
[2023-03-28T19:01:56.595+0000] {taskinstance.py:1282} INFO - 
--------------------------------------------------------------------------------
[2023-03-28T19:01:56.603+0000] {taskinstance.py:1283} INFO - Starting attempt 1 of 2
[2023-03-28T19:01:56.621+0000] {taskinstance.py:1284} INFO - 
--------------------------------------------------------------------------------
[2023-03-28T19:01:57.065+0000] {taskinstance.py:1303} INFO - Executing <Task(PythonOperator): download-population-2021> on 2023-03-28 19:00:48+00:00
[2023-03-28T19:01:57.125+0000] {standard_task_runner.py:55} INFO - Started process 423 to run task
[2023-03-28T19:01:57.163+0000] {standard_task_runner.py:82} INFO - Running: ['***', 'tasks', 'run', 'data-cubes', 'download-population-2021', 'manual__2023-03-28T21:00:48+02:00', '--job-id', '94', '--raw', '--subdir', 'DAGS_FOLDER/dag_cube.py', '--cfg-path', '/tmp/tmpzx0hh9md']
[2023-03-28T19:01:57.236+0000] {standard_task_runner.py:83} INFO - Job 94: Subtask download-population-2021
[2023-03-28T19:01:58.393+0000] {task_command.py:388} INFO - Running <TaskInstance: data-cubes.download-population-2021 manual__2023-03-28T21:00:48+02:00 [running]> on host 0d46136eb14b
[2023-03-28T19:02:05.350+0000] {taskinstance.py:1511} INFO - Exporting the following env vars:
AIRFLOW_CTX_DAG_EMAIL=david.anh@email.cz
AIRFLOW_CTX_DAG_OWNER=***
AIRFLOW_CTX_DAG_ID=data-cubes
AIRFLOW_CTX_TASK_ID=download-population-2021
AIRFLOW_CTX_EXECUTION_DATE=2023-03-28T19:00:48+00:00
AIRFLOW_CTX_TRY_NUMBER=1
AIRFLOW_CTX_DAG_RUN_ID=manual__2023-03-28T21:00:48+02:00
[2023-03-28T19:02:08.096+0000] {python.py:177} INFO - Done. Returned value was: 130141-22data2021.csv
[2023-03-28T19:02:08.876+0000] {taskinstance.py:1326} INFO - Marking task as SUCCESS. dag_id=data-cubes, task_id=download-population-2021, execution_date=20230328T190048, start_date=20230328T190156, end_date=20230328T190208
[2023-03-28T19:02:09.658+0000] {local_task_job.py:212} INFO - Task exited with return code 0
[2023-03-28T19:02:10.051+0000] {taskinstance.py:2585} INFO - 0 downstream tasks scheduled from follow-on schedule check
