[2023-03-28T18:19:40.438+0000] {processor.py:153} INFO - Started process (PID=166) to work on /opt/airflow/dags/operators/careProviders.py
[2023-03-28T18:19:40.442+0000] {processor.py:743} INFO - Processing file /opt/airflow/dags/operators/careProviders.py for tasks to queue
[2023-03-28T18:19:40.452+0000] {logging_mixin.py:137} INFO - [2023-03-28T18:19:40.451+0000] {dagbag.py:532} INFO - Filling up the DagBag from /opt/airflow/dags/operators/careProviders.py
[2023-03-28T18:19:42.550+0000] {processor.py:755} WARNING - No viable dags retrieved from /opt/airflow/dags/operators/careProviders.py
[2023-03-28T18:19:42.613+0000] {processor.py:175} INFO - Processing /opt/airflow/dags/operators/careProviders.py took 2.202 seconds
[2023-03-28T18:20:12.960+0000] {processor.py:153} INFO - Started process (PID=203) to work on /opt/airflow/dags/operators/careProviders.py
[2023-03-28T18:20:12.967+0000] {processor.py:743} INFO - Processing file /opt/airflow/dags/operators/careProviders.py for tasks to queue
[2023-03-28T18:20:12.976+0000] {logging_mixin.py:137} INFO - [2023-03-28T18:20:12.976+0000] {dagbag.py:532} INFO - Filling up the DagBag from /opt/airflow/dags/operators/careProviders.py
[2023-03-28T18:20:15.009+0000] {processor.py:755} WARNING - No viable dags retrieved from /opt/airflow/dags/operators/careProviders.py
[2023-03-28T18:20:15.261+0000] {processor.py:175} INFO - Processing /opt/airflow/dags/operators/careProviders.py took 2.343 seconds
[2023-03-28T18:20:45.474+0000] {processor.py:153} INFO - Started process (PID=241) to work on /opt/airflow/dags/operators/careProviders.py
[2023-03-28T18:20:45.477+0000] {processor.py:743} INFO - Processing file /opt/airflow/dags/operators/careProviders.py for tasks to queue
[2023-03-28T18:20:45.480+0000] {logging_mixin.py:137} INFO - [2023-03-28T18:20:45.480+0000] {dagbag.py:532} INFO - Filling up the DagBag from /opt/airflow/dags/operators/careProviders.py
[2023-03-28T18:20:45.926+0000] {processor.py:755} WARNING - No viable dags retrieved from /opt/airflow/dags/operators/careProviders.py
[2023-03-28T18:20:45.953+0000] {processor.py:175} INFO - Processing /opt/airflow/dags/operators/careProviders.py took 0.490 seconds
[2023-03-28T18:21:17.468+0000] {processor.py:153} INFO - Started process (PID=276) to work on /opt/airflow/dags/operators/careProviders.py
[2023-03-28T18:21:17.574+0000] {processor.py:743} INFO - Processing file /opt/airflow/dags/operators/careProviders.py for tasks to queue
[2023-03-28T18:21:17.653+0000] {logging_mixin.py:137} INFO - [2023-03-28T18:21:17.653+0000] {dagbag.py:532} INFO - Filling up the DagBag from /opt/airflow/dags/operators/careProviders.py
[2023-03-28T18:21:22.937+0000] {processor.py:755} WARNING - No viable dags retrieved from /opt/airflow/dags/operators/careProviders.py
[2023-03-28T18:21:23.126+0000] {processor.py:175} INFO - Processing /opt/airflow/dags/operators/careProviders.py took 6.062 seconds
[2023-03-28T18:21:53.796+0000] {processor.py:153} INFO - Started process (PID=316) to work on /opt/airflow/dags/operators/careProviders.py
[2023-03-28T18:21:53.800+0000] {processor.py:743} INFO - Processing file /opt/airflow/dags/operators/careProviders.py for tasks to queue
[2023-03-28T18:21:53.812+0000] {logging_mixin.py:137} INFO - [2023-03-28T18:21:53.812+0000] {dagbag.py:532} INFO - Filling up the DagBag from /opt/airflow/dags/operators/careProviders.py
[2023-03-28T18:21:58.170+0000] {processor.py:755} WARNING - No viable dags retrieved from /opt/airflow/dags/operators/careProviders.py
[2023-03-28T18:21:58.494+0000] {processor.py:175} INFO - Processing /opt/airflow/dags/operators/careProviders.py took 4.740 seconds
[2023-03-28T18:22:29.418+0000] {processor.py:153} INFO - Started process (PID=351) to work on /opt/airflow/dags/operators/careProviders.py
[2023-03-28T18:22:29.429+0000] {processor.py:743} INFO - Processing file /opt/airflow/dags/operators/careProviders.py for tasks to queue
[2023-03-28T18:22:29.444+0000] {logging_mixin.py:137} INFO - [2023-03-28T18:22:29.444+0000] {dagbag.py:532} INFO - Filling up the DagBag from /opt/airflow/dags/operators/careProviders.py
[2023-03-28T18:22:31.370+0000] {processor.py:755} WARNING - No viable dags retrieved from /opt/airflow/dags/operators/careProviders.py
[2023-03-28T18:22:31.430+0000] {processor.py:175} INFO - Processing /opt/airflow/dags/operators/careProviders.py took 2.152 seconds
[2023-03-28T18:23:01.896+0000] {processor.py:153} INFO - Started process (PID=386) to work on /opt/airflow/dags/operators/careProviders.py
[2023-03-28T18:23:01.906+0000] {processor.py:743} INFO - Processing file /opt/airflow/dags/operators/careProviders.py for tasks to queue
[2023-03-28T18:23:01.947+0000] {logging_mixin.py:137} INFO - [2023-03-28T18:23:01.946+0000] {dagbag.py:532} INFO - Filling up the DagBag from /opt/airflow/dags/operators/careProviders.py
[2023-03-28T18:23:04.256+0000] {processor.py:755} WARNING - No viable dags retrieved from /opt/airflow/dags/operators/careProviders.py
[2023-03-28T18:23:04.446+0000] {processor.py:175} INFO - Processing /opt/airflow/dags/operators/careProviders.py took 2.578 seconds
[2023-03-28T18:23:34.865+0000] {processor.py:153} INFO - Started process (PID=420) to work on /opt/airflow/dags/operators/careProviders.py
[2023-03-28T18:23:34.871+0000] {processor.py:743} INFO - Processing file /opt/airflow/dags/operators/careProviders.py for tasks to queue
[2023-03-28T18:23:34.880+0000] {logging_mixin.py:137} INFO - [2023-03-28T18:23:34.879+0000] {dagbag.py:532} INFO - Filling up the DagBag from /opt/airflow/dags/operators/careProviders.py
[2023-03-28T18:23:36.463+0000] {processor.py:755} WARNING - No viable dags retrieved from /opt/airflow/dags/operators/careProviders.py
[2023-03-28T18:23:36.512+0000] {processor.py:175} INFO - Processing /opt/airflow/dags/operators/careProviders.py took 1.675 seconds
[2023-03-28T18:24:06.843+0000] {processor.py:153} INFO - Started process (PID=455) to work on /opt/airflow/dags/operators/careProviders.py
[2023-03-28T18:24:06.849+0000] {processor.py:743} INFO - Processing file /opt/airflow/dags/operators/careProviders.py for tasks to queue
[2023-03-28T18:24:06.857+0000] {logging_mixin.py:137} INFO - [2023-03-28T18:24:06.857+0000] {dagbag.py:532} INFO - Filling up the DagBag from /opt/airflow/dags/operators/careProviders.py
[2023-03-28T18:24:08.718+0000] {processor.py:755} WARNING - No viable dags retrieved from /opt/airflow/dags/operators/careProviders.py
[2023-03-28T18:24:08.778+0000] {processor.py:175} INFO - Processing /opt/airflow/dags/operators/careProviders.py took 1.945 seconds
[2023-03-28T18:24:39.512+0000] {processor.py:153} INFO - Started process (PID=490) to work on /opt/airflow/dags/operators/careProviders.py
[2023-03-28T18:24:39.522+0000] {processor.py:743} INFO - Processing file /opt/airflow/dags/operators/careProviders.py for tasks to queue
[2023-03-28T18:24:39.529+0000] {logging_mixin.py:137} INFO - [2023-03-28T18:24:39.528+0000] {dagbag.py:532} INFO - Filling up the DagBag from /opt/airflow/dags/operators/careProviders.py
[2023-03-28T18:27:12.065+0000] {processor.py:153} INFO - Started process (PID=173) to work on /opt/airflow/dags/operators/careProviders.py
[2023-03-28T18:27:12.069+0000] {processor.py:743} INFO - Processing file /opt/airflow/dags/operators/careProviders.py for tasks to queue
[2023-03-28T18:27:12.091+0000] {logging_mixin.py:137} INFO - [2023-03-28T18:27:12.090+0000] {dagbag.py:532} INFO - Filling up the DagBag from /opt/airflow/dags/operators/careProviders.py
[2023-03-28T18:27:16.627+0000] {processor.py:755} WARNING - No viable dags retrieved from /opt/airflow/dags/operators/careProviders.py
[2023-03-28T18:27:16.679+0000] {processor.py:175} INFO - Processing /opt/airflow/dags/operators/careProviders.py took 4.710 seconds
[2023-03-28T18:27:47.489+0000] {processor.py:153} INFO - Started process (PID=213) to work on /opt/airflow/dags/operators/careProviders.py
[2023-03-28T18:27:47.507+0000] {processor.py:743} INFO - Processing file /opt/airflow/dags/operators/careProviders.py for tasks to queue
[2023-03-28T18:27:47.536+0000] {logging_mixin.py:137} INFO - [2023-03-28T18:27:47.514+0000] {dagbag.py:532} INFO - Filling up the DagBag from /opt/airflow/dags/operators/careProviders.py
[2023-03-28T18:27:53.140+0000] {processor.py:755} WARNING - No viable dags retrieved from /opt/airflow/dags/operators/careProviders.py
[2023-03-28T18:27:53.204+0000] {processor.py:175} INFO - Processing /opt/airflow/dags/operators/careProviders.py took 5.787 seconds
[2023-03-28T18:28:24.952+0000] {processor.py:153} INFO - Started process (PID=249) to work on /opt/airflow/dags/operators/careProviders.py
[2023-03-28T18:28:24.975+0000] {processor.py:743} INFO - Processing file /opt/airflow/dags/operators/careProviders.py for tasks to queue
[2023-03-28T18:28:25.025+0000] {logging_mixin.py:137} INFO - [2023-03-28T18:28:25.025+0000] {dagbag.py:532} INFO - Filling up the DagBag from /opt/airflow/dags/operators/careProviders.py
[2023-03-28T18:28:33.438+0000] {processor.py:755} WARNING - No viable dags retrieved from /opt/airflow/dags/operators/careProviders.py
[2023-03-28T18:28:33.471+0000] {processor.py:175} INFO - Processing /opt/airflow/dags/operators/careProviders.py took 8.945 seconds
[2023-03-28T18:29:03.978+0000] {processor.py:153} INFO - Started process (PID=285) to work on /opt/airflow/dags/operators/careProviders.py
[2023-03-28T18:29:03.986+0000] {processor.py:743} INFO - Processing file /opt/airflow/dags/operators/careProviders.py for tasks to queue
[2023-03-28T18:29:04.027+0000] {logging_mixin.py:137} INFO - [2023-03-28T18:29:04.026+0000] {dagbag.py:532} INFO - Filling up the DagBag from /opt/airflow/dags/operators/careProviders.py
[2023-03-28T18:29:06.694+0000] {processor.py:755} WARNING - No viable dags retrieved from /opt/airflow/dags/operators/careProviders.py
[2023-03-28T18:29:06.785+0000] {processor.py:175} INFO - Processing /opt/airflow/dags/operators/careProviders.py took 2.870 seconds
[2023-03-28T18:29:37.617+0000] {processor.py:153} INFO - Started process (PID=320) to work on /opt/airflow/dags/operators/careProviders.py
[2023-03-28T18:29:37.626+0000] {processor.py:743} INFO - Processing file /opt/airflow/dags/operators/careProviders.py for tasks to queue
[2023-03-28T18:29:37.630+0000] {logging_mixin.py:137} INFO - [2023-03-28T18:29:37.630+0000] {dagbag.py:532} INFO - Filling up the DagBag from /opt/airflow/dags/operators/careProviders.py
[2023-03-28T18:29:39.294+0000] {processor.py:755} WARNING - No viable dags retrieved from /opt/airflow/dags/operators/careProviders.py
[2023-03-28T18:29:39.326+0000] {processor.py:175} INFO - Processing /opt/airflow/dags/operators/careProviders.py took 1.727 seconds
[2023-03-28T18:30:09.462+0000] {processor.py:153} INFO - Started process (PID=352) to work on /opt/airflow/dags/operators/careProviders.py
[2023-03-28T18:30:09.469+0000] {processor.py:743} INFO - Processing file /opt/airflow/dags/operators/careProviders.py for tasks to queue
[2023-03-28T18:30:09.476+0000] {logging_mixin.py:137} INFO - [2023-03-28T18:30:09.476+0000] {dagbag.py:532} INFO - Filling up the DagBag from /opt/airflow/dags/operators/careProviders.py
[2023-03-28T18:30:11.091+0000] {processor.py:755} WARNING - No viable dags retrieved from /opt/airflow/dags/operators/careProviders.py
[2023-03-28T18:30:11.127+0000] {processor.py:175} INFO - Processing /opt/airflow/dags/operators/careProviders.py took 1.685 seconds
[2023-03-28T18:30:41.327+0000] {processor.py:153} INFO - Started process (PID=387) to work on /opt/airflow/dags/operators/careProviders.py
[2023-03-28T18:30:41.389+0000] {processor.py:743} INFO - Processing file /opt/airflow/dags/operators/careProviders.py for tasks to queue
[2023-03-28T18:30:41.406+0000] {logging_mixin.py:137} INFO - [2023-03-28T18:30:41.406+0000] {dagbag.py:532} INFO - Filling up the DagBag from /opt/airflow/dags/operators/careProviders.py
[2023-03-28T18:30:44.613+0000] {processor.py:755} WARNING - No viable dags retrieved from /opt/airflow/dags/operators/careProviders.py
[2023-03-28T18:30:44.723+0000] {processor.py:175} INFO - Processing /opt/airflow/dags/operators/careProviders.py took 3.446 seconds
[2023-03-28T18:31:15.413+0000] {processor.py:153} INFO - Started process (PID=427) to work on /opt/airflow/dags/operators/careProviders.py
[2023-03-28T18:31:15.431+0000] {processor.py:743} INFO - Processing file /opt/airflow/dags/operators/careProviders.py for tasks to queue
[2023-03-28T18:31:15.462+0000] {logging_mixin.py:137} INFO - [2023-03-28T18:31:15.448+0000] {dagbag.py:532} INFO - Filling up the DagBag from /opt/airflow/dags/operators/careProviders.py
[2023-03-28T18:31:16.336+0000] {processor.py:755} WARNING - No viable dags retrieved from /opt/airflow/dags/operators/careProviders.py
[2023-03-28T18:31:16.356+0000] {processor.py:175} INFO - Processing /opt/airflow/dags/operators/careProviders.py took 1.042 seconds
[2023-03-28T18:31:46.884+0000] {processor.py:153} INFO - Started process (PID=462) to work on /opt/airflow/dags/operators/careProviders.py
[2023-03-28T18:31:46.941+0000] {processor.py:743} INFO - Processing file /opt/airflow/dags/operators/careProviders.py for tasks to queue
[2023-03-28T18:31:46.945+0000] {logging_mixin.py:137} INFO - [2023-03-28T18:31:46.944+0000] {dagbag.py:532} INFO - Filling up the DagBag from /opt/airflow/dags/operators/careProviders.py
[2023-03-28T18:31:51.188+0000] {processor.py:755} WARNING - No viable dags retrieved from /opt/airflow/dags/operators/careProviders.py
[2023-03-28T18:31:51.243+0000] {processor.py:175} INFO - Processing /opt/airflow/dags/operators/careProviders.py took 4.407 seconds
[2023-03-28T18:32:21.717+0000] {processor.py:153} INFO - Started process (PID=515) to work on /opt/airflow/dags/operators/careProviders.py
[2023-03-28T18:32:21.723+0000] {processor.py:743} INFO - Processing file /opt/airflow/dags/operators/careProviders.py for tasks to queue
[2023-03-28T18:32:21.731+0000] {logging_mixin.py:137} INFO - [2023-03-28T18:32:21.730+0000] {dagbag.py:532} INFO - Filling up the DagBag from /opt/airflow/dags/operators/careProviders.py
[2023-03-28T18:32:23.500+0000] {processor.py:755} WARNING - No viable dags retrieved from /opt/airflow/dags/operators/careProviders.py
[2023-03-28T18:32:23.524+0000] {processor.py:175} INFO - Processing /opt/airflow/dags/operators/careProviders.py took 1.819 seconds
[2023-03-28T18:32:53.689+0000] {processor.py:153} INFO - Started process (PID=550) to work on /opt/airflow/dags/operators/careProviders.py
[2023-03-28T18:32:53.692+0000] {processor.py:743} INFO - Processing file /opt/airflow/dags/operators/careProviders.py for tasks to queue
[2023-03-28T18:32:53.696+0000] {logging_mixin.py:137} INFO - [2023-03-28T18:32:53.696+0000] {dagbag.py:532} INFO - Filling up the DagBag from /opt/airflow/dags/operators/careProviders.py
[2023-03-28T18:34:48.875+0000] {processor.py:153} INFO - Started process (PID=165) to work on /opt/airflow/dags/operators/careProviders.py
[2023-03-28T18:34:48.895+0000] {processor.py:743} INFO - Processing file /opt/airflow/dags/operators/careProviders.py for tasks to queue
[2023-03-28T18:34:48.947+0000] {logging_mixin.py:137} INFO - [2023-03-28T18:34:48.947+0000] {dagbag.py:532} INFO - Filling up the DagBag from /opt/airflow/dags/operators/careProviders.py
[2023-03-28T18:34:50.791+0000] {processor.py:755} WARNING - No viable dags retrieved from /opt/airflow/dags/operators/careProviders.py
[2023-03-28T18:34:50.948+0000] {processor.py:175} INFO - Processing /opt/airflow/dags/operators/careProviders.py took 2.088 seconds
[2023-03-28T18:35:21.806+0000] {processor.py:153} INFO - Started process (PID=202) to work on /opt/airflow/dags/operators/careProviders.py
[2023-03-28T18:35:21.808+0000] {processor.py:743} INFO - Processing file /opt/airflow/dags/operators/careProviders.py for tasks to queue
[2023-03-28T18:35:21.815+0000] {logging_mixin.py:137} INFO - [2023-03-28T18:35:21.815+0000] {dagbag.py:532} INFO - Filling up the DagBag from /opt/airflow/dags/operators/careProviders.py
[2023-03-28T18:35:22.443+0000] {processor.py:755} WARNING - No viable dags retrieved from /opt/airflow/dags/operators/careProviders.py
[2023-03-28T18:35:22.470+0000] {processor.py:175} INFO - Processing /opt/airflow/dags/operators/careProviders.py took 0.679 seconds
[2023-03-28T18:35:52.886+0000] {processor.py:153} INFO - Started process (PID=237) to work on /opt/airflow/dags/operators/careProviders.py
[2023-03-28T18:35:52.903+0000] {processor.py:743} INFO - Processing file /opt/airflow/dags/operators/careProviders.py for tasks to queue
[2023-03-28T18:35:52.909+0000] {logging_mixin.py:137} INFO - [2023-03-28T18:35:52.908+0000] {dagbag.py:532} INFO - Filling up the DagBag from /opt/airflow/dags/operators/careProviders.py
[2023-03-28T18:35:53.853+0000] {processor.py:755} WARNING - No viable dags retrieved from /opt/airflow/dags/operators/careProviders.py
[2023-03-28T18:35:53.898+0000] {processor.py:175} INFO - Processing /opt/airflow/dags/operators/careProviders.py took 1.024 seconds
[2023-03-28T18:36:24.647+0000] {processor.py:153} INFO - Started process (PID=272) to work on /opt/airflow/dags/operators/careProviders.py
[2023-03-28T18:36:24.657+0000] {processor.py:743} INFO - Processing file /opt/airflow/dags/operators/careProviders.py for tasks to queue
[2023-03-28T18:36:24.664+0000] {logging_mixin.py:137} INFO - [2023-03-28T18:36:24.664+0000] {dagbag.py:532} INFO - Filling up the DagBag from /opt/airflow/dags/operators/careProviders.py
[2023-03-28T18:36:25.595+0000] {processor.py:755} WARNING - No viable dags retrieved from /opt/airflow/dags/operators/careProviders.py
[2023-03-28T18:36:25.653+0000] {processor.py:175} INFO - Processing /opt/airflow/dags/operators/careProviders.py took 1.026 seconds
[2023-03-28T18:36:56.195+0000] {processor.py:153} INFO - Started process (PID=307) to work on /opt/airflow/dags/operators/careProviders.py
[2023-03-28T18:36:56.198+0000] {processor.py:743} INFO - Processing file /opt/airflow/dags/operators/careProviders.py for tasks to queue
[2023-03-28T18:36:56.206+0000] {logging_mixin.py:137} INFO - [2023-03-28T18:36:56.205+0000] {dagbag.py:532} INFO - Filling up the DagBag from /opt/airflow/dags/operators/careProviders.py
[2023-03-28T18:36:57.145+0000] {processor.py:755} WARNING - No viable dags retrieved from /opt/airflow/dags/operators/careProviders.py
[2023-03-28T18:36:57.205+0000] {processor.py:175} INFO - Processing /opt/airflow/dags/operators/careProviders.py took 1.017 seconds
[2023-03-28T18:37:28.244+0000] {processor.py:153} INFO - Started process (PID=341) to work on /opt/airflow/dags/operators/careProviders.py
[2023-03-28T18:37:28.248+0000] {processor.py:743} INFO - Processing file /opt/airflow/dags/operators/careProviders.py for tasks to queue
[2023-03-28T18:37:28.256+0000] {logging_mixin.py:137} INFO - [2023-03-28T18:37:28.256+0000] {dagbag.py:532} INFO - Filling up the DagBag from /opt/airflow/dags/operators/careProviders.py
[2023-03-28T18:37:29.671+0000] {processor.py:755} WARNING - No viable dags retrieved from /opt/airflow/dags/operators/careProviders.py
[2023-03-28T18:37:29.785+0000] {processor.py:175} INFO - Processing /opt/airflow/dags/operators/careProviders.py took 1.599 seconds
[2023-03-28T18:38:01.020+0000] {processor.py:153} INFO - Started process (PID=381) to work on /opt/airflow/dags/operators/careProviders.py
[2023-03-28T18:38:01.054+0000] {processor.py:743} INFO - Processing file /opt/airflow/dags/operators/careProviders.py for tasks to queue
[2023-03-28T18:38:01.059+0000] {logging_mixin.py:137} INFO - [2023-03-28T18:38:01.059+0000] {dagbag.py:532} INFO - Filling up the DagBag from /opt/airflow/dags/operators/careProviders.py
[2023-03-28T18:38:02.347+0000] {processor.py:755} WARNING - No viable dags retrieved from /opt/airflow/dags/operators/careProviders.py
[2023-03-28T18:38:02.373+0000] {processor.py:175} INFO - Processing /opt/airflow/dags/operators/careProviders.py took 1.387 seconds
[2023-03-28T18:38:32.734+0000] {processor.py:153} INFO - Started process (PID=416) to work on /opt/airflow/dags/operators/careProviders.py
[2023-03-28T18:38:32.744+0000] {processor.py:743} INFO - Processing file /opt/airflow/dags/operators/careProviders.py for tasks to queue
[2023-03-28T18:38:32.751+0000] {logging_mixin.py:137} INFO - [2023-03-28T18:38:32.751+0000] {dagbag.py:532} INFO - Filling up the DagBag from /opt/airflow/dags/operators/careProviders.py
[2023-03-28T18:38:34.178+0000] {processor.py:755} WARNING - No viable dags retrieved from /opt/airflow/dags/operators/careProviders.py
[2023-03-28T18:38:34.358+0000] {processor.py:175} INFO - Processing /opt/airflow/dags/operators/careProviders.py took 1.646 seconds
[2023-03-28T18:39:04.789+0000] {processor.py:153} INFO - Started process (PID=448) to work on /opt/airflow/dags/operators/careProviders.py
[2023-03-28T18:39:04.791+0000] {processor.py:743} INFO - Processing file /opt/airflow/dags/operators/careProviders.py for tasks to queue
[2023-03-28T18:39:04.797+0000] {logging_mixin.py:137} INFO - [2023-03-28T18:39:04.797+0000] {dagbag.py:532} INFO - Filling up the DagBag from /opt/airflow/dags/operators/careProviders.py
[2023-03-28T18:39:05.278+0000] {processor.py:755} WARNING - No viable dags retrieved from /opt/airflow/dags/operators/careProviders.py
[2023-03-28T18:39:05.301+0000] {processor.py:175} INFO - Processing /opt/airflow/dags/operators/careProviders.py took 0.520 seconds
[2023-03-28T18:39:35.468+0000] {processor.py:153} INFO - Started process (PID=483) to work on /opt/airflow/dags/operators/careProviders.py
[2023-03-28T18:39:35.476+0000] {processor.py:743} INFO - Processing file /opt/airflow/dags/operators/careProviders.py for tasks to queue
[2023-03-28T18:39:35.487+0000] {logging_mixin.py:137} INFO - [2023-03-28T18:39:35.486+0000] {dagbag.py:532} INFO - Filling up the DagBag from /opt/airflow/dags/operators/careProviders.py
[2023-03-28T18:39:35.969+0000] {processor.py:755} WARNING - No viable dags retrieved from /opt/airflow/dags/operators/careProviders.py
[2023-03-28T18:39:35.992+0000] {processor.py:175} INFO - Processing /opt/airflow/dags/operators/careProviders.py took 0.553 seconds
[2023-03-28T18:40:06.367+0000] {processor.py:153} INFO - Started process (PID=518) to work on /opt/airflow/dags/operators/careProviders.py
[2023-03-28T18:40:06.374+0000] {processor.py:743} INFO - Processing file /opt/airflow/dags/operators/careProviders.py for tasks to queue
[2023-03-28T18:40:06.378+0000] {logging_mixin.py:137} INFO - [2023-03-28T18:40:06.377+0000] {dagbag.py:532} INFO - Filling up the DagBag from /opt/airflow/dags/operators/careProviders.py
[2023-03-28T18:40:07.129+0000] {processor.py:755} WARNING - No viable dags retrieved from /opt/airflow/dags/operators/careProviders.py
[2023-03-28T18:40:07.208+0000] {processor.py:175} INFO - Processing /opt/airflow/dags/operators/careProviders.py took 0.852 seconds
[2023-03-28T18:40:37.399+0000] {processor.py:153} INFO - Started process (PID=553) to work on /opt/airflow/dags/operators/careProviders.py
[2023-03-28T18:40:37.400+0000] {processor.py:743} INFO - Processing file /opt/airflow/dags/operators/careProviders.py for tasks to queue
[2023-03-28T18:40:37.403+0000] {logging_mixin.py:137} INFO - [2023-03-28T18:40:37.402+0000] {dagbag.py:532} INFO - Filling up the DagBag from /opt/airflow/dags/operators/careProviders.py
[2023-03-28T18:40:38.284+0000] {processor.py:755} WARNING - No viable dags retrieved from /opt/airflow/dags/operators/careProviders.py
[2023-03-28T18:40:38.317+0000] {processor.py:175} INFO - Processing /opt/airflow/dags/operators/careProviders.py took 0.935 seconds
[2023-03-28T18:45:56.058+0000] {processor.py:153} INFO - Started process (PID=175) to work on /opt/airflow/dags/operators/careProviders.py
[2023-03-28T18:45:56.061+0000] {processor.py:743} INFO - Processing file /opt/airflow/dags/operators/careProviders.py for tasks to queue
[2023-03-28T18:45:56.086+0000] {logging_mixin.py:137} INFO - [2023-03-28T18:45:56.085+0000] {dagbag.py:532} INFO - Filling up the DagBag from /opt/airflow/dags/operators/careProviders.py
[2023-03-28T18:45:57.826+0000] {processor.py:755} WARNING - No viable dags retrieved from /opt/airflow/dags/operators/careProviders.py
[2023-03-28T18:45:57.879+0000] {processor.py:175} INFO - Processing /opt/airflow/dags/operators/careProviders.py took 1.832 seconds
[2023-03-28T18:46:30.565+0000] {processor.py:153} INFO - Started process (PID=216) to work on /opt/airflow/dags/operators/careProviders.py
[2023-03-28T18:46:30.568+0000] {processor.py:743} INFO - Processing file /opt/airflow/dags/operators/careProviders.py for tasks to queue
[2023-03-28T18:46:30.578+0000] {logging_mixin.py:137} INFO - [2023-03-28T18:46:30.577+0000] {dagbag.py:532} INFO - Filling up the DagBag from /opt/airflow/dags/operators/careProviders.py
[2023-03-28T18:46:32.046+0000] {processor.py:755} WARNING - No viable dags retrieved from /opt/airflow/dags/operators/careProviders.py
[2023-03-28T18:46:32.071+0000] {processor.py:175} INFO - Processing /opt/airflow/dags/operators/careProviders.py took 1.588 seconds
[2023-03-28T18:47:03.115+0000] {processor.py:153} INFO - Started process (PID=248) to work on /opt/airflow/dags/operators/careProviders.py
[2023-03-28T18:47:03.128+0000] {processor.py:743} INFO - Processing file /opt/airflow/dags/operators/careProviders.py for tasks to queue
[2023-03-28T18:47:03.140+0000] {logging_mixin.py:137} INFO - [2023-03-28T18:47:03.140+0000] {dagbag.py:532} INFO - Filling up the DagBag from /opt/airflow/dags/operators/careProviders.py
[2023-03-28T18:47:04.740+0000] {processor.py:755} WARNING - No viable dags retrieved from /opt/airflow/dags/operators/careProviders.py
[2023-03-28T18:47:05.037+0000] {processor.py:175} INFO - Processing /opt/airflow/dags/operators/careProviders.py took 1.959 seconds
[2023-03-28T18:51:18.444+0000] {processor.py:153} INFO - Started process (PID=184) to work on /opt/airflow/dags/operators/careProviders.py
[2023-03-28T18:51:18.454+0000] {processor.py:743} INFO - Processing file /opt/airflow/dags/operators/careProviders.py for tasks to queue
[2023-03-28T18:51:18.459+0000] {logging_mixin.py:137} INFO - [2023-03-28T18:51:18.458+0000] {dagbag.py:532} INFO - Filling up the DagBag from /opt/airflow/dags/operators/careProviders.py
[2023-03-28T18:51:22.122+0000] {processor.py:755} WARNING - No viable dags retrieved from /opt/airflow/dags/operators/careProviders.py
[2023-03-28T18:51:22.252+0000] {processor.py:175} INFO - Processing /opt/airflow/dags/operators/careProviders.py took 3.830 seconds
[2023-03-28T18:52:00.296+0000] {processor.py:153} INFO - Started process (PID=228) to work on /opt/airflow/dags/operators/careProviders.py
[2023-03-28T18:52:00.302+0000] {processor.py:743} INFO - Processing file /opt/airflow/dags/operators/careProviders.py for tasks to queue
[2023-03-28T18:52:00.312+0000] {logging_mixin.py:137} INFO - [2023-03-28T18:52:00.311+0000] {dagbag.py:532} INFO - Filling up the DagBag from /opt/airflow/dags/operators/careProviders.py
[2023-03-28T18:52:03.225+0000] {processor.py:755} WARNING - No viable dags retrieved from /opt/airflow/dags/operators/careProviders.py
[2023-03-28T18:52:03.250+0000] {processor.py:175} INFO - Processing /opt/airflow/dags/operators/careProviders.py took 2.979 seconds
[2023-03-28T18:52:37.444+0000] {processor.py:153} INFO - Started process (PID=263) to work on /opt/airflow/dags/operators/careProviders.py
[2023-03-28T18:52:37.451+0000] {processor.py:743} INFO - Processing file /opt/airflow/dags/operators/careProviders.py for tasks to queue
[2023-03-28T18:52:37.502+0000] {logging_mixin.py:137} INFO - [2023-03-28T18:52:37.501+0000] {dagbag.py:532} INFO - Filling up the DagBag from /opt/airflow/dags/operators/careProviders.py
[2023-03-28T18:52:39.523+0000] {processor.py:755} WARNING - No viable dags retrieved from /opt/airflow/dags/operators/careProviders.py
[2023-03-28T18:52:39.777+0000] {processor.py:175} INFO - Processing /opt/airflow/dags/operators/careProviders.py took 2.342 seconds
[2023-03-28T18:58:25.066+0000] {processor.py:153} INFO - Started process (PID=183) to work on /opt/airflow/dags/operators/careProviders.py
[2023-03-28T18:58:25.071+0000] {processor.py:743} INFO - Processing file /opt/airflow/dags/operators/careProviders.py for tasks to queue
[2023-03-28T18:58:25.076+0000] {logging_mixin.py:137} INFO - [2023-03-28T18:58:25.074+0000] {dagbag.py:532} INFO - Filling up the DagBag from /opt/airflow/dags/operators/careProviders.py
[2023-03-28T18:58:29.890+0000] {processor.py:755} WARNING - No viable dags retrieved from /opt/airflow/dags/operators/careProviders.py
[2023-03-28T18:58:32.418+0000] {processor.py:175} INFO - Processing /opt/airflow/dags/operators/careProviders.py took 7.389 seconds
[2023-03-28T18:59:06.833+0000] {processor.py:153} INFO - Started process (PID=218) to work on /opt/airflow/dags/operators/careProviders.py
[2023-03-28T18:59:06.859+0000] {processor.py:743} INFO - Processing file /opt/airflow/dags/operators/careProviders.py for tasks to queue
[2023-03-28T18:59:06.864+0000] {logging_mixin.py:137} INFO - [2023-03-28T18:59:06.863+0000] {dagbag.py:532} INFO - Filling up the DagBag from /opt/airflow/dags/operators/careProviders.py
[2023-03-28T18:59:10.213+0000] {processor.py:755} WARNING - No viable dags retrieved from /opt/airflow/dags/operators/careProviders.py
[2023-03-28T18:59:10.351+0000] {processor.py:175} INFO - Processing /opt/airflow/dags/operators/careProviders.py took 3.568 seconds
[2023-03-28T18:59:40.984+0000] {processor.py:153} INFO - Started process (PID=282) to work on /opt/airflow/dags/operators/careProviders.py
[2023-03-28T18:59:40.989+0000] {processor.py:743} INFO - Processing file /opt/airflow/dags/operators/careProviders.py for tasks to queue
[2023-03-28T18:59:40.995+0000] {logging_mixin.py:137} INFO - [2023-03-28T18:59:40.995+0000] {dagbag.py:532} INFO - Filling up the DagBag from /opt/airflow/dags/operators/careProviders.py
[2023-03-28T18:59:41.957+0000] {processor.py:755} WARNING - No viable dags retrieved from /opt/airflow/dags/operators/careProviders.py
[2023-03-28T18:59:42.018+0000] {processor.py:175} INFO - Processing /opt/airflow/dags/operators/careProviders.py took 1.055 seconds
[2023-03-28T19:00:19.348+0000] {processor.py:153} INFO - Started process (PID=317) to work on /opt/airflow/dags/operators/careProviders.py
[2023-03-28T19:00:19.361+0000] {processor.py:743} INFO - Processing file /opt/airflow/dags/operators/careProviders.py for tasks to queue
[2023-03-28T19:00:19.364+0000] {logging_mixin.py:137} INFO - [2023-03-28T19:00:19.363+0000] {dagbag.py:532} INFO - Filling up the DagBag from /opt/airflow/dags/operators/careProviders.py
[2023-03-28T19:00:23.267+0000] {processor.py:755} WARNING - No viable dags retrieved from /opt/airflow/dags/operators/careProviders.py
[2023-03-28T19:00:23.446+0000] {processor.py:175} INFO - Processing /opt/airflow/dags/operators/careProviders.py took 4.168 seconds
[2023-03-28T19:00:54.788+0000] {processor.py:153} INFO - Started process (PID=351) to work on /opt/airflow/dags/operators/careProviders.py
[2023-03-28T19:00:54.807+0000] {processor.py:743} INFO - Processing file /opt/airflow/dags/operators/careProviders.py for tasks to queue
[2023-03-28T19:00:54.817+0000] {logging_mixin.py:137} INFO - [2023-03-28T19:00:54.816+0000] {dagbag.py:532} INFO - Filling up the DagBag from /opt/airflow/dags/operators/careProviders.py
[2023-03-28T19:01:00.762+0000] {processor.py:755} WARNING - No viable dags retrieved from /opt/airflow/dags/operators/careProviders.py
[2023-03-28T19:01:01.038+0000] {processor.py:175} INFO - Processing /opt/airflow/dags/operators/careProviders.py took 6.427 seconds
[2023-03-28T19:01:31.690+0000] {processor.py:153} INFO - Started process (PID=383) to work on /opt/airflow/dags/operators/careProviders.py
[2023-03-28T19:01:31.716+0000] {processor.py:743} INFO - Processing file /opt/airflow/dags/operators/careProviders.py for tasks to queue
[2023-03-28T19:01:31.723+0000] {logging_mixin.py:137} INFO - [2023-03-28T19:01:31.721+0000] {dagbag.py:532} INFO - Filling up the DagBag from /opt/airflow/dags/operators/careProviders.py
[2023-03-28T19:01:33.211+0000] {processor.py:755} WARNING - No viable dags retrieved from /opt/airflow/dags/operators/careProviders.py
[2023-03-28T19:01:33.281+0000] {processor.py:175} INFO - Processing /opt/airflow/dags/operators/careProviders.py took 1.601 seconds
[2023-03-28T19:02:04.423+0000] {processor.py:153} INFO - Started process (PID=427) to work on /opt/airflow/dags/operators/careProviders.py
[2023-03-28T19:02:04.444+0000] {processor.py:743} INFO - Processing file /opt/airflow/dags/operators/careProviders.py for tasks to queue
[2023-03-28T19:02:04.559+0000] {logging_mixin.py:137} INFO - [2023-03-28T19:02:04.516+0000] {dagbag.py:532} INFO - Filling up the DagBag from /opt/airflow/dags/operators/careProviders.py
[2023-03-28T19:02:11.594+0000] {processor.py:755} WARNING - No viable dags retrieved from /opt/airflow/dags/operators/careProviders.py
[2023-03-28T19:02:11.661+0000] {processor.py:175} INFO - Processing /opt/airflow/dags/operators/careProviders.py took 7.438 seconds
[2023-03-28T19:02:43.206+0000] {processor.py:153} INFO - Started process (PID=469) to work on /opt/airflow/dags/operators/careProviders.py
[2023-03-28T19:02:43.210+0000] {processor.py:743} INFO - Processing file /opt/airflow/dags/operators/careProviders.py for tasks to queue
[2023-03-28T19:02:43.244+0000] {logging_mixin.py:137} INFO - [2023-03-28T19:02:43.243+0000] {dagbag.py:532} INFO - Filling up the DagBag from /opt/airflow/dags/operators/careProviders.py
[2023-03-28T19:03:02.205+0000] {processor.py:755} WARNING - No viable dags retrieved from /opt/airflow/dags/operators/careProviders.py
[2023-03-28T19:03:02.352+0000] {processor.py:175} INFO - Processing /opt/airflow/dags/operators/careProviders.py took 19.256 seconds
[2023-03-28T19:03:33.228+0000] {processor.py:153} INFO - Started process (PID=512) to work on /opt/airflow/dags/operators/careProviders.py
[2023-03-28T19:03:33.254+0000] {processor.py:743} INFO - Processing file /opt/airflow/dags/operators/careProviders.py for tasks to queue
[2023-03-28T19:03:33.260+0000] {logging_mixin.py:137} INFO - [2023-03-28T19:03:33.260+0000] {dagbag.py:532} INFO - Filling up the DagBag from /opt/airflow/dags/operators/careProviders.py
[2023-03-28T19:03:38.029+0000] {processor.py:755} WARNING - No viable dags retrieved from /opt/airflow/dags/operators/careProviders.py
[2023-03-28T19:03:38.174+0000] {processor.py:175} INFO - Processing /opt/airflow/dags/operators/careProviders.py took 4.969 seconds
[2023-03-28T19:04:09.941+0000] {processor.py:153} INFO - Started process (PID=547) to work on /opt/airflow/dags/operators/careProviders.py
[2023-03-28T19:04:09.969+0000] {processor.py:743} INFO - Processing file /opt/airflow/dags/operators/careProviders.py for tasks to queue
[2023-03-28T19:04:09.980+0000] {logging_mixin.py:137} INFO - [2023-03-28T19:04:09.978+0000] {dagbag.py:532} INFO - Filling up the DagBag from /opt/airflow/dags/operators/careProviders.py
[2023-03-28T19:04:14.926+0000] {processor.py:755} WARNING - No viable dags retrieved from /opt/airflow/dags/operators/careProviders.py
[2023-03-28T19:04:14.995+0000] {processor.py:175} INFO - Processing /opt/airflow/dags/operators/careProviders.py took 5.154 seconds
[2023-03-28T19:04:45.410+0000] {processor.py:153} INFO - Started process (PID=584) to work on /opt/airflow/dags/operators/careProviders.py
[2023-03-28T19:04:45.417+0000] {processor.py:743} INFO - Processing file /opt/airflow/dags/operators/careProviders.py for tasks to queue
[2023-03-28T19:04:45.438+0000] {logging_mixin.py:137} INFO - [2023-03-28T19:04:45.435+0000] {dagbag.py:532} INFO - Filling up the DagBag from /opt/airflow/dags/operators/careProviders.py
[2023-03-28T19:04:48.109+0000] {processor.py:755} WARNING - No viable dags retrieved from /opt/airflow/dags/operators/careProviders.py
[2023-03-28T19:04:48.217+0000] {processor.py:175} INFO - Processing /opt/airflow/dags/operators/careProviders.py took 2.888 seconds
[2023-03-28T19:05:18.630+0000] {processor.py:153} INFO - Started process (PID=615) to work on /opt/airflow/dags/operators/careProviders.py
[2023-03-28T19:05:18.636+0000] {processor.py:743} INFO - Processing file /opt/airflow/dags/operators/careProviders.py for tasks to queue
[2023-03-28T19:05:18.642+0000] {logging_mixin.py:137} INFO - [2023-03-28T19:05:18.641+0000] {dagbag.py:532} INFO - Filling up the DagBag from /opt/airflow/dags/operators/careProviders.py
[2023-03-28T19:05:22.350+0000] {processor.py:755} WARNING - No viable dags retrieved from /opt/airflow/dags/operators/careProviders.py
[2023-03-28T19:05:22.569+0000] {processor.py:175} INFO - Processing /opt/airflow/dags/operators/careProviders.py took 3.974 seconds
[2023-03-28T19:05:53.527+0000] {processor.py:153} INFO - Started process (PID=657) to work on /opt/airflow/dags/operators/careProviders.py
[2023-03-28T19:05:53.537+0000] {processor.py:743} INFO - Processing file /opt/airflow/dags/operators/careProviders.py for tasks to queue
[2023-03-28T19:05:53.559+0000] {logging_mixin.py:137} INFO - [2023-03-28T19:05:53.545+0000] {dagbag.py:532} INFO - Filling up the DagBag from /opt/airflow/dags/operators/careProviders.py
[2023-03-28T19:05:56.236+0000] {processor.py:755} WARNING - No viable dags retrieved from /opt/airflow/dags/operators/careProviders.py
[2023-03-28T19:05:56.285+0000] {processor.py:175} INFO - Processing /opt/airflow/dags/operators/careProviders.py took 2.835 seconds
[2023-03-28T19:06:26.859+0000] {processor.py:153} INFO - Started process (PID=692) to work on /opt/airflow/dags/operators/careProviders.py
[2023-03-28T19:06:26.862+0000] {processor.py:743} INFO - Processing file /opt/airflow/dags/operators/careProviders.py for tasks to queue
[2023-03-28T19:06:26.866+0000] {logging_mixin.py:137} INFO - [2023-03-28T19:06:26.865+0000] {dagbag.py:532} INFO - Filling up the DagBag from /opt/airflow/dags/operators/careProviders.py
[2023-03-28T19:06:28.581+0000] {processor.py:755} WARNING - No viable dags retrieved from /opt/airflow/dags/operators/careProviders.py
[2023-03-28T19:06:28.624+0000] {processor.py:175} INFO - Processing /opt/airflow/dags/operators/careProviders.py took 1.860 seconds
[2023-03-28T19:06:59.034+0000] {processor.py:153} INFO - Started process (PID=727) to work on /opt/airflow/dags/operators/careProviders.py
[2023-03-28T19:06:59.036+0000] {processor.py:743} INFO - Processing file /opt/airflow/dags/operators/careProviders.py for tasks to queue
[2023-03-28T19:06:59.039+0000] {logging_mixin.py:137} INFO - [2023-03-28T19:06:59.038+0000] {dagbag.py:532} INFO - Filling up the DagBag from /opt/airflow/dags/operators/careProviders.py
[2023-03-28T19:07:00.970+0000] {processor.py:755} WARNING - No viable dags retrieved from /opt/airflow/dags/operators/careProviders.py
[2023-03-28T19:07:01.024+0000] {processor.py:175} INFO - Processing /opt/airflow/dags/operators/careProviders.py took 2.000 seconds
[2023-03-28T19:07:31.515+0000] {processor.py:153} INFO - Started process (PID=763) to work on /opt/airflow/dags/operators/careProviders.py
[2023-03-28T19:07:31.517+0000] {processor.py:743} INFO - Processing file /opt/airflow/dags/operators/careProviders.py for tasks to queue
[2023-03-28T19:07:31.523+0000] {logging_mixin.py:137} INFO - [2023-03-28T19:07:31.522+0000] {dagbag.py:532} INFO - Filling up the DagBag from /opt/airflow/dags/operators/careProviders.py
[2023-03-28T19:07:33.475+0000] {processor.py:755} WARNING - No viable dags retrieved from /opt/airflow/dags/operators/careProviders.py
[2023-03-28T19:07:33.516+0000] {processor.py:175} INFO - Processing /opt/airflow/dags/operators/careProviders.py took 2.010 seconds
[2023-03-28T19:08:03.954+0000] {processor.py:153} INFO - Started process (PID=798) to work on /opt/airflow/dags/operators/careProviders.py
[2023-03-28T19:08:03.972+0000] {processor.py:743} INFO - Processing file /opt/airflow/dags/operators/careProviders.py for tasks to queue
[2023-03-28T19:08:03.991+0000] {logging_mixin.py:137} INFO - [2023-03-28T19:08:03.991+0000] {dagbag.py:532} INFO - Filling up the DagBag from /opt/airflow/dags/operators/careProviders.py
[2023-03-28T19:08:07.509+0000] {processor.py:755} WARNING - No viable dags retrieved from /opt/airflow/dags/operators/careProviders.py
[2023-03-28T19:08:07.582+0000] {processor.py:175} INFO - Processing /opt/airflow/dags/operators/careProviders.py took 3.665 seconds
[2023-03-28T19:08:37.806+0000] {processor.py:153} INFO - Started process (PID=839) to work on /opt/airflow/dags/operators/careProviders.py
[2023-03-28T19:08:37.810+0000] {processor.py:743} INFO - Processing file /opt/airflow/dags/operators/careProviders.py for tasks to queue
[2023-03-28T19:08:37.817+0000] {logging_mixin.py:137} INFO - [2023-03-28T19:08:37.816+0000] {dagbag.py:532} INFO - Filling up the DagBag from /opt/airflow/dags/operators/careProviders.py
[2023-03-28T19:08:38.548+0000] {processor.py:755} WARNING - No viable dags retrieved from /opt/airflow/dags/operators/careProviders.py
[2023-03-28T19:08:38.574+0000] {processor.py:175} INFO - Processing /opt/airflow/dags/operators/careProviders.py took 0.799 seconds
[2023-03-28T19:08:42.949+0000] {processor.py:153} INFO - Started process (PID=855) to work on /opt/airflow/dags/operators/careProviders.py
[2023-03-28T19:08:42.956+0000] {processor.py:743} INFO - Processing file /opt/airflow/dags/operators/careProviders.py for tasks to queue
[2023-03-28T19:08:42.970+0000] {logging_mixin.py:137} INFO - [2023-03-28T19:08:42.963+0000] {dagbag.py:532} INFO - Filling up the DagBag from /opt/airflow/dags/operators/careProviders.py
[2023-03-28T19:08:45.243+0000] {processor.py:755} WARNING - No viable dags retrieved from /opt/airflow/dags/operators/careProviders.py
[2023-03-28T19:08:45.328+0000] {processor.py:175} INFO - Processing /opt/airflow/dags/operators/careProviders.py took 2.401 seconds
[2023-03-28T19:12:52.585+0000] {processor.py:153} INFO - Started process (PID=181) to work on /opt/airflow/dags/operators/careProviders.py
[2023-03-28T19:12:52.602+0000] {processor.py:743} INFO - Processing file /opt/airflow/dags/operators/careProviders.py for tasks to queue
[2023-03-28T19:12:52.613+0000] {logging_mixin.py:137} INFO - [2023-03-28T19:12:52.613+0000] {dagbag.py:532} INFO - Filling up the DagBag from /opt/airflow/dags/operators/careProviders.py
[2023-03-28T19:12:58.084+0000] {processor.py:755} WARNING - No viable dags retrieved from /opt/airflow/dags/operators/careProviders.py
[2023-03-28T19:12:58.196+0000] {processor.py:175} INFO - Processing /opt/airflow/dags/operators/careProviders.py took 5.675 seconds
[2023-03-28T19:13:29.021+0000] {processor.py:153} INFO - Started process (PID=216) to work on /opt/airflow/dags/operators/careProviders.py
[2023-03-28T19:13:29.029+0000] {processor.py:743} INFO - Processing file /opt/airflow/dags/operators/careProviders.py for tasks to queue
[2023-03-28T19:13:29.048+0000] {logging_mixin.py:137} INFO - [2023-03-28T19:13:29.047+0000] {dagbag.py:532} INFO - Filling up the DagBag from /opt/airflow/dags/operators/careProviders.py
[2023-03-28T19:13:34.128+0000] {processor.py:755} WARNING - No viable dags retrieved from /opt/airflow/dags/operators/careProviders.py
[2023-03-28T19:13:34.194+0000] {processor.py:175} INFO - Processing /opt/airflow/dags/operators/careProviders.py took 5.297 seconds
[2023-03-28T19:14:04.818+0000] {processor.py:153} INFO - Started process (PID=256) to work on /opt/airflow/dags/operators/careProviders.py
[2023-03-28T19:14:04.822+0000] {processor.py:743} INFO - Processing file /opt/airflow/dags/operators/careProviders.py for tasks to queue
[2023-03-28T19:14:04.826+0000] {logging_mixin.py:137} INFO - [2023-03-28T19:14:04.826+0000] {dagbag.py:532} INFO - Filling up the DagBag from /opt/airflow/dags/operators/careProviders.py
[2023-03-28T19:14:06.871+0000] {processor.py:755} WARNING - No viable dags retrieved from /opt/airflow/dags/operators/careProviders.py
[2023-03-28T19:14:07.136+0000] {processor.py:175} INFO - Processing /opt/airflow/dags/operators/careProviders.py took 2.343 seconds
[2023-03-28T19:14:37.721+0000] {processor.py:153} INFO - Started process (PID=290) to work on /opt/airflow/dags/operators/careProviders.py
[2023-03-28T19:14:37.738+0000] {processor.py:743} INFO - Processing file /opt/airflow/dags/operators/careProviders.py for tasks to queue
[2023-03-28T19:14:37.747+0000] {logging_mixin.py:137} INFO - [2023-03-28T19:14:37.747+0000] {dagbag.py:532} INFO - Filling up the DagBag from /opt/airflow/dags/operators/careProviders.py
[2023-03-28T19:14:44.954+0000] {processor.py:755} WARNING - No viable dags retrieved from /opt/airflow/dags/operators/careProviders.py
[2023-03-28T19:14:45.156+0000] {processor.py:175} INFO - Processing /opt/airflow/dags/operators/careProviders.py took 7.517 seconds
[2023-03-28T19:15:16.111+0000] {processor.py:153} INFO - Started process (PID=326) to work on /opt/airflow/dags/operators/careProviders.py
[2023-03-28T19:15:16.148+0000] {processor.py:743} INFO - Processing file /opt/airflow/dags/operators/careProviders.py for tasks to queue
[2023-03-28T19:15:16.160+0000] {logging_mixin.py:137} INFO - [2023-03-28T19:15:16.158+0000] {dagbag.py:532} INFO - Filling up the DagBag from /opt/airflow/dags/operators/careProviders.py
[2023-03-28T19:15:22.834+0000] {processor.py:755} WARNING - No viable dags retrieved from /opt/airflow/dags/operators/careProviders.py
[2023-03-28T19:15:22.978+0000] {processor.py:175} INFO - Processing /opt/airflow/dags/operators/careProviders.py took 6.926 seconds
[2023-03-28T19:15:54.245+0000] {processor.py:153} INFO - Started process (PID=364) to work on /opt/airflow/dags/operators/careProviders.py
[2023-03-28T19:15:54.291+0000] {processor.py:743} INFO - Processing file /opt/airflow/dags/operators/careProviders.py for tasks to queue
[2023-03-28T19:15:54.347+0000] {logging_mixin.py:137} INFO - [2023-03-28T19:15:54.346+0000] {dagbag.py:532} INFO - Filling up the DagBag from /opt/airflow/dags/operators/careProviders.py
[2023-03-28T19:16:00.472+0000] {processor.py:755} WARNING - No viable dags retrieved from /opt/airflow/dags/operators/careProviders.py
[2023-03-28T19:16:00.538+0000] {processor.py:175} INFO - Processing /opt/airflow/dags/operators/careProviders.py took 6.529 seconds
[2023-03-28T19:16:11.995+0000] {processor.py:153} INFO - Started process (PID=396) to work on /opt/airflow/dags/operators/careProviders.py
[2023-03-28T19:16:12.011+0000] {processor.py:743} INFO - Processing file /opt/airflow/dags/operators/careProviders.py for tasks to queue
[2023-03-28T19:16:12.054+0000] {logging_mixin.py:137} INFO - [2023-03-28T19:16:12.040+0000] {dagbag.py:532} INFO - Filling up the DagBag from /opt/airflow/dags/operators/careProviders.py
[2023-03-28T19:16:13.876+0000] {processor.py:755} WARNING - No viable dags retrieved from /opt/airflow/dags/operators/careProviders.py
[2023-03-28T19:16:13.943+0000] {processor.py:175} INFO - Processing /opt/airflow/dags/operators/careProviders.py took 2.021 seconds
[2023-03-28T19:16:22.432+0000] {processor.py:153} INFO - Started process (PID=402) to work on /opt/airflow/dags/operators/careProviders.py
[2023-03-28T19:16:22.442+0000] {processor.py:743} INFO - Processing file /opt/airflow/dags/operators/careProviders.py for tasks to queue
[2023-03-28T19:16:22.455+0000] {logging_mixin.py:137} INFO - [2023-03-28T19:16:22.455+0000] {dagbag.py:532} INFO - Filling up the DagBag from /opt/airflow/dags/operators/careProviders.py
[2023-03-28T19:16:24.005+0000] {processor.py:755} WARNING - No viable dags retrieved from /opt/airflow/dags/operators/careProviders.py
[2023-03-28T19:16:24.097+0000] {processor.py:175} INFO - Processing /opt/airflow/dags/operators/careProviders.py took 1.695 seconds
[2023-03-28T19:16:40.909+0000] {processor.py:153} INFO - Started process (PID=437) to work on /opt/airflow/dags/operators/careProviders.py
[2023-03-28T19:16:40.932+0000] {processor.py:743} INFO - Processing file /opt/airflow/dags/operators/careProviders.py for tasks to queue
[2023-03-28T19:16:40.954+0000] {logging_mixin.py:137} INFO - [2023-03-28T19:16:40.953+0000] {dagbag.py:532} INFO - Filling up the DagBag from /opt/airflow/dags/operators/careProviders.py
[2023-03-28T19:16:42.683+0000] {processor.py:755} WARNING - No viable dags retrieved from /opt/airflow/dags/operators/careProviders.py
[2023-03-28T19:16:42.710+0000] {processor.py:175} INFO - Processing /opt/airflow/dags/operators/careProviders.py took 1.823 seconds
[2023-03-28T19:20:25.296+0000] {processor.py:153} INFO - Started process (PID=171) to work on /opt/airflow/dags/operators/careProviders.py
[2023-03-28T19:20:25.310+0000] {processor.py:743} INFO - Processing file /opt/airflow/dags/operators/careProviders.py for tasks to queue
[2023-03-28T19:20:25.339+0000] {logging_mixin.py:137} INFO - [2023-03-28T19:20:25.338+0000] {dagbag.py:532} INFO - Filling up the DagBag from /opt/airflow/dags/operators/careProviders.py
[2023-03-28T19:20:35.315+0000] {processor.py:755} WARNING - No viable dags retrieved from /opt/airflow/dags/operators/careProviders.py
[2023-03-28T19:20:35.697+0000] {processor.py:175} INFO - Processing /opt/airflow/dags/operators/careProviders.py took 10.453 seconds
[2023-03-28T19:21:10.216+0000] {processor.py:153} INFO - Started process (PID=208) to work on /opt/airflow/dags/operators/careProviders.py
[2023-03-28T19:21:10.713+0000] {processor.py:743} INFO - Processing file /opt/airflow/dags/operators/careProviders.py for tasks to queue
[2023-03-28T19:21:10.736+0000] {logging_mixin.py:137} INFO - [2023-03-28T19:21:10.735+0000] {dagbag.py:532} INFO - Filling up the DagBag from /opt/airflow/dags/operators/careProviders.py
[2023-03-28T19:21:27.941+0000] {processor.py:755} WARNING - No viable dags retrieved from /opt/airflow/dags/operators/careProviders.py
[2023-03-28T19:21:28.524+0000] {processor.py:175} INFO - Processing /opt/airflow/dags/operators/careProviders.py took 19.331 seconds
[2023-03-28T19:23:10.406+0000] {processor.py:153} INFO - Started process (PID=171) to work on /opt/airflow/dags/operators/careProviders.py
[2023-03-28T19:23:10.509+0000] {processor.py:743} INFO - Processing file /opt/airflow/dags/operators/careProviders.py for tasks to queue
[2023-03-28T19:23:10.523+0000] {logging_mixin.py:137} INFO - [2023-03-28T19:23:10.522+0000] {dagbag.py:532} INFO - Filling up the DagBag from /opt/airflow/dags/operators/careProviders.py
[2023-03-28T19:23:20.868+0000] {processor.py:755} WARNING - No viable dags retrieved from /opt/airflow/dags/operators/careProviders.py
[2023-03-28T19:23:21.858+0000] {processor.py:175} INFO - Processing /opt/airflow/dags/operators/careProviders.py took 11.529 seconds
[2023-03-28T19:23:52.955+0000] {processor.py:153} INFO - Started process (PID=214) to work on /opt/airflow/dags/operators/careProviders.py
[2023-03-28T19:23:53.039+0000] {processor.py:743} INFO - Processing file /opt/airflow/dags/operators/careProviders.py for tasks to queue
[2023-03-28T19:23:53.078+0000] {logging_mixin.py:137} INFO - [2023-03-28T19:23:53.077+0000] {dagbag.py:532} INFO - Filling up the DagBag from /opt/airflow/dags/operators/careProviders.py
[2023-03-28T19:23:56.852+0000] {processor.py:755} WARNING - No viable dags retrieved from /opt/airflow/dags/operators/careProviders.py
[2023-03-28T19:23:56.934+0000] {processor.py:175} INFO - Processing /opt/airflow/dags/operators/careProviders.py took 4.039 seconds
[2023-03-28T19:24:27.305+0000] {processor.py:153} INFO - Started process (PID=252) to work on /opt/airflow/dags/operators/careProviders.py
[2023-03-28T19:24:27.322+0000] {processor.py:743} INFO - Processing file /opt/airflow/dags/operators/careProviders.py for tasks to queue
[2023-03-28T19:24:27.326+0000] {logging_mixin.py:137} INFO - [2023-03-28T19:24:27.326+0000] {dagbag.py:532} INFO - Filling up the DagBag from /opt/airflow/dags/operators/careProviders.py
[2023-03-28T19:24:32.152+0000] {processor.py:755} WARNING - No viable dags retrieved from /opt/airflow/dags/operators/careProviders.py
[2023-03-28T19:24:33.305+0000] {processor.py:175} INFO - Processing /opt/airflow/dags/operators/careProviders.py took 6.068 seconds
[2023-03-28T19:25:04.496+0000] {processor.py:153} INFO - Started process (PID=283) to work on /opt/airflow/dags/operators/careProviders.py
[2023-03-28T19:25:04.541+0000] {processor.py:743} INFO - Processing file /opt/airflow/dags/operators/careProviders.py for tasks to queue
[2023-03-28T19:25:04.559+0000] {logging_mixin.py:137} INFO - [2023-03-28T19:25:04.559+0000] {dagbag.py:532} INFO - Filling up the DagBag from /opt/airflow/dags/operators/careProviders.py
[2023-03-28T19:25:07.637+0000] {processor.py:755} WARNING - No viable dags retrieved from /opt/airflow/dags/operators/careProviders.py
[2023-03-28T19:25:07.688+0000] {processor.py:175} INFO - Processing /opt/airflow/dags/operators/careProviders.py took 3.216 seconds
[2023-03-28T19:25:38.273+0000] {processor.py:153} INFO - Started process (PID=324) to work on /opt/airflow/dags/operators/careProviders.py
[2023-03-28T19:25:38.277+0000] {processor.py:743} INFO - Processing file /opt/airflow/dags/operators/careProviders.py for tasks to queue
[2023-03-28T19:25:38.283+0000] {logging_mixin.py:137} INFO - [2023-03-28T19:25:38.282+0000] {dagbag.py:532} INFO - Filling up the DagBag from /opt/airflow/dags/operators/careProviders.py
[2023-03-28T19:25:39.558+0000] {processor.py:755} WARNING - No viable dags retrieved from /opt/airflow/dags/operators/careProviders.py
[2023-03-28T19:25:39.586+0000] {processor.py:175} INFO - Processing /opt/airflow/dags/operators/careProviders.py took 1.335 seconds
