[2023-03-28T18:19:42.736+0000] {processor.py:153} INFO - Started process (PID=177) to work on /opt/airflow/dags/operators/population.py
[2023-03-28T18:19:42.753+0000] {processor.py:743} INFO - Processing file /opt/airflow/dags/operators/population.py for tasks to queue
[2023-03-28T18:19:42.756+0000] {logging_mixin.py:137} INFO - [2023-03-28T18:19:42.755+0000] {dagbag.py:532} INFO - Filling up the DagBag from /opt/airflow/dags/operators/population.py
[2023-03-28T18:19:45.011+0000] {processor.py:755} WARNING - No viable dags retrieved from /opt/airflow/dags/operators/population.py
[2023-03-28T18:19:45.229+0000] {processor.py:175} INFO - Processing /opt/airflow/dags/operators/population.py took 2.504 seconds
[2023-03-28T18:20:15.549+0000] {processor.py:153} INFO - Started process (PID=221) to work on /opt/airflow/dags/operators/population.py
[2023-03-28T18:20:15.551+0000] {processor.py:743} INFO - Processing file /opt/airflow/dags/operators/population.py for tasks to queue
[2023-03-28T18:20:15.559+0000] {logging_mixin.py:137} INFO - [2023-03-28T18:20:15.557+0000] {dagbag.py:532} INFO - Filling up the DagBag from /opt/airflow/dags/operators/population.py
[2023-03-28T18:20:16.193+0000] {processor.py:755} WARNING - No viable dags retrieved from /opt/airflow/dags/operators/population.py
[2023-03-28T18:20:16.219+0000] {processor.py:175} INFO - Processing /opt/airflow/dags/operators/population.py took 0.681 seconds
[2023-03-28T18:20:46.370+0000] {processor.py:153} INFO - Started process (PID=256) to work on /opt/airflow/dags/operators/population.py
[2023-03-28T18:20:46.375+0000] {processor.py:743} INFO - Processing file /opt/airflow/dags/operators/population.py for tasks to queue
[2023-03-28T18:20:46.378+0000] {logging_mixin.py:137} INFO - [2023-03-28T18:20:46.378+0000] {dagbag.py:532} INFO - Filling up the DagBag from /opt/airflow/dags/operators/population.py
[2023-03-28T18:20:47.256+0000] {processor.py:755} WARNING - No viable dags retrieved from /opt/airflow/dags/operators/population.py
[2023-03-28T18:20:47.344+0000] {processor.py:175} INFO - Processing /opt/airflow/dags/operators/population.py took 0.990 seconds
[2023-03-28T18:21:23.495+0000] {processor.py:153} INFO - Started process (PID=291) to work on /opt/airflow/dags/operators/population.py
[2023-03-28T18:21:23.500+0000] {processor.py:743} INFO - Processing file /opt/airflow/dags/operators/population.py for tasks to queue
[2023-03-28T18:21:23.521+0000] {logging_mixin.py:137} INFO - [2023-03-28T18:21:23.503+0000] {dagbag.py:532} INFO - Filling up the DagBag from /opt/airflow/dags/operators/population.py
[2023-03-28T18:21:28.514+0000] {processor.py:755} WARNING - No viable dags retrieved from /opt/airflow/dags/operators/population.py
[2023-03-28T18:21:28.596+0000] {processor.py:175} INFO - Processing /opt/airflow/dags/operators/population.py took 5.130 seconds
[2023-03-28T18:21:59.272+0000] {processor.py:153} INFO - Started process (PID=326) to work on /opt/airflow/dags/operators/population.py
[2023-03-28T18:21:59.313+0000] {processor.py:743} INFO - Processing file /opt/airflow/dags/operators/population.py for tasks to queue
[2023-03-28T18:21:59.332+0000] {logging_mixin.py:137} INFO - [2023-03-28T18:21:59.332+0000] {dagbag.py:532} INFO - Filling up the DagBag from /opt/airflow/dags/operators/population.py
[2023-03-28T18:22:04.082+0000] {processor.py:755} WARNING - No viable dags retrieved from /opt/airflow/dags/operators/population.py
[2023-03-28T18:22:04.207+0000] {processor.py:175} INFO - Processing /opt/airflow/dags/operators/population.py took 4.997 seconds
[2023-03-28T18:22:35.215+0000] {processor.py:153} INFO - Started process (PID=366) to work on /opt/airflow/dags/operators/population.py
[2023-03-28T18:22:35.218+0000] {processor.py:743} INFO - Processing file /opt/airflow/dags/operators/population.py for tasks to queue
[2023-03-28T18:22:35.227+0000] {logging_mixin.py:137} INFO - [2023-03-28T18:22:35.226+0000] {dagbag.py:532} INFO - Filling up the DagBag from /opt/airflow/dags/operators/population.py
[2023-03-28T18:22:37.109+0000] {processor.py:755} WARNING - No viable dags retrieved from /opt/airflow/dags/operators/population.py
[2023-03-28T18:22:37.178+0000] {processor.py:175} INFO - Processing /opt/airflow/dags/operators/population.py took 2.003 seconds
[2023-03-28T18:23:08.512+0000] {processor.py:153} INFO - Started process (PID=401) to work on /opt/airflow/dags/operators/population.py
[2023-03-28T18:23:08.516+0000] {processor.py:743} INFO - Processing file /opt/airflow/dags/operators/population.py for tasks to queue
[2023-03-28T18:23:08.523+0000] {logging_mixin.py:137} INFO - [2023-03-28T18:23:08.523+0000] {dagbag.py:532} INFO - Filling up the DagBag from /opt/airflow/dags/operators/population.py
[2023-03-28T18:23:11.338+0000] {processor.py:755} WARNING - No viable dags retrieved from /opt/airflow/dags/operators/population.py
[2023-03-28T18:23:11.582+0000] {processor.py:175} INFO - Processing /opt/airflow/dags/operators/population.py took 3.119 seconds
[2023-03-28T18:23:42.576+0000] {processor.py:153} INFO - Started process (PID=437) to work on /opt/airflow/dags/operators/population.py
[2023-03-28T18:23:42.579+0000] {processor.py:743} INFO - Processing file /opt/airflow/dags/operators/population.py for tasks to queue
[2023-03-28T18:23:42.588+0000] {logging_mixin.py:137} INFO - [2023-03-28T18:23:42.587+0000] {dagbag.py:532} INFO - Filling up the DagBag from /opt/airflow/dags/operators/population.py
[2023-03-28T18:23:43.440+0000] {processor.py:755} WARNING - No viable dags retrieved from /opt/airflow/dags/operators/population.py
[2023-03-28T18:23:43.474+0000] {processor.py:175} INFO - Processing /opt/airflow/dags/operators/population.py took 0.918 seconds
[2023-03-28T18:24:13.781+0000] {processor.py:153} INFO - Started process (PID=472) to work on /opt/airflow/dags/operators/population.py
[2023-03-28T18:24:13.792+0000] {processor.py:743} INFO - Processing file /opt/airflow/dags/operators/population.py for tasks to queue
[2023-03-28T18:24:13.798+0000] {logging_mixin.py:137} INFO - [2023-03-28T18:24:13.798+0000] {dagbag.py:532} INFO - Filling up the DagBag from /opt/airflow/dags/operators/population.py
[2023-03-28T18:24:14.466+0000] {processor.py:755} WARNING - No viable dags retrieved from /opt/airflow/dags/operators/population.py
[2023-03-28T18:24:14.501+0000] {processor.py:175} INFO - Processing /opt/airflow/dags/operators/population.py took 0.740 seconds
[2023-03-28T18:27:16.994+0000] {processor.py:153} INFO - Started process (PID=188) to work on /opt/airflow/dags/operators/population.py
[2023-03-28T18:27:16.998+0000] {processor.py:743} INFO - Processing file /opt/airflow/dags/operators/population.py for tasks to queue
[2023-03-28T18:27:17.020+0000] {logging_mixin.py:137} INFO - [2023-03-28T18:27:17.020+0000] {dagbag.py:532} INFO - Filling up the DagBag from /opt/airflow/dags/operators/population.py
[2023-03-28T18:27:20.348+0000] {processor.py:755} WARNING - No viable dags retrieved from /opt/airflow/dags/operators/population.py
[2023-03-28T18:27:20.414+0000] {processor.py:175} INFO - Processing /opt/airflow/dags/operators/population.py took 3.434 seconds
[2023-03-28T18:27:53.480+0000] {processor.py:153} INFO - Started process (PID=228) to work on /opt/airflow/dags/operators/population.py
[2023-03-28T18:27:53.493+0000] {processor.py:743} INFO - Processing file /opt/airflow/dags/operators/population.py for tasks to queue
[2023-03-28T18:27:53.497+0000] {logging_mixin.py:137} INFO - [2023-03-28T18:27:53.497+0000] {dagbag.py:532} INFO - Filling up the DagBag from /opt/airflow/dags/operators/population.py
[2023-03-28T18:27:55.069+0000] {processor.py:755} WARNING - No viable dags retrieved from /opt/airflow/dags/operators/population.py
[2023-03-28T18:27:55.087+0000] {processor.py:175} INFO - Processing /opt/airflow/dags/operators/population.py took 1.622 seconds
[2023-03-28T18:28:34.322+0000] {processor.py:153} INFO - Started process (PID=265) to work on /opt/airflow/dags/operators/population.py
[2023-03-28T18:28:34.336+0000] {processor.py:743} INFO - Processing file /opt/airflow/dags/operators/population.py for tasks to queue
[2023-03-28T18:28:34.358+0000] {logging_mixin.py:137} INFO - [2023-03-28T18:28:34.339+0000] {dagbag.py:532} INFO - Filling up the DagBag from /opt/airflow/dags/operators/population.py
[2023-03-28T18:28:36.248+0000] {processor.py:755} WARNING - No viable dags retrieved from /opt/airflow/dags/operators/population.py
[2023-03-28T18:28:36.288+0000] {processor.py:175} INFO - Processing /opt/airflow/dags/operators/population.py took 2.001 seconds
[2023-03-28T18:29:07.584+0000] {processor.py:153} INFO - Started process (PID=297) to work on /opt/airflow/dags/operators/population.py
[2023-03-28T18:29:07.608+0000] {processor.py:743} INFO - Processing file /opt/airflow/dags/operators/population.py for tasks to queue
[2023-03-28T18:29:07.666+0000] {logging_mixin.py:137} INFO - [2023-03-28T18:29:07.665+0000] {dagbag.py:532} INFO - Filling up the DagBag from /opt/airflow/dags/operators/population.py
[2023-03-28T18:29:10.946+0000] {processor.py:755} WARNING - No viable dags retrieved from /opt/airflow/dags/operators/population.py
[2023-03-28T18:29:11.005+0000] {processor.py:175} INFO - Processing /opt/airflow/dags/operators/population.py took 3.538 seconds
[2023-03-28T18:29:41.628+0000] {processor.py:153} INFO - Started process (PID=339) to work on /opt/airflow/dags/operators/population.py
[2023-03-28T18:29:41.630+0000] {processor.py:743} INFO - Processing file /opt/airflow/dags/operators/population.py for tasks to queue
[2023-03-28T18:29:41.634+0000] {logging_mixin.py:137} INFO - [2023-03-28T18:29:41.633+0000] {dagbag.py:532} INFO - Filling up the DagBag from /opt/airflow/dags/operators/population.py
[2023-03-28T18:29:43.099+0000] {processor.py:755} WARNING - No viable dags retrieved from /opt/airflow/dags/operators/population.py
[2023-03-28T18:29:43.155+0000] {processor.py:175} INFO - Processing /opt/airflow/dags/operators/population.py took 1.536 seconds
[2023-03-28T18:30:13.974+0000] {processor.py:153} INFO - Started process (PID=374) to work on /opt/airflow/dags/operators/population.py
[2023-03-28T18:30:13.984+0000] {processor.py:743} INFO - Processing file /opt/airflow/dags/operators/population.py for tasks to queue
[2023-03-28T18:30:13.998+0000] {logging_mixin.py:137} INFO - [2023-03-28T18:30:13.997+0000] {dagbag.py:532} INFO - Filling up the DagBag from /opt/airflow/dags/operators/population.py
[2023-03-28T18:30:16.844+0000] {processor.py:755} WARNING - No viable dags retrieved from /opt/airflow/dags/operators/population.py
[2023-03-28T18:30:16.940+0000] {processor.py:175} INFO - Processing /opt/airflow/dags/operators/population.py took 3.096 seconds
[2023-03-28T18:30:47.710+0000] {processor.py:153} INFO - Started process (PID=409) to work on /opt/airflow/dags/operators/population.py
[2023-03-28T18:30:47.761+0000] {processor.py:743} INFO - Processing file /opt/airflow/dags/operators/population.py for tasks to queue
[2023-03-28T18:30:47.772+0000] {logging_mixin.py:137} INFO - [2023-03-28T18:30:47.772+0000] {dagbag.py:532} INFO - Filling up the DagBag from /opt/airflow/dags/operators/population.py
[2023-03-28T18:30:50.299+0000] {processor.py:755} WARNING - No viable dags retrieved from /opt/airflow/dags/operators/population.py
[2023-03-28T18:30:50.370+0000] {processor.py:175} INFO - Processing /opt/airflow/dags/operators/population.py took 2.681 seconds
[2023-03-28T18:31:20.864+0000] {processor.py:153} INFO - Started process (PID=451) to work on /opt/airflow/dags/operators/population.py
[2023-03-28T18:31:20.866+0000] {processor.py:743} INFO - Processing file /opt/airflow/dags/operators/population.py for tasks to queue
[2023-03-28T18:31:20.890+0000] {logging_mixin.py:137} INFO - [2023-03-28T18:31:20.890+0000] {dagbag.py:532} INFO - Filling up the DagBag from /opt/airflow/dags/operators/population.py
[2023-03-28T18:31:22.237+0000] {processor.py:755} WARNING - No viable dags retrieved from /opt/airflow/dags/operators/population.py
[2023-03-28T18:31:22.286+0000] {processor.py:175} INFO - Processing /opt/airflow/dags/operators/population.py took 1.435 seconds
[2023-03-28T18:31:52.478+0000] {processor.py:153} INFO - Started process (PID=486) to work on /opt/airflow/dags/operators/population.py
[2023-03-28T18:31:52.481+0000] {processor.py:743} INFO - Processing file /opt/airflow/dags/operators/population.py for tasks to queue
[2023-03-28T18:31:52.487+0000] {logging_mixin.py:137} INFO - [2023-03-28T18:31:52.486+0000] {dagbag.py:532} INFO - Filling up the DagBag from /opt/airflow/dags/operators/population.py
[2023-03-28T18:31:53.703+0000] {processor.py:755} WARNING - No viable dags retrieved from /opt/airflow/dags/operators/population.py
[2023-03-28T18:31:53.727+0000] {processor.py:175} INFO - Processing /opt/airflow/dags/operators/population.py took 1.263 seconds
[2023-03-28T18:32:05.114+0000] {processor.py:153} INFO - Started process (PID=492) to work on /opt/airflow/dags/operators/population.py
[2023-03-28T18:32:05.127+0000] {processor.py:743} INFO - Processing file /opt/airflow/dags/operators/population.py for tasks to queue
[2023-03-28T18:32:05.139+0000] {logging_mixin.py:137} INFO - [2023-03-28T18:32:05.139+0000] {dagbag.py:532} INFO - Filling up the DagBag from /opt/airflow/dags/operators/population.py
[2023-03-28T18:32:07.235+0000] {processor.py:755} WARNING - No viable dags retrieved from /opt/airflow/dags/operators/population.py
[2023-03-28T18:32:07.272+0000] {processor.py:175} INFO - Processing /opt/airflow/dags/operators/population.py took 2.186 seconds
[2023-03-28T18:32:38.175+0000] {processor.py:153} INFO - Started process (PID=527) to work on /opt/airflow/dags/operators/population.py
[2023-03-28T18:32:38.177+0000] {processor.py:743} INFO - Processing file /opt/airflow/dags/operators/population.py for tasks to queue
[2023-03-28T18:32:38.180+0000] {logging_mixin.py:137} INFO - [2023-03-28T18:32:38.180+0000] {dagbag.py:532} INFO - Filling up the DagBag from /opt/airflow/dags/operators/population.py
[2023-03-28T18:32:39.829+0000] {processor.py:755} WARNING - No viable dags retrieved from /opt/airflow/dags/operators/population.py
[2023-03-28T18:32:39.863+0000] {processor.py:175} INFO - Processing /opt/airflow/dags/operators/population.py took 1.701 seconds
[2023-03-28T18:34:48.948+0000] {processor.py:153} INFO - Started process (PID=164) to work on /opt/airflow/dags/operators/population.py
[2023-03-28T18:34:48.969+0000] {processor.py:743} INFO - Processing file /opt/airflow/dags/operators/population.py for tasks to queue
[2023-03-28T18:34:49.003+0000] {logging_mixin.py:137} INFO - [2023-03-28T18:34:49.003+0000] {dagbag.py:532} INFO - Filling up the DagBag from /opt/airflow/dags/operators/population.py
[2023-03-28T18:34:50.914+0000] {processor.py:755} WARNING - No viable dags retrieved from /opt/airflow/dags/operators/population.py
[2023-03-28T18:34:51.040+0000] {processor.py:175} INFO - Processing /opt/airflow/dags/operators/population.py took 2.177 seconds
[2023-03-28T18:35:21.786+0000] {processor.py:153} INFO - Started process (PID=199) to work on /opt/airflow/dags/operators/population.py
[2023-03-28T18:35:21.787+0000] {processor.py:743} INFO - Processing file /opt/airflow/dags/operators/population.py for tasks to queue
[2023-03-28T18:35:21.800+0000] {logging_mixin.py:137} INFO - [2023-03-28T18:35:21.800+0000] {dagbag.py:532} INFO - Filling up the DagBag from /opt/airflow/dags/operators/population.py
[2023-03-28T18:35:22.417+0000] {processor.py:755} WARNING - No viable dags retrieved from /opt/airflow/dags/operators/population.py
[2023-03-28T18:35:22.444+0000] {processor.py:175} INFO - Processing /opt/airflow/dags/operators/population.py took 0.667 seconds
[2023-03-28T18:35:52.861+0000] {processor.py:153} INFO - Started process (PID=234) to work on /opt/airflow/dags/operators/population.py
[2023-03-28T18:35:52.869+0000] {processor.py:743} INFO - Processing file /opt/airflow/dags/operators/population.py for tasks to queue
[2023-03-28T18:35:52.871+0000] {logging_mixin.py:137} INFO - [2023-03-28T18:35:52.871+0000] {dagbag.py:532} INFO - Filling up the DagBag from /opt/airflow/dags/operators/population.py
[2023-03-28T18:35:53.778+0000] {processor.py:755} WARNING - No viable dags retrieved from /opt/airflow/dags/operators/population.py
[2023-03-28T18:35:53.813+0000] {processor.py:175} INFO - Processing /opt/airflow/dags/operators/population.py took 0.964 seconds
[2023-03-28T18:36:24.607+0000] {processor.py:153} INFO - Started process (PID=269) to work on /opt/airflow/dags/operators/population.py
[2023-03-28T18:36:24.610+0000] {processor.py:743} INFO - Processing file /opt/airflow/dags/operators/population.py for tasks to queue
[2023-03-28T18:36:24.623+0000] {logging_mixin.py:137} INFO - [2023-03-28T18:36:24.622+0000] {dagbag.py:532} INFO - Filling up the DagBag from /opt/airflow/dags/operators/population.py
[2023-03-28T18:36:25.505+0000] {processor.py:755} WARNING - No viable dags retrieved from /opt/airflow/dags/operators/population.py
[2023-03-28T18:36:25.544+0000] {processor.py:175} INFO - Processing /opt/airflow/dags/operators/population.py took 0.946 seconds
[2023-03-28T18:36:56.015+0000] {processor.py:153} INFO - Started process (PID=304) to work on /opt/airflow/dags/operators/population.py
[2023-03-28T18:36:56.017+0000] {processor.py:743} INFO - Processing file /opt/airflow/dags/operators/population.py for tasks to queue
[2023-03-28T18:36:56.034+0000] {logging_mixin.py:137} INFO - [2023-03-28T18:36:56.026+0000] {dagbag.py:532} INFO - Filling up the DagBag from /opt/airflow/dags/operators/population.py
[2023-03-28T18:36:57.399+0000] {processor.py:755} WARNING - No viable dags retrieved from /opt/airflow/dags/operators/population.py
[2023-03-28T18:36:57.446+0000] {processor.py:175} INFO - Processing /opt/airflow/dags/operators/population.py took 1.441 seconds
[2023-03-28T18:37:28.174+0000] {processor.py:153} INFO - Started process (PID=338) to work on /opt/airflow/dags/operators/population.py
[2023-03-28T18:37:28.197+0000] {processor.py:743} INFO - Processing file /opt/airflow/dags/operators/population.py for tasks to queue
[2023-03-28T18:37:28.212+0000] {logging_mixin.py:137} INFO - [2023-03-28T18:37:28.212+0000] {dagbag.py:532} INFO - Filling up the DagBag from /opt/airflow/dags/operators/population.py
[2023-03-28T18:37:29.509+0000] {processor.py:755} WARNING - No viable dags retrieved from /opt/airflow/dags/operators/population.py
[2023-03-28T18:37:29.585+0000] {processor.py:175} INFO - Processing /opt/airflow/dags/operators/population.py took 1.452 seconds
[2023-03-28T18:37:59.864+0000] {processor.py:153} INFO - Started process (PID=372) to work on /opt/airflow/dags/operators/population.py
[2023-03-28T18:37:59.872+0000] {processor.py:743} INFO - Processing file /opt/airflow/dags/operators/population.py for tasks to queue
[2023-03-28T18:37:59.878+0000] {logging_mixin.py:137} INFO - [2023-03-28T18:37:59.878+0000] {dagbag.py:532} INFO - Filling up the DagBag from /opt/airflow/dags/operators/population.py
[2023-03-28T18:38:02.165+0000] {processor.py:755} WARNING - No viable dags retrieved from /opt/airflow/dags/operators/population.py
[2023-03-28T18:38:02.231+0000] {processor.py:175} INFO - Processing /opt/airflow/dags/operators/population.py took 2.375 seconds
[2023-03-28T18:38:32.728+0000] {processor.py:153} INFO - Started process (PID=413) to work on /opt/airflow/dags/operators/population.py
[2023-03-28T18:38:32.742+0000] {processor.py:743} INFO - Processing file /opt/airflow/dags/operators/population.py for tasks to queue
[2023-03-28T18:38:32.746+0000] {logging_mixin.py:137} INFO - [2023-03-28T18:38:32.746+0000] {dagbag.py:532} INFO - Filling up the DagBag from /opt/airflow/dags/operators/population.py
[2023-03-28T18:38:35.270+0000] {processor.py:755} WARNING - No viable dags retrieved from /opt/airflow/dags/operators/population.py
[2023-03-28T18:38:35.654+0000] {processor.py:175} INFO - Processing /opt/airflow/dags/operators/population.py took 2.948 seconds
[2023-03-28T18:39:06.056+0000] {processor.py:153} INFO - Started process (PID=454) to work on /opt/airflow/dags/operators/population.py
[2023-03-28T18:39:06.069+0000] {processor.py:743} INFO - Processing file /opt/airflow/dags/operators/population.py for tasks to queue
[2023-03-28T18:39:06.076+0000] {logging_mixin.py:137} INFO - [2023-03-28T18:39:06.076+0000] {dagbag.py:532} INFO - Filling up the DagBag from /opt/airflow/dags/operators/population.py
[2023-03-28T18:39:07.675+0000] {processor.py:755} WARNING - No viable dags retrieved from /opt/airflow/dags/operators/population.py
[2023-03-28T18:39:07.768+0000] {processor.py:175} INFO - Processing /opt/airflow/dags/operators/population.py took 1.742 seconds
[2023-03-28T18:39:38.062+0000] {processor.py:153} INFO - Started process (PID=489) to work on /opt/airflow/dags/operators/population.py
[2023-03-28T18:39:38.064+0000] {processor.py:743} INFO - Processing file /opt/airflow/dags/operators/population.py for tasks to queue
[2023-03-28T18:39:38.066+0000] {logging_mixin.py:137} INFO - [2023-03-28T18:39:38.065+0000] {dagbag.py:532} INFO - Filling up the DagBag from /opt/airflow/dags/operators/population.py
[2023-03-28T18:39:38.827+0000] {processor.py:755} WARNING - No viable dags retrieved from /opt/airflow/dags/operators/population.py
[2023-03-28T18:39:38.856+0000] {processor.py:175} INFO - Processing /opt/airflow/dags/operators/population.py took 0.804 seconds
[2023-03-28T18:40:09.504+0000] {processor.py:153} INFO - Started process (PID=529) to work on /opt/airflow/dags/operators/population.py
[2023-03-28T18:40:09.505+0000] {processor.py:743} INFO - Processing file /opt/airflow/dags/operators/population.py for tasks to queue
[2023-03-28T18:40:09.512+0000] {logging_mixin.py:137} INFO - [2023-03-28T18:40:09.511+0000] {dagbag.py:532} INFO - Filling up the DagBag from /opt/airflow/dags/operators/population.py
[2023-03-28T18:40:10.026+0000] {processor.py:755} WARNING - No viable dags retrieved from /opt/airflow/dags/operators/population.py
[2023-03-28T18:40:10.048+0000] {processor.py:175} INFO - Processing /opt/airflow/dags/operators/population.py took 0.552 seconds
[2023-03-28T18:40:40.472+0000] {processor.py:153} INFO - Started process (PID=564) to work on /opt/airflow/dags/operators/population.py
[2023-03-28T18:40:40.477+0000] {processor.py:743} INFO - Processing file /opt/airflow/dags/operators/population.py for tasks to queue
[2023-03-28T18:40:40.493+0000] {logging_mixin.py:137} INFO - [2023-03-28T18:40:40.481+0000] {dagbag.py:532} INFO - Filling up the DagBag from /opt/airflow/dags/operators/population.py
[2023-03-28T18:40:41.217+0000] {processor.py:755} WARNING - No viable dags retrieved from /opt/airflow/dags/operators/population.py
[2023-03-28T18:40:41.242+0000] {processor.py:175} INFO - Processing /opt/airflow/dags/operators/population.py took 0.790 seconds
[2023-03-28T18:41:11.491+0000] {processor.py:153} INFO - Started process (PID=593) to work on /opt/airflow/dags/operators/population.py
[2023-03-28T18:41:11.493+0000] {processor.py:743} INFO - Processing file /opt/airflow/dags/operators/population.py for tasks to queue
[2023-03-28T18:41:11.497+0000] {logging_mixin.py:137} INFO - [2023-03-28T18:41:11.496+0000] {dagbag.py:532} INFO - Filling up the DagBag from /opt/airflow/dags/operators/population.py
[2023-03-28T18:41:12.858+0000] {processor.py:755} WARNING - No viable dags retrieved from /opt/airflow/dags/operators/population.py
[2023-03-28T18:41:12.893+0000] {processor.py:175} INFO - Processing /opt/airflow/dags/operators/population.py took 1.411 seconds
[2023-03-28T18:42:39.319+0000] {processor.py:153} INFO - Started process (PID=164) to work on /opt/airflow/dags/operators/population.py
[2023-03-28T18:42:39.323+0000] {processor.py:743} INFO - Processing file /opt/airflow/dags/operators/population.py for tasks to queue
[2023-03-28T18:42:39.332+0000] {logging_mixin.py:137} INFO - [2023-03-28T18:42:39.332+0000] {dagbag.py:532} INFO - Filling up the DagBag from /opt/airflow/dags/operators/population.py
[2023-03-28T18:42:41.410+0000] {processor.py:755} WARNING - No viable dags retrieved from /opt/airflow/dags/operators/population.py
[2023-03-28T18:42:41.446+0000] {processor.py:175} INFO - Processing /opt/airflow/dags/operators/population.py took 2.146 seconds
[2023-03-28T18:43:12.094+0000] {processor.py:153} INFO - Started process (PID=198) to work on /opt/airflow/dags/operators/population.py
[2023-03-28T18:43:12.099+0000] {processor.py:743} INFO - Processing file /opt/airflow/dags/operators/population.py for tasks to queue
[2023-03-28T18:43:12.119+0000] {logging_mixin.py:137} INFO - [2023-03-28T18:43:12.119+0000] {dagbag.py:532} INFO - Filling up the DagBag from /opt/airflow/dags/operators/population.py
[2023-03-28T18:43:14.832+0000] {processor.py:755} WARNING - No viable dags retrieved from /opt/airflow/dags/operators/population.py
[2023-03-28T18:43:14.919+0000] {processor.py:175} INFO - Processing /opt/airflow/dags/operators/population.py took 2.835 seconds
[2023-03-28T18:43:43.446+0000] {processor.py:153} INFO - Started process (PID=245) to work on /opt/airflow/dags/operators/population.py
[2023-03-28T18:43:43.451+0000] {processor.py:743} INFO - Processing file /opt/airflow/dags/operators/population.py for tasks to queue
[2023-03-28T18:43:43.455+0000] {logging_mixin.py:137} INFO - [2023-03-28T18:43:43.454+0000] {dagbag.py:532} INFO - Filling up the DagBag from /opt/airflow/dags/operators/population.py
[2023-03-28T18:43:44.340+0000] {processor.py:755} WARNING - No viable dags retrieved from /opt/airflow/dags/operators/population.py
[2023-03-28T18:43:44.373+0000] {processor.py:175} INFO - Processing /opt/airflow/dags/operators/population.py took 0.938 seconds
[2023-03-28T18:45:54.353+0000] {processor.py:153} INFO - Started process (PID=166) to work on /opt/airflow/dags/operators/population.py
[2023-03-28T18:45:54.366+0000] {processor.py:743} INFO - Processing file /opt/airflow/dags/operators/population.py for tasks to queue
[2023-03-28T18:45:54.376+0000] {logging_mixin.py:137} INFO - [2023-03-28T18:45:54.374+0000] {dagbag.py:532} INFO - Filling up the DagBag from /opt/airflow/dags/operators/population.py
[2023-03-28T18:45:55.955+0000] {processor.py:755} WARNING - No viable dags retrieved from /opt/airflow/dags/operators/population.py
[2023-03-28T18:45:55.984+0000] {processor.py:175} INFO - Processing /opt/airflow/dags/operators/population.py took 1.739 seconds
[2023-03-28T18:46:26.611+0000] {processor.py:153} INFO - Started process (PID=202) to work on /opt/airflow/dags/operators/population.py
[2023-03-28T18:46:26.612+0000] {processor.py:743} INFO - Processing file /opt/airflow/dags/operators/population.py for tasks to queue
[2023-03-28T18:46:26.644+0000] {logging_mixin.py:137} INFO - [2023-03-28T18:46:26.615+0000] {dagbag.py:532} INFO - Filling up the DagBag from /opt/airflow/dags/operators/population.py
[2023-03-28T18:46:29.762+0000] {processor.py:755} WARNING - No viable dags retrieved from /opt/airflow/dags/operators/population.py
[2023-03-28T18:46:29.810+0000] {processor.py:175} INFO - Processing /opt/airflow/dags/operators/population.py took 3.223 seconds
[2023-03-28T18:47:00.443+0000] {processor.py:153} INFO - Started process (PID=235) to work on /opt/airflow/dags/operators/population.py
[2023-03-28T18:47:00.469+0000] {processor.py:743} INFO - Processing file /opt/airflow/dags/operators/population.py for tasks to queue
[2023-03-28T18:47:00.496+0000] {logging_mixin.py:137} INFO - [2023-03-28T18:47:00.496+0000] {dagbag.py:532} INFO - Filling up the DagBag from /opt/airflow/dags/operators/population.py
[2023-03-28T18:47:02.568+0000] {processor.py:755} WARNING - No viable dags retrieved from /opt/airflow/dags/operators/population.py
[2023-03-28T18:47:02.649+0000] {processor.py:175} INFO - Processing /opt/airflow/dags/operators/population.py took 2.223 seconds
[2023-03-28T18:51:08.551+0000] {processor.py:153} INFO - Started process (PID=173) to work on /opt/airflow/dags/operators/population.py
[2023-03-28T18:51:08.558+0000] {processor.py:743} INFO - Processing file /opt/airflow/dags/operators/population.py for tasks to queue
[2023-03-28T18:51:08.572+0000] {logging_mixin.py:137} INFO - [2023-03-28T18:51:08.563+0000] {dagbag.py:532} INFO - Filling up the DagBag from /opt/airflow/dags/operators/population.py
[2023-03-28T18:51:17.433+0000] {processor.py:755} WARNING - No viable dags retrieved from /opt/airflow/dags/operators/population.py
[2023-03-28T18:51:18.011+0000] {processor.py:175} INFO - Processing /opt/airflow/dags/operators/population.py took 9.482 seconds
[2023-03-28T18:51:50.074+0000] {processor.py:153} INFO - Started process (PID=210) to work on /opt/airflow/dags/operators/population.py
[2023-03-28T18:51:50.110+0000] {processor.py:743} INFO - Processing file /opt/airflow/dags/operators/population.py for tasks to queue
[2023-03-28T18:51:50.240+0000] {logging_mixin.py:137} INFO - [2023-03-28T18:51:50.230+0000] {dagbag.py:532} INFO - Filling up the DagBag from /opt/airflow/dags/operators/population.py
[2023-03-28T18:51:59.875+0000] {processor.py:755} WARNING - No viable dags retrieved from /opt/airflow/dags/operators/population.py
[2023-03-28T18:52:00.092+0000] {processor.py:175} INFO - Processing /opt/airflow/dags/operators/population.py took 10.398 seconds
[2023-03-28T18:52:31.214+0000] {processor.py:153} INFO - Started process (PID=252) to work on /opt/airflow/dags/operators/population.py
[2023-03-28T18:52:31.223+0000] {processor.py:743} INFO - Processing file /opt/airflow/dags/operators/population.py for tasks to queue
[2023-03-28T18:52:31.230+0000] {logging_mixin.py:137} INFO - [2023-03-28T18:52:31.230+0000] {dagbag.py:532} INFO - Filling up the DagBag from /opt/airflow/dags/operators/population.py
[2023-03-28T18:52:37.193+0000] {processor.py:755} WARNING - No viable dags retrieved from /opt/airflow/dags/operators/population.py
[2023-03-28T18:52:37.273+0000] {processor.py:175} INFO - Processing /opt/airflow/dags/operators/population.py took 6.234 seconds
[2023-03-28T18:58:17.310+0000] {processor.py:153} INFO - Started process (PID=174) to work on /opt/airflow/dags/operators/population.py
[2023-03-28T18:58:17.334+0000] {processor.py:743} INFO - Processing file /opt/airflow/dags/operators/population.py for tasks to queue
[2023-03-28T18:58:17.340+0000] {logging_mixin.py:137} INFO - [2023-03-28T18:58:17.340+0000] {dagbag.py:532} INFO - Filling up the DagBag from /opt/airflow/dags/operators/population.py
[2023-03-28T18:58:22.738+0000] {processor.py:755} WARNING - No viable dags retrieved from /opt/airflow/dags/operators/population.py
[2023-03-28T18:58:24.369+0000] {processor.py:175} INFO - Processing /opt/airflow/dags/operators/population.py took 7.104 seconds
[2023-03-28T18:58:56.449+0000] {processor.py:153} INFO - Started process (PID=211) to work on /opt/airflow/dags/operators/population.py
[2023-03-28T18:58:56.480+0000] {processor.py:743} INFO - Processing file /opt/airflow/dags/operators/population.py for tasks to queue
[2023-03-28T18:58:56.738+0000] {logging_mixin.py:137} INFO - [2023-03-28T18:58:56.736+0000] {dagbag.py:532} INFO - Filling up the DagBag from /opt/airflow/dags/operators/population.py
[2023-03-28T18:59:06.530+0000] {processor.py:755} WARNING - No viable dags retrieved from /opt/airflow/dags/operators/population.py
[2023-03-28T18:59:06.699+0000] {processor.py:175} INFO - Processing /opt/airflow/dags/operators/population.py took 10.636 seconds
[2023-03-28T18:59:12.304+0000] {processor.py:153} INFO - Started process (PID=243) to work on /opt/airflow/dags/operators/population.py
[2023-03-28T18:59:12.306+0000] {processor.py:743} INFO - Processing file /opt/airflow/dags/operators/population.py for tasks to queue
[2023-03-28T18:59:12.317+0000] {logging_mixin.py:137} INFO - [2023-03-28T18:59:12.312+0000] {dagbag.py:532} INFO - Filling up the DagBag from /opt/airflow/dags/operators/population.py
[2023-03-28T18:59:13.400+0000] {processor.py:755} WARNING - No viable dags retrieved from /opt/airflow/dags/operators/population.py
[2023-03-28T18:59:13.455+0000] {processor.py:175} INFO - Processing /opt/airflow/dags/operators/population.py took 1.165 seconds
[2023-03-28T18:59:17.655+0000] {processor.py:153} INFO - Started process (PID=249) to work on /opt/airflow/dags/operators/population.py
[2023-03-28T18:59:17.657+0000] {processor.py:743} INFO - Processing file /opt/airflow/dags/operators/population.py for tasks to queue
[2023-03-28T18:59:17.662+0000] {logging_mixin.py:137} INFO - [2023-03-28T18:59:17.662+0000] {dagbag.py:532} INFO - Filling up the DagBag from /opt/airflow/dags/operators/population.py
[2023-03-28T18:59:18.394+0000] {processor.py:755} WARNING - No viable dags retrieved from /opt/airflow/dags/operators/population.py
[2023-03-28T18:59:18.427+0000] {processor.py:175} INFO - Processing /opt/airflow/dags/operators/population.py took 0.783 seconds
[2023-03-28T18:59:49.227+0000] {processor.py:153} INFO - Started process (PID=290) to work on /opt/airflow/dags/operators/population.py
[2023-03-28T18:59:49.239+0000] {processor.py:743} INFO - Processing file /opt/airflow/dags/operators/population.py for tasks to queue
[2023-03-28T18:59:49.245+0000] {logging_mixin.py:137} INFO - [2023-03-28T18:59:49.245+0000] {dagbag.py:532} INFO - Filling up the DagBag from /opt/airflow/dags/operators/population.py
[2023-03-28T18:59:50.761+0000] {processor.py:755} WARNING - No viable dags retrieved from /opt/airflow/dags/operators/population.py
[2023-03-28T18:59:50.805+0000] {processor.py:175} INFO - Processing /opt/airflow/dags/operators/population.py took 1.623 seconds
[2023-03-28T19:00:22.540+0000] {processor.py:153} INFO - Started process (PID=323) to work on /opt/airflow/dags/operators/population.py
[2023-03-28T19:00:22.768+0000] {processor.py:743} INFO - Processing file /opt/airflow/dags/operators/population.py for tasks to queue
[2023-03-28T19:00:22.917+0000] {logging_mixin.py:137} INFO - [2023-03-28T19:00:22.885+0000] {dagbag.py:532} INFO - Filling up the DagBag from /opt/airflow/dags/operators/population.py
[2023-03-28T19:00:25.870+0000] {processor.py:755} WARNING - No viable dags retrieved from /opt/airflow/dags/operators/population.py
[2023-03-28T19:00:25.902+0000] {processor.py:175} INFO - Processing /opt/airflow/dags/operators/population.py took 3.681 seconds
[2023-03-28T19:01:01.454+0000] {processor.py:153} INFO - Started process (PID=358) to work on /opt/airflow/dags/operators/population.py
[2023-03-28T19:01:01.468+0000] {processor.py:743} INFO - Processing file /opt/airflow/dags/operators/population.py for tasks to queue
[2023-03-28T19:01:01.496+0000] {logging_mixin.py:137} INFO - [2023-03-28T19:01:01.495+0000] {dagbag.py:532} INFO - Filling up the DagBag from /opt/airflow/dags/operators/population.py
[2023-03-28T19:01:04.341+0000] {processor.py:755} WARNING - No viable dags retrieved from /opt/airflow/dags/operators/population.py
[2023-03-28T19:01:04.497+0000] {processor.py:175} INFO - Processing /opt/airflow/dags/operators/population.py took 3.059 seconds
[2023-03-28T19:01:34.785+0000] {processor.py:153} INFO - Started process (PID=393) to work on /opt/airflow/dags/operators/population.py
[2023-03-28T19:01:34.787+0000] {processor.py:743} INFO - Processing file /opt/airflow/dags/operators/population.py for tasks to queue
[2023-03-28T19:01:34.799+0000] {logging_mixin.py:137} INFO - [2023-03-28T19:01:34.799+0000] {dagbag.py:532} INFO - Filling up the DagBag from /opt/airflow/dags/operators/population.py
[2023-03-28T19:01:35.932+0000] {processor.py:755} WARNING - No viable dags retrieved from /opt/airflow/dags/operators/population.py
[2023-03-28T19:01:35.952+0000] {processor.py:175} INFO - Processing /opt/airflow/dags/operators/population.py took 1.179 seconds
[2023-03-28T19:02:06.798+0000] {processor.py:153} INFO - Started process (PID=430) to work on /opt/airflow/dags/operators/population.py
[2023-03-28T19:02:06.801+0000] {processor.py:743} INFO - Processing file /opt/airflow/dags/operators/population.py for tasks to queue
[2023-03-28T19:02:06.809+0000] {logging_mixin.py:137} INFO - [2023-03-28T19:02:06.805+0000] {dagbag.py:532} INFO - Filling up the DagBag from /opt/airflow/dags/operators/population.py
[2023-03-28T19:02:11.717+0000] {processor.py:755} WARNING - No viable dags retrieved from /opt/airflow/dags/operators/population.py
[2023-03-28T19:02:11.808+0000] {processor.py:175} INFO - Processing /opt/airflow/dags/operators/population.py took 5.329 seconds
[2023-03-28T19:02:43.204+0000] {processor.py:153} INFO - Started process (PID=468) to work on /opt/airflow/dags/operators/population.py
[2023-03-28T19:02:43.208+0000] {processor.py:743} INFO - Processing file /opt/airflow/dags/operators/population.py for tasks to queue
[2023-03-28T19:02:43.295+0000] {logging_mixin.py:137} INFO - [2023-03-28T19:02:43.212+0000] {dagbag.py:532} INFO - Filling up the DagBag from /opt/airflow/dags/operators/population.py
[2023-03-28T19:03:01.415+0000] {processor.py:755} WARNING - No viable dags retrieved from /opt/airflow/dags/operators/population.py
[2023-03-28T19:03:01.805+0000] {processor.py:175} INFO - Processing /opt/airflow/dags/operators/population.py took 18.785 seconds
[2023-03-28T19:03:33.152+0000] {processor.py:153} INFO - Started process (PID=510) to work on /opt/airflow/dags/operators/population.py
[2023-03-28T19:03:33.171+0000] {processor.py:743} INFO - Processing file /opt/airflow/dags/operators/population.py for tasks to queue
[2023-03-28T19:03:33.221+0000] {logging_mixin.py:137} INFO - [2023-03-28T19:03:33.210+0000] {dagbag.py:532} INFO - Filling up the DagBag from /opt/airflow/dags/operators/population.py
[2023-03-28T19:03:38.066+0000] {processor.py:755} WARNING - No viable dags retrieved from /opt/airflow/dags/operators/population.py
[2023-03-28T19:03:38.197+0000] {processor.py:175} INFO - Processing /opt/airflow/dags/operators/population.py took 5.090 seconds
[2023-03-28T19:04:09.955+0000] {processor.py:153} INFO - Started process (PID=545) to work on /opt/airflow/dags/operators/population.py
[2023-03-28T19:04:09.997+0000] {processor.py:743} INFO - Processing file /opt/airflow/dags/operators/population.py for tasks to queue
[2023-03-28T19:04:10.005+0000] {logging_mixin.py:137} INFO - [2023-03-28T19:04:10.005+0000] {dagbag.py:532} INFO - Filling up the DagBag from /opt/airflow/dags/operators/population.py
[2023-03-28T19:04:14.873+0000] {processor.py:755} WARNING - No viable dags retrieved from /opt/airflow/dags/operators/population.py
[2023-03-28T19:04:14.997+0000] {processor.py:175} INFO - Processing /opt/airflow/dags/operators/population.py took 5.375 seconds
[2023-03-28T19:04:48.534+0000] {processor.py:153} INFO - Started process (PID=590) to work on /opt/airflow/dags/operators/population.py
[2023-03-28T19:04:48.540+0000] {processor.py:743} INFO - Processing file /opt/airflow/dags/operators/population.py for tasks to queue
[2023-03-28T19:04:48.549+0000] {logging_mixin.py:137} INFO - [2023-03-28T19:04:48.548+0000] {dagbag.py:532} INFO - Filling up the DagBag from /opt/airflow/dags/operators/population.py
[2023-03-28T19:04:51.692+0000] {processor.py:755} WARNING - No viable dags retrieved from /opt/airflow/dags/operators/population.py
[2023-03-28T19:04:51.851+0000] {processor.py:175} INFO - Processing /opt/airflow/dags/operators/population.py took 3.331 seconds
[2023-03-28T19:05:23.214+0000] {processor.py:153} INFO - Started process (PID=631) to work on /opt/airflow/dags/operators/population.py
[2023-03-28T19:05:23.247+0000] {processor.py:743} INFO - Processing file /opt/airflow/dags/operators/population.py for tasks to queue
[2023-03-28T19:05:23.267+0000] {logging_mixin.py:137} INFO - [2023-03-28T19:05:23.264+0000] {dagbag.py:532} INFO - Filling up the DagBag from /opt/airflow/dags/operators/population.py
[2023-03-28T19:05:27.186+0000] {processor.py:755} WARNING - No viable dags retrieved from /opt/airflow/dags/operators/population.py
[2023-03-28T19:05:27.224+0000] {processor.py:175} INFO - Processing /opt/airflow/dags/operators/population.py took 4.050 seconds
[2023-03-28T19:05:57.598+0000] {processor.py:153} INFO - Started process (PID=663) to work on /opt/airflow/dags/operators/population.py
[2023-03-28T19:05:57.600+0000] {processor.py:743} INFO - Processing file /opt/airflow/dags/operators/population.py for tasks to queue
[2023-03-28T19:05:57.610+0000] {logging_mixin.py:137} INFO - [2023-03-28T19:05:57.609+0000] {dagbag.py:532} INFO - Filling up the DagBag from /opt/airflow/dags/operators/population.py
[2023-03-28T19:05:58.425+0000] {processor.py:755} WARNING - No viable dags retrieved from /opt/airflow/dags/operators/population.py
[2023-03-28T19:05:58.450+0000] {processor.py:175} INFO - Processing /opt/airflow/dags/operators/population.py took 0.861 seconds
[2023-03-28T19:06:28.711+0000] {processor.py:153} INFO - Started process (PID=698) to work on /opt/airflow/dags/operators/population.py
[2023-03-28T19:06:28.713+0000] {processor.py:743} INFO - Processing file /opt/airflow/dags/operators/population.py for tasks to queue
[2023-03-28T19:06:28.720+0000] {logging_mixin.py:137} INFO - [2023-03-28T19:06:28.720+0000] {dagbag.py:532} INFO - Filling up the DagBag from /opt/airflow/dags/operators/population.py
[2023-03-28T19:06:29.922+0000] {processor.py:755} WARNING - No viable dags retrieved from /opt/airflow/dags/operators/population.py
[2023-03-28T19:06:29.948+0000] {processor.py:175} INFO - Processing /opt/airflow/dags/operators/population.py took 1.249 seconds
[2023-03-28T19:07:00.216+0000] {processor.py:153} INFO - Started process (PID=731) to work on /opt/airflow/dags/operators/population.py
[2023-03-28T19:07:00.231+0000] {processor.py:743} INFO - Processing file /opt/airflow/dags/operators/population.py for tasks to queue
[2023-03-28T19:07:00.243+0000] {logging_mixin.py:137} INFO - [2023-03-28T19:07:00.242+0000] {dagbag.py:532} INFO - Filling up the DagBag from /opt/airflow/dags/operators/population.py
[2023-03-28T19:07:01.972+0000] {processor.py:755} WARNING - No viable dags retrieved from /opt/airflow/dags/operators/population.py
[2023-03-28T19:07:02.027+0000] {processor.py:175} INFO - Processing /opt/airflow/dags/operators/population.py took 1.837 seconds
[2023-03-28T19:07:32.572+0000] {processor.py:153} INFO - Started process (PID=767) to work on /opt/airflow/dags/operators/population.py
[2023-03-28T19:07:32.582+0000] {processor.py:743} INFO - Processing file /opt/airflow/dags/operators/population.py for tasks to queue
[2023-03-28T19:07:32.604+0000] {logging_mixin.py:137} INFO - [2023-03-28T19:07:32.604+0000] {dagbag.py:532} INFO - Filling up the DagBag from /opt/airflow/dags/operators/population.py
[2023-03-28T19:07:34.694+0000] {processor.py:755} WARNING - No viable dags retrieved from /opt/airflow/dags/operators/population.py
[2023-03-28T19:07:34.753+0000] {processor.py:175} INFO - Processing /opt/airflow/dags/operators/population.py took 2.192 seconds
[2023-03-28T19:08:05.097+0000] {processor.py:153} INFO - Started process (PID=802) to work on /opt/airflow/dags/operators/population.py
[2023-03-28T19:08:05.111+0000] {processor.py:743} INFO - Processing file /opt/airflow/dags/operators/population.py for tasks to queue
[2023-03-28T19:08:05.120+0000] {logging_mixin.py:137} INFO - [2023-03-28T19:08:05.116+0000] {dagbag.py:532} INFO - Filling up the DagBag from /opt/airflow/dags/operators/population.py
[2023-03-28T19:08:09.477+0000] {processor.py:755} WARNING - No viable dags retrieved from /opt/airflow/dags/operators/population.py
[2023-03-28T19:08:09.628+0000] {processor.py:175} INFO - Processing /opt/airflow/dags/operators/population.py took 4.620 seconds
[2023-03-28T19:08:22.355+0000] {processor.py:153} INFO - Started process (PID=826) to work on /opt/airflow/dags/operators/population.py
[2023-03-28T19:08:22.379+0000] {processor.py:743} INFO - Processing file /opt/airflow/dags/operators/population.py for tasks to queue
[2023-03-28T19:08:22.388+0000] {logging_mixin.py:137} INFO - [2023-03-28T19:08:22.387+0000] {dagbag.py:532} INFO - Filling up the DagBag from /opt/airflow/dags/operators/population.py
[2023-03-28T19:08:24.198+0000] {processor.py:755} WARNING - No viable dags retrieved from /opt/airflow/dags/operators/population.py
[2023-03-28T19:08:24.434+0000] {processor.py:175} INFO - Processing /opt/airflow/dags/operators/population.py took 2.095 seconds
[2023-03-28T19:08:47.679+0000] {processor.py:153} INFO - Started process (PID=865) to work on /opt/airflow/dags/operators/population.py
[2023-03-28T19:08:47.686+0000] {processor.py:743} INFO - Processing file /opt/airflow/dags/operators/population.py for tasks to queue
[2023-03-28T19:08:47.691+0000] {logging_mixin.py:137} INFO - [2023-03-28T19:08:47.690+0000] {dagbag.py:532} INFO - Filling up the DagBag from /opt/airflow/dags/operators/population.py
[2023-03-28T19:08:51.060+0000] {processor.py:755} WARNING - No viable dags retrieved from /opt/airflow/dags/operators/population.py
[2023-03-28T19:08:51.086+0000] {processor.py:175} INFO - Processing /opt/airflow/dags/operators/population.py took 3.448 seconds
[2023-03-28T19:12:50.684+0000] {processor.py:153} INFO - Started process (PID=174) to work on /opt/airflow/dags/operators/population.py
[2023-03-28T19:12:50.710+0000] {processor.py:743} INFO - Processing file /opt/airflow/dags/operators/population.py for tasks to queue
[2023-03-28T19:12:50.722+0000] {logging_mixin.py:137} INFO - [2023-03-28T19:12:50.714+0000] {dagbag.py:532} INFO - Filling up the DagBag from /opt/airflow/dags/operators/population.py
[2023-03-28T19:12:57.697+0000] {processor.py:755} WARNING - No viable dags retrieved from /opt/airflow/dags/operators/population.py
[2023-03-28T19:12:57.777+0000] {processor.py:175} INFO - Processing /opt/airflow/dags/operators/population.py took 7.168 seconds
[2023-03-28T19:13:28.283+0000] {processor.py:153} INFO - Started process (PID=213) to work on /opt/airflow/dags/operators/population.py
[2023-03-28T19:13:28.293+0000] {processor.py:743} INFO - Processing file /opt/airflow/dags/operators/population.py for tasks to queue
[2023-03-28T19:13:28.345+0000] {logging_mixin.py:137} INFO - [2023-03-28T19:13:28.345+0000] {dagbag.py:532} INFO - Filling up the DagBag from /opt/airflow/dags/operators/population.py
[2023-03-28T19:13:33.999+0000] {processor.py:755} WARNING - No viable dags retrieved from /opt/airflow/dags/operators/population.py
[2023-03-28T19:13:34.089+0000] {processor.py:175} INFO - Processing /opt/airflow/dags/operators/population.py took 5.826 seconds
[2023-03-28T19:14:04.792+0000] {processor.py:153} INFO - Started process (PID=255) to work on /opt/airflow/dags/operators/population.py
[2023-03-28T19:14:04.815+0000] {processor.py:743} INFO - Processing file /opt/airflow/dags/operators/population.py for tasks to queue
[2023-03-28T19:14:04.820+0000] {logging_mixin.py:137} INFO - [2023-03-28T19:14:04.820+0000] {dagbag.py:532} INFO - Filling up the DagBag from /opt/airflow/dags/operators/population.py
[2023-03-28T19:14:07.121+0000] {processor.py:755} WARNING - No viable dags retrieved from /opt/airflow/dags/operators/population.py
[2023-03-28T19:14:07.285+0000] {processor.py:175} INFO - Processing /opt/airflow/dags/operators/population.py took 2.503 seconds
[2023-03-28T19:14:38.254+0000] {processor.py:153} INFO - Started process (PID=293) to work on /opt/airflow/dags/operators/population.py
[2023-03-28T19:14:38.271+0000] {processor.py:743} INFO - Processing file /opt/airflow/dags/operators/population.py for tasks to queue
[2023-03-28T19:14:38.304+0000] {logging_mixin.py:137} INFO - [2023-03-28T19:14:38.298+0000] {dagbag.py:532} INFO - Filling up the DagBag from /opt/airflow/dags/operators/population.py
[2023-03-28T19:14:45.006+0000] {processor.py:755} WARNING - No viable dags retrieved from /opt/airflow/dags/operators/population.py
[2023-03-28T19:14:45.183+0000] {processor.py:175} INFO - Processing /opt/airflow/dags/operators/population.py took 7.027 seconds
[2023-03-28T19:15:16.452+0000] {processor.py:153} INFO - Started process (PID=329) to work on /opt/airflow/dags/operators/population.py
[2023-03-28T19:15:16.564+0000] {processor.py:743} INFO - Processing file /opt/airflow/dags/operators/population.py for tasks to queue
[2023-03-28T19:15:16.816+0000] {logging_mixin.py:137} INFO - [2023-03-28T19:15:16.816+0000] {dagbag.py:532} INFO - Filling up the DagBag from /opt/airflow/dags/operators/population.py
[2023-03-28T19:15:23.119+0000] {processor.py:755} WARNING - No viable dags retrieved from /opt/airflow/dags/operators/population.py
[2023-03-28T19:15:23.249+0000] {processor.py:175} INFO - Processing /opt/airflow/dags/operators/population.py took 6.934 seconds
[2023-03-28T19:15:53.840+0000] {processor.py:153} INFO - Started process (PID=361) to work on /opt/airflow/dags/operators/population.py
[2023-03-28T19:15:53.887+0000] {processor.py:743} INFO - Processing file /opt/airflow/dags/operators/population.py for tasks to queue
[2023-03-28T19:15:53.920+0000] {logging_mixin.py:137} INFO - [2023-03-28T19:15:53.920+0000] {dagbag.py:532} INFO - Filling up the DagBag from /opt/airflow/dags/operators/population.py
[2023-03-28T19:16:00.449+0000] {processor.py:755} WARNING - No viable dags retrieved from /opt/airflow/dags/operators/population.py
[2023-03-28T19:16:00.520+0000] {processor.py:175} INFO - Processing /opt/airflow/dags/operators/population.py took 6.716 seconds
[2023-03-28T19:16:31.495+0000] {processor.py:153} INFO - Started process (PID=408) to work on /opt/airflow/dags/operators/population.py
[2023-03-28T19:16:31.504+0000] {processor.py:743} INFO - Processing file /opt/airflow/dags/operators/population.py for tasks to queue
[2023-03-28T19:16:31.509+0000] {logging_mixin.py:137} INFO - [2023-03-28T19:16:31.509+0000] {dagbag.py:532} INFO - Filling up the DagBag from /opt/airflow/dags/operators/population.py
[2023-03-28T19:16:34.943+0000] {processor.py:755} WARNING - No viable dags retrieved from /opt/airflow/dags/operators/population.py
[2023-03-28T19:16:35.046+0000] {processor.py:175} INFO - Processing /opt/airflow/dags/operators/population.py took 3.560 seconds
[2023-03-28T19:20:25.342+0000] {processor.py:153} INFO - Started process (PID=173) to work on /opt/airflow/dags/operators/population.py
[2023-03-28T19:20:25.348+0000] {processor.py:743} INFO - Processing file /opt/airflow/dags/operators/population.py for tasks to queue
[2023-03-28T19:20:25.361+0000] {logging_mixin.py:137} INFO - [2023-03-28T19:20:25.359+0000] {dagbag.py:532} INFO - Filling up the DagBag from /opt/airflow/dags/operators/population.py
[2023-03-28T19:20:35.086+0000] {processor.py:755} WARNING - No viable dags retrieved from /opt/airflow/dags/operators/population.py
[2023-03-28T19:20:35.697+0000] {processor.py:175} INFO - Processing /opt/airflow/dags/operators/population.py took 10.444 seconds
[2023-03-28T19:21:19.222+0000] {processor.py:153} INFO - Started process (PID=220) to work on /opt/airflow/dags/operators/population.py
[2023-03-28T19:21:19.282+0000] {processor.py:743} INFO - Processing file /opt/airflow/dags/operators/population.py for tasks to queue
[2023-03-28T19:21:19.300+0000] {logging_mixin.py:137} INFO - [2023-03-28T19:21:19.300+0000] {dagbag.py:532} INFO - Filling up the DagBag from /opt/airflow/dags/operators/population.py
[2023-03-28T19:21:30.728+0000] {processor.py:755} WARNING - No viable dags retrieved from /opt/airflow/dags/operators/population.py
[2023-03-28T19:21:30.900+0000] {processor.py:175} INFO - Processing /opt/airflow/dags/operators/population.py took 11.697 seconds
[2023-03-28T19:23:10.402+0000] {processor.py:153} INFO - Started process (PID=174) to work on /opt/airflow/dags/operators/population.py
[2023-03-28T19:23:10.465+0000] {processor.py:743} INFO - Processing file /opt/airflow/dags/operators/population.py for tasks to queue
[2023-03-28T19:23:10.509+0000] {logging_mixin.py:137} INFO - [2023-03-28T19:23:10.508+0000] {dagbag.py:532} INFO - Filling up the DagBag from /opt/airflow/dags/operators/population.py
[2023-03-28T19:23:20.584+0000] {processor.py:755} WARNING - No viable dags retrieved from /opt/airflow/dags/operators/population.py
[2023-03-28T19:23:21.231+0000] {processor.py:175} INFO - Processing /opt/airflow/dags/operators/population.py took 10.925 seconds
[2023-03-28T19:23:52.965+0000] {processor.py:153} INFO - Started process (PID=215) to work on /opt/airflow/dags/operators/population.py
[2023-03-28T19:23:53.040+0000] {processor.py:743} INFO - Processing file /opt/airflow/dags/operators/population.py for tasks to queue
[2023-03-28T19:23:53.097+0000] {logging_mixin.py:137} INFO - [2023-03-28T19:23:53.097+0000] {dagbag.py:532} INFO - Filling up the DagBag from /opt/airflow/dags/operators/population.py
[2023-03-28T19:23:56.410+0000] {processor.py:755} WARNING - No viable dags retrieved from /opt/airflow/dags/operators/population.py
[2023-03-28T19:23:56.572+0000] {processor.py:175} INFO - Processing /opt/airflow/dags/operators/population.py took 3.687 seconds
[2023-03-28T19:24:27.198+0000] {processor.py:153} INFO - Started process (PID=249) to work on /opt/airflow/dags/operators/population.py
[2023-03-28T19:24:27.210+0000] {processor.py:743} INFO - Processing file /opt/airflow/dags/operators/population.py for tasks to queue
[2023-03-28T19:24:27.231+0000] {logging_mixin.py:137} INFO - [2023-03-28T19:24:27.223+0000] {dagbag.py:532} INFO - Filling up the DagBag from /opt/airflow/dags/operators/population.py
[2023-03-28T19:24:34.498+0000] {processor.py:755} WARNING - No viable dags retrieved from /opt/airflow/dags/operators/population.py
[2023-03-28T19:24:34.772+0000] {processor.py:175} INFO - Processing /opt/airflow/dags/operators/population.py took 7.655 seconds
[2023-03-28T19:25:05.560+0000] {processor.py:153} INFO - Started process (PID=286) to work on /opt/airflow/dags/operators/population.py
[2023-03-28T19:25:05.579+0000] {processor.py:743} INFO - Processing file /opt/airflow/dags/operators/population.py for tasks to queue
[2023-03-28T19:25:05.593+0000] {logging_mixin.py:137} INFO - [2023-03-28T19:25:05.593+0000] {dagbag.py:532} INFO - Filling up the DagBag from /opt/airflow/dags/operators/population.py
[2023-03-28T19:25:08.049+0000] {processor.py:755} WARNING - No viable dags retrieved from /opt/airflow/dags/operators/population.py
[2023-03-28T19:25:08.209+0000] {processor.py:175} INFO - Processing /opt/airflow/dags/operators/population.py took 2.718 seconds
[2023-03-28T19:25:21.814+0000] {processor.py:153} INFO - Started process (PID=318) to work on /opt/airflow/dags/operators/population.py
[2023-03-28T19:25:21.828+0000] {processor.py:743} INFO - Processing file /opt/airflow/dags/operators/population.py for tasks to queue
[2023-03-28T19:25:21.837+0000] {logging_mixin.py:137} INFO - [2023-03-28T19:25:21.837+0000] {dagbag.py:532} INFO - Filling up the DagBag from /opt/airflow/dags/operators/population.py
[2023-03-28T19:25:24.541+0000] {processor.py:755} WARNING - No viable dags retrieved from /opt/airflow/dags/operators/population.py
[2023-03-28T19:25:24.671+0000] {processor.py:175} INFO - Processing /opt/airflow/dags/operators/population.py took 2.874 seconds
[2023-03-28T19:25:54.861+0000] {processor.py:153} INFO - Started process (PID=353) to work on /opt/airflow/dags/operators/population.py
[2023-03-28T19:25:54.877+0000] {processor.py:743} INFO - Processing file /opt/airflow/dags/operators/population.py for tasks to queue
[2023-03-28T19:25:54.889+0000] {logging_mixin.py:137} INFO - [2023-03-28T19:25:54.889+0000] {dagbag.py:532} INFO - Filling up the DagBag from /opt/airflow/dags/operators/population.py
[2023-03-28T19:25:56.075+0000] {processor.py:755} WARNING - No viable dags retrieved from /opt/airflow/dags/operators/population.py
[2023-03-28T19:25:56.114+0000] {processor.py:175} INFO - Processing /opt/airflow/dags/operators/population.py took 1.263 seconds
